{"C:\\Users\\sk780\\OneDrive\\डेस्कटॉप\\pradhikaran-Portal2\\backend\\controllers\\activityLogController.js": {"path":"C:\\Users\\sk780\\OneDrive\\डेस्कटॉप\\pradhikaran-Portal2\\backend\\controllers\\activityLogController.js","statementMap":{"0":{"start":{"line":1,"column":20},"end":{"line":1,"column":52}},"1":{"start":{"line":2,"column":53},"end":{"line":2,"column":83}},"2":{"start":{"line":4,"column":13},"end":{"line":26,"column":1}},"3":{"start":{"line":5,"column":2},"end":{"line":25,"column":3}},"4":{"start":{"line":6,"column":17},"end":{"line":6,"column":59}},"5":{"start":{"line":7,"column":18},"end":{"line":7,"column":77}},"6":{"start":{"line":8,"column":17},"end":{"line":8,"column":35}},"7":{"start":{"line":9,"column":18},"end":{"line":9,"column":20}},"8":{"start":{"line":10,"column":4},"end":{"line":10,"column":56}},"9":{"start":{"line":10,"column":26},"end":{"line":10,"column":56}},"10":{"start":{"line":11,"column":4},"end":{"line":11,"column":58}},"11":{"start":{"line":11,"column":26},"end":{"line":11,"column":58}},"12":{"start":{"line":12,"column":4},"end":{"line":12,"column":70}},"13":{"start":{"line":12,"column":30},"end":{"line":12,"column":70}},"14":{"start":{"line":14,"column":26},"end":{"line":17,"column":6}},"15":{"start":{"line":19,"column":4},"end":{"line":22,"column":7}},"16":{"start":{"line":24,"column":4},"end":{"line":24,"column":14}},"17":{"start":{"line":29,"column":16},"end":{"line":29,"column":38}},"18":{"start":{"line":31,"column":18},"end":{"line":31,"column":87}},"19":{"start":{"line":32,"column":2},"end":{"line":40,"column":3}},"20":{"start":{"line":33,"column":15},"end":{"line":33,"column":52}},"21":{"start":{"line":34,"column":4},"end":{"line":39,"column":6}},"22":{"start":{"line":42,"column":2},"end":{"line":45,"column":3}},"23":{"start":{"line":43,"column":20},"end":{"line":43,"column":84}},"24":{"start":{"line":43,"column":59},"end":{"line":43,"column":67}},"25":{"start":{"line":44,"column":4},"end":{"line":44,"column":92}},"26":{"start":{"line":44,"column":24},"end":{"line":44,"column":92}},"27":{"start":{"line":46,"column":2},"end":{"line":53,"column":3}},"28":{"start":{"line":47,"column":4},"end":{"line":52,"column":5}},"29":{"start":{"line":48,"column":6},"end":{"line":48,"column":36}},"30":{"start":{"line":49,"column":6},"end":{"line":49,"column":102}},"31":{"start":{"line":51,"column":6},"end":{"line":51,"column":38}},"32":{"start":{"line":54,"column":2},"end":{"line":54,"column":68}},"33":{"start":{"line":54,"column":28},"end":{"line":54,"column":68}},"34":{"start":{"line":56,"column":19},"end":{"line":56,"column":75}},"35":{"start":{"line":57,"column":17},"end":{"line":57,"column":69}},"36":{"start":{"line":58,"column":2},"end":{"line":62,"column":3}},"37":{"start":{"line":59,"column":4},"end":{"line":59,"column":25}},"38":{"start":{"line":60,"column":4},"end":{"line":60,"column":80}},"39":{"start":{"line":60,"column":48},"end":{"line":60,"column":80}},"40":{"start":{"line":61,"column":4},"end":{"line":61,"column":74}},"41":{"start":{"line":61,"column":44},"end":{"line":61,"column":74}},"42":{"start":{"line":64,"column":2},"end":{"line":64,"column":15}},"43":{"start":{"line":68,"column":2},"end":{"line":68,"column":52}},"44":{"start":{"line":71,"column":17},"end":{"line":95,"column":1}},"45":{"start":{"line":72,"column":2},"end":{"line":94,"column":3}},"46":{"start":{"line":73,"column":17},"end":{"line":73,"column":59}},"47":{"start":{"line":74,"column":18},"end":{"line":74,"column":77}},"48":{"start":{"line":75,"column":17},"end":{"line":75,"column":35}},"49":{"start":{"line":76,"column":18},"end":{"line":76,"column":37}},"50":{"start":{"line":78,"column":26},"end":{"line":86,"column":6}},"51":{"start":{"line":88,"column":4},"end":{"line":91,"column":7}},"52":{"start":{"line":93,"column":4},"end":{"line":93,"column":14}},"53":{"start":{"line":97,"column":19},"end":{"line":97,"column":23}},"54":{"start":{"line":99,"column":19},"end":{"line":137,"column":1}},"55":{"start":{"line":100,"column":2},"end":{"line":136,"column":3}},"56":{"start":{"line":101,"column":18},"end":{"line":101,"column":37}},"57":{"start":{"line":102,"column":19},"end":{"line":102,"column":61}},"58":{"start":{"line":103,"column":17},"end":{"line":107,"column":13}},"59":{"start":{"line":109,"column":4},"end":{"line":128,"column":5}},"60":{"start":{"line":110,"column":21},"end":{"line":110,"column":82}},"61":{"start":{"line":111,"column":19},"end":{"line":123,"column":8}},"62":{"start":{"line":112,"column":21},"end":{"line":112,"column":109}},"63":{"start":{"line":113,"column":24},"end":{"line":113,"column":61}},"64":{"start":{"line":114,"column":8},"end":{"line":122,"column":20}},"65":{"start":{"line":124,"column":18},"end":{"line":124,"column":48}},"66":{"start":{"line":125,"column":6},"end":{"line":125,"column":63}},"67":{"start":{"line":126,"column":6},"end":{"line":126,"column":95}},"68":{"start":{"line":127,"column":6},"end":{"line":127,"column":38}},"69":{"start":{"line":130,"column":4},"end":{"line":133,"column":7}},"70":{"start":{"line":135,"column":4},"end":{"line":135,"column":14}},"71":{"start":{"line":139,"column":0},"end":{"line":139,"column":48}}},"fnMap":{"0":{"name":"(anonymous_0)","decl":{"start":{"line":4,"column":13},"end":{"line":4,"column":14}},"loc":{"start":{"line":4,"column":39},"end":{"line":26,"column":1}},"line":4},"1":{"name":"buildMineQuery","decl":{"start":{"line":28,"column":9},"end":{"line":28,"column":23}},"loc":{"start":{"line":28,"column":29},"end":{"line":65,"column":1}},"line":28},"2":{"name":"(anonymous_2)","decl":{"start":{"line":43,"column":52},"end":{"line":43,"column":53}},"loc":{"start":{"line":43,"column":59},"end":{"line":43,"column":67}},"line":43},"3":{"name":"escapeRegex","decl":{"start":{"line":67,"column":9},"end":{"line":67,"column":20}},"loc":{"start":{"line":67,"column":26},"end":{"line":69,"column":1}},"line":67},"4":{"name":"(anonymous_4)","decl":{"start":{"line":71,"column":17},"end":{"line":71,"column":18}},"loc":{"start":{"line":71,"column":43},"end":{"line":95,"column":1}},"line":71},"5":{"name":"(anonymous_5)","decl":{"start":{"line":99,"column":19},"end":{"line":99,"column":20}},"loc":{"start":{"line":99,"column":45},"end":{"line":137,"column":1}},"line":99},"6":{"name":"(anonymous_6)","decl":{"start":{"line":111,"column":28},"end":{"line":111,"column":29}},"loc":{"start":{"line":111,"column":37},"end":{"line":123,"column":7}},"line":111}},"branchMap":{"0":{"loc":{"start":{"line":6,"column":29},"end":{"line":6,"column":58}},"type":"binary-expr","locations":[{"start":{"line":6,"column":29},"end":{"line":6,"column":53}},{"start":{"line":6,"column":57},"end":{"line":6,"column":58}}],"line":6},"1":{"loc":{"start":{"line":7,"column":44},"end":{"line":7,"column":75}},"type":"binary-expr","locations":[{"start":{"line":7,"column":44},"end":{"line":7,"column":69}},{"start":{"line":7,"column":73},"end":{"line":7,"column":75}}],"line":7},"2":{"loc":{"start":{"line":10,"column":4},"end":{"line":10,"column":56}},"type":"if","locations":[{"start":{"line":10,"column":4},"end":{"line":10,"column":56}},{"start":{},"end":{}}],"line":10},"3":{"loc":{"start":{"line":11,"column":4},"end":{"line":11,"column":58}},"type":"if","locations":[{"start":{"line":11,"column":4},"end":{"line":11,"column":58}},{"start":{},"end":{}}],"line":11},"4":{"loc":{"start":{"line":12,"column":4},"end":{"line":12,"column":70}},"type":"if","locations":[{"start":{"line":12,"column":4},"end":{"line":12,"column":70}},{"start":{},"end":{}}],"line":12},"5":{"loc":{"start":{"line":31,"column":18},"end":{"line":31,"column":87}},"type":"cond-expr","locations":[{"start":{"line":31,"column":58},"end":{"line":31,"column":82}},{"start":{"line":31,"column":85},"end":{"line":31,"column":87}}],"line":31},"6":{"loc":{"start":{"line":32,"column":2},"end":{"line":40,"column":3}},"type":"if","locations":[{"start":{"line":32,"column":2},"end":{"line":40,"column":3}},{"start":{},"end":{}}],"line":32},"7":{"loc":{"start":{"line":42,"column":2},"end":{"line":45,"column":3}},"type":"if","locations":[{"start":{"line":42,"column":2},"end":{"line":45,"column":3}},{"start":{},"end":{}}],"line":42},"8":{"loc":{"start":{"line":44,"column":4},"end":{"line":44,"column":92}},"type":"if","locations":[{"start":{"line":44,"column":4},"end":{"line":44,"column":92}},{"start":{},"end":{}}],"line":44},"9":{"loc":{"start":{"line":44,"column":39},"end":{"line":44,"column":91}},"type":"cond-expr","locations":[{"start":{"line":44,"column":62},"end":{"line":44,"column":72}},{"start":{"line":44,"column":75},"end":{"line":44,"column":91}}],"line":44},"10":{"loc":{"start":{"line":46,"column":2},"end":{"line":53,"column":3}},"type":"if","locations":[{"start":{"line":46,"column":2},"end":{"line":53,"column":3}},{"start":{},"end":{}}],"line":46},"11":{"loc":{"start":{"line":47,"column":4},"end":{"line":52,"column":5}},"type":"if","locations":[{"start":{"line":47,"column":4},"end":{"line":52,"column":5}},{"start":{"line":50,"column":11},"end":{"line":52,"column":5}}],"line":47},"12":{"loc":{"start":{"line":48,"column":19},"end":{"line":48,"column":35}},"type":"binary-expr","locations":[{"start":{"line":48,"column":19},"end":{"line":48,"column":29}},{"start":{"line":48,"column":33},"end":{"line":48,"column":35}}],"line":48},"13":{"loc":{"start":{"line":54,"column":2},"end":{"line":54,"column":68}},"type":"if","locations":[{"start":{"line":54,"column":2},"end":{"line":54,"column":68}},{"start":{},"end":{}}],"line":54},"14":{"loc":{"start":{"line":56,"column":19},"end":{"line":56,"column":75}},"type":"cond-expr","locations":[{"start":{"line":56,"column":40},"end":{"line":56,"column":68}},{"start":{"line":56,"column":71},"end":{"line":56,"column":75}}],"line":56},"15":{"loc":{"start":{"line":57,"column":17},"end":{"line":57,"column":69}},"type":"cond-expr","locations":[{"start":{"line":57,"column":36},"end":{"line":57,"column":62}},{"start":{"line":57,"column":65},"end":{"line":57,"column":69}}],"line":57},"16":{"loc":{"start":{"line":58,"column":2},"end":{"line":62,"column":3}},"type":"if","locations":[{"start":{"line":58,"column":2},"end":{"line":62,"column":3}},{"start":{},"end":{}}],"line":58},"17":{"loc":{"start":{"line":58,"column":6},"end":{"line":58,"column":86}},"type":"binary-expr","locations":[{"start":{"line":58,"column":7},"end":{"line":58,"column":15}},{"start":{"line":58,"column":19},"end":{"line":58,"column":45}},{"start":{"line":58,"column":51},"end":{"line":58,"column":57}},{"start":{"line":58,"column":61},"end":{"line":58,"column":85}}],"line":58},"18":{"loc":{"start":{"line":60,"column":4},"end":{"line":60,"column":80}},"type":"if","locations":[{"start":{"line":60,"column":4},"end":{"line":60,"column":80}},{"start":{},"end":{}}],"line":60},"19":{"loc":{"start":{"line":60,"column":8},"end":{"line":60,"column":46}},"type":"binary-expr","locations":[{"start":{"line":60,"column":8},"end":{"line":60,"column":16}},{"start":{"line":60,"column":20},"end":{"line":60,"column":46}}],"line":60},"20":{"loc":{"start":{"line":61,"column":4},"end":{"line":61,"column":74}},"type":"if","locations":[{"start":{"line":61,"column":4},"end":{"line":61,"column":74}},{"start":{},"end":{}}],"line":61},"21":{"loc":{"start":{"line":61,"column":8},"end":{"line":61,"column":42}},"type":"binary-expr","locations":[{"start":{"line":61,"column":8},"end":{"line":61,"column":14}},{"start":{"line":61,"column":18},"end":{"line":61,"column":42}}],"line":61},"22":{"loc":{"start":{"line":73,"column":29},"end":{"line":73,"column":58}},"type":"binary-expr","locations":[{"start":{"line":73,"column":29},"end":{"line":73,"column":53}},{"start":{"line":73,"column":57},"end":{"line":73,"column":58}}],"line":73},"23":{"loc":{"start":{"line":74,"column":44},"end":{"line":74,"column":75}},"type":"binary-expr","locations":[{"start":{"line":74,"column":44},"end":{"line":74,"column":69}},{"start":{"line":74,"column":73},"end":{"line":74,"column":75}}],"line":74},"24":{"loc":{"start":{"line":102,"column":20},"end":{"line":102,"column":46}},"type":"binary-expr","locations":[{"start":{"line":102,"column":20},"end":{"line":102,"column":36}},{"start":{"line":102,"column":40},"end":{"line":102,"column":46}}],"line":102},"25":{"loc":{"start":{"line":109,"column":4},"end":{"line":128,"column":5}},"type":"if","locations":[{"start":{"line":109,"column":4},"end":{"line":128,"column":5}},{"start":{},"end":{}}],"line":109},"26":{"loc":{"start":{"line":112,"column":21},"end":{"line":112,"column":109}},"type":"cond-expr","locations":[{"start":{"line":112,"column":56},"end":{"line":112,"column":104}},{"start":{"line":112,"column":107},"end":{"line":112,"column":109}}],"line":112},"27":{"loc":{"start":{"line":113,"column":24},"end":{"line":113,"column":61}},"type":"cond-expr","locations":[{"start":{"line":113,"column":36},"end":{"line":113,"column":55}},{"start":{"line":113,"column":59},"end":{"line":113,"column":61}}],"line":113},"28":{"loc":{"start":{"line":113,"column":36},"end":{"line":113,"column":55}},"type":"binary-expr","locations":[{"start":{"line":113,"column":36},"end":{"line":113,"column":49}},{"start":{"line":113,"column":53},"end":{"line":113,"column":55}}],"line":113},"29":{"loc":{"start":{"line":115,"column":10},"end":{"line":115,"column":68}},"type":"cond-expr","locations":[{"start":{"line":115,"column":26},"end":{"line":115,"column":63}},{"start":{"line":115,"column":66},"end":{"line":115,"column":68}}],"line":115},"30":{"loc":{"start":{"line":116,"column":10},"end":{"line":116,"column":26}},"type":"binary-expr","locations":[{"start":{"line":116,"column":10},"end":{"line":116,"column":20}},{"start":{"line":116,"column":24},"end":{"line":116,"column":26}}],"line":116},"31":{"loc":{"start":{"line":117,"column":10},"end":{"line":117,"column":30}},"type":"binary-expr","locations":[{"start":{"line":117,"column":10},"end":{"line":117,"column":24}},{"start":{"line":117,"column":28},"end":{"line":117,"column":30}}],"line":117},"32":{"loc":{"start":{"line":118,"column":10},"end":{"line":118,"column":57}},"type":"binary-expr","locations":[{"start":{"line":118,"column":11},"end":{"line":118,"column":23}},{"start":{"line":118,"column":27},"end":{"line":118,"column":50}},{"start":{"line":118,"column":55},"end":{"line":118,"column":57}}],"line":118},"33":{"loc":{"start":{"line":119,"column":10},"end":{"line":119,"column":33}},"type":"binary-expr","locations":[{"start":{"line":119,"column":10},"end":{"line":119,"column":20}},{"start":{"line":119,"column":24},"end":{"line":119,"column":33}}],"line":119}},"s":{"0":0,"1":0,"2":0,"3":0,"4":0,"5":0,"6":0,"7":0,"8":0,"9":0,"10":0,"11":0,"12":0,"13":0,"14":0,"15":0,"16":0,"17":0,"18":0,"19":0,"20":0,"21":0,"22":0,"23":0,"24":0,"25":0,"26":0,"27":0,"28":0,"29":0,"30":0,"31":0,"32":0,"33":0,"34":0,"35":0,"36":0,"37":0,"38":0,"39":0,"40":0,"41":0,"42":0,"43":0,"44":0,"45":0,"46":0,"47":0,"48":0,"49":0,"50":0,"51":0,"52":0,"53":0,"54":0,"55":0,"56":0,"57":0,"58":0,"59":0,"60":0,"61":0,"62":0,"63":0,"64":0,"65":0,"66":0,"67":0,"68":0,"69":0,"70":0,"71":0},"f":{"0":0,"1":0,"2":0,"3":0,"4":0,"5":0,"6":0},"b":{"0":[0,0],"1":[0,0],"2":[0,0],"3":[0,0],"4":[0,0],"5":[0,0],"6":[0,0],"7":[0,0],"8":[0,0],"9":[0,0],"10":[0,0],"11":[0,0],"12":[0,0],"13":[0,0],"14":[0,0],"15":[0,0],"16":[0,0],"17":[0,0,0,0],"18":[0,0],"19":[0,0],"20":[0,0],"21":[0,0],"22":[0,0],"23":[0,0],"24":[0,0],"25":[0,0],"26":[0,0],"27":[0,0],"28":[0,0],"29":[0,0],"30":[0,0],"31":[0,0],"32":[0,0,0],"33":[0,0]}}
,"C:\\Users\\sk780\\OneDrive\\डेस्कटॉप\\pradhikaran-Portal2\\backend\\controllers\\analyticsController.js": {"path":"C:\\Users\\sk780\\OneDrive\\डेस्कटॉप\\pradhikaran-Portal2\\backend\\controllers\\analyticsController.js","statementMap":{"0":{"start":{"line":1,"column":48},"end":{"line":1,"column":68}},"1":{"start":{"line":2,"column":50},"end":{"line":2,"column":80}},"2":{"start":{"line":3,"column":17},"end":{"line":3,"column":36}},"3":{"start":{"line":5,"column":21},"end":{"line":58,"column":1}},"4":{"start":{"line":6,"column":2},"end":{"line":57,"column":3}},"5":{"start":{"line":7,"column":22},"end":{"line":7,"column":50}},"6":{"start":{"line":17,"column":8},"end":{"line":25,"column":6}},"7":{"start":{"line":27,"column":26},"end":{"line":40,"column":6}},"8":{"start":{"line":42,"column":4},"end":{"line":54,"column":7}},"9":{"start":{"line":56,"column":4},"end":{"line":56,"column":14}},"10":{"start":{"line":60,"column":0},"end":{"line":60,"column":34}}},"fnMap":{"0":{"name":"(anonymous_0)","decl":{"start":{"line":5,"column":21},"end":{"line":5,"column":22}},"loc":{"start":{"line":5,"column":47},"end":{"line":58,"column":1}},"line":5}},"branchMap":{},"s":{"0":0,"1":0,"2":0,"3":0,"4":0,"5":0,"6":0,"7":0,"8":0,"9":0,"10":0},"f":{"0":0},"b":{}}
,"C:\\Users\\sk780\\OneDrive\\डेस्कटॉप\\pradhikaran-Portal2\\backend\\controllers\\answerController.js": {"path":"C:\\Users\\sk780\\OneDrive\\डेस्कटॉप\\pradhikaran-Portal2\\backend\\controllers\\answerController.js","statementMap":{"0":{"start":{"line":1,"column":22},"end":{"line":1,"column":58}},"1":{"start":{"line":2,"column":28},"end":{"line":2,"column":58}},"2":{"start":{"line":3,"column":19},"end":{"line":3,"column":50}},"3":{"start":{"line":4,"column":13},"end":{"line":4,"column":28}},"4":{"start":{"line":6,"column":15},"end":{"line":52,"column":1}},"5":{"start":{"line":7,"column":2},"end":{"line":51,"column":3}},"6":{"start":{"line":9,"column":16},"end":{"line":9,"column":26}},"7":{"start":{"line":10,"column":25},"end":{"line":15,"column":6}},"8":{"start":{"line":16,"column":4},"end":{"line":21,"column":5}},"9":{"start":{"line":17,"column":6},"end":{"line":20,"column":9}},"10":{"start":{"line":24,"column":24},"end":{"line":24,"column":26}},"11":{"start":{"line":25,"column":4},"end":{"line":35,"column":5}},"12":{"start":{"line":26,"column":6},"end":{"line":34,"column":7}},"13":{"start":{"line":27,"column":8},"end":{"line":33,"column":11}},"14":{"start":{"line":37,"column":19},"end":{"line":43,"column":5}},"15":{"start":{"line":44,"column":4},"end":{"line":46,"column":5}},"16":{"start":{"line":45,"column":6},"end":{"line":45,"column":79}},"17":{"start":{"line":47,"column":22},"end":{"line":47,"column":78}},"18":{"start":{"line":48,"column":4},"end":{"line":48,"column":61}},"19":{"start":{"line":50,"column":4},"end":{"line":50,"column":14}},"20":{"start":{"line":54,"column":22},"end":{"line":85,"column":1}},"21":{"start":{"line":55,"column":2},"end":{"line":84,"column":3}},"22":{"start":{"line":57,"column":24},"end":{"line":57,"column":26}},"23":{"start":{"line":58,"column":4},"end":{"line":68,"column":5}},"24":{"start":{"line":59,"column":6},"end":{"line":67,"column":7}},"25":{"start":{"line":60,"column":8},"end":{"line":66,"column":11}},"26":{"start":{"line":70,"column":19},"end":{"line":76,"column":5}},"27":{"start":{"line":77,"column":4},"end":{"line":79,"column":5}},"28":{"start":{"line":78,"column":6},"end":{"line":78,"column":79}},"29":{"start":{"line":80,"column":22},"end":{"line":80,"column":78}},"30":{"start":{"line":81,"column":4},"end":{"line":81,"column":49}},"31":{"start":{"line":83,"column":4},"end":{"line":83,"column":14}},"32":{"start":{"line":87,"column":18},"end":{"line":103,"column":1}},"33":{"start":{"line":88,"column":2},"end":{"line":102,"column":3}},"34":{"start":{"line":89,"column":31},"end":{"line":89,"column":39}},"35":{"start":{"line":90,"column":19},"end":{"line":95,"column":5}},"36":{"start":{"line":96,"column":4},"end":{"line":98,"column":5}},"37":{"start":{"line":97,"column":6},"end":{"line":97,"column":79}},"38":{"start":{"line":99,"column":4},"end":{"line":99,"column":53}},"39":{"start":{"line":101,"column":4},"end":{"line":101,"column":14}},"40":{"start":{"line":105,"column":15},"end":{"line":115,"column":1}},"41":{"start":{"line":106,"column":2},"end":{"line":114,"column":3}},"42":{"start":{"line":107,"column":19},"end":{"line":107,"column":61}},"43":{"start":{"line":108,"column":4},"end":{"line":110,"column":5}},"44":{"start":{"line":109,"column":6},"end":{"line":109,"column":83}},"45":{"start":{"line":111,"column":4},"end":{"line":111,"column":46}},"46":{"start":{"line":113,"column":4},"end":{"line":113,"column":14}},"47":{"start":{"line":117,"column":22},"end":{"line":130,"column":1}},"48":{"start":{"line":118,"column":2},"end":{"line":129,"column":3}},"49":{"start":{"line":119,"column":19},"end":{"line":122,"column":5}},"50":{"start":{"line":123,"column":4},"end":{"line":125,"column":5}},"51":{"start":{"line":124,"column":6},"end":{"line":124,"column":83}},"52":{"start":{"line":126,"column":4},"end":{"line":126,"column":46}},"53":{"start":{"line":128,"column":4},"end":{"line":128,"column":14}},"54":{"start":{"line":132,"column":25},"end":{"line":139,"column":1}},"55":{"start":{"line":133,"column":2},"end":{"line":138,"column":3}},"56":{"start":{"line":134,"column":20},"end":{"line":134,"column":81}},"57":{"start":{"line":135,"column":4},"end":{"line":135,"column":47}},"58":{"start":{"line":137,"column":4},"end":{"line":137,"column":14}},"59":{"start":{"line":141,"column":0},"end":{"line":148,"column":2}}},"fnMap":{"0":{"name":"(anonymous_0)","decl":{"start":{"line":6,"column":15},"end":{"line":6,"column":16}},"loc":{"start":{"line":6,"column":41},"end":{"line":52,"column":1}},"line":6},"1":{"name":"(anonymous_1)","decl":{"start":{"line":54,"column":22},"end":{"line":54,"column":23}},"loc":{"start":{"line":54,"column":48},"end":{"line":85,"column":1}},"line":54},"2":{"name":"(anonymous_2)","decl":{"start":{"line":87,"column":18},"end":{"line":87,"column":19}},"loc":{"start":{"line":87,"column":44},"end":{"line":103,"column":1}},"line":87},"3":{"name":"(anonymous_3)","decl":{"start":{"line":105,"column":15},"end":{"line":105,"column":16}},"loc":{"start":{"line":105,"column":41},"end":{"line":115,"column":1}},"line":105},"4":{"name":"(anonymous_4)","decl":{"start":{"line":117,"column":22},"end":{"line":117,"column":23}},"loc":{"start":{"line":117,"column":48},"end":{"line":130,"column":1}},"line":117},"5":{"name":"(anonymous_5)","decl":{"start":{"line":132,"column":25},"end":{"line":132,"column":26}},"loc":{"start":{"line":132,"column":51},"end":{"line":139,"column":1}},"line":132}},"branchMap":{"0":{"loc":{"start":{"line":16,"column":4},"end":{"line":21,"column":5}},"type":"if","locations":[{"start":{"line":16,"column":4},"end":{"line":21,"column":5}},{"start":{},"end":{}}],"line":16},"1":{"loc":{"start":{"line":25,"column":4},"end":{"line":35,"column":5}},"type":"if","locations":[{"start":{"line":25,"column":4},"end":{"line":35,"column":5}},{"start":{},"end":{}}],"line":25},"2":{"loc":{"start":{"line":25,"column":8},"end":{"line":25,"column":41}},"type":"binary-expr","locations":[{"start":{"line":25,"column":8},"end":{"line":25,"column":17}},{"start":{"line":25,"column":21},"end":{"line":25,"column":41}}],"line":25},"3":{"loc":{"start":{"line":44,"column":4},"end":{"line":46,"column":5}},"type":"if","locations":[{"start":{"line":44,"column":4},"end":{"line":46,"column":5}},{"start":{},"end":{}}],"line":44},"4":{"loc":{"start":{"line":58,"column":4},"end":{"line":68,"column":5}},"type":"if","locations":[{"start":{"line":58,"column":4},"end":{"line":68,"column":5}},{"start":{},"end":{}}],"line":58},"5":{"loc":{"start":{"line":58,"column":8},"end":{"line":58,"column":41}},"type":"binary-expr","locations":[{"start":{"line":58,"column":8},"end":{"line":58,"column":17}},{"start":{"line":58,"column":21},"end":{"line":58,"column":41}}],"line":58},"6":{"loc":{"start":{"line":77,"column":4},"end":{"line":79,"column":5}},"type":"if","locations":[{"start":{"line":77,"column":4},"end":{"line":79,"column":5}},{"start":{},"end":{}}],"line":77},"7":{"loc":{"start":{"line":96,"column":4},"end":{"line":98,"column":5}},"type":"if","locations":[{"start":{"line":96,"column":4},"end":{"line":98,"column":5}},{"start":{},"end":{}}],"line":96},"8":{"loc":{"start":{"line":108,"column":4},"end":{"line":110,"column":5}},"type":"if","locations":[{"start":{"line":108,"column":4},"end":{"line":110,"column":5}},{"start":{},"end":{}}],"line":108},"9":{"loc":{"start":{"line":123,"column":4},"end":{"line":125,"column":5}},"type":"if","locations":[{"start":{"line":123,"column":4},"end":{"line":125,"column":5}},{"start":{},"end":{}}],"line":123}},"s":{"0":0,"1":0,"2":0,"3":0,"4":0,"5":0,"6":0,"7":0,"8":0,"9":0,"10":0,"11":0,"12":0,"13":0,"14":0,"15":0,"16":0,"17":0,"18":0,"19":0,"20":0,"21":0,"22":0,"23":0,"24":0,"25":0,"26":0,"27":0,"28":0,"29":0,"30":0,"31":0,"32":0,"33":0,"34":0,"35":0,"36":0,"37":0,"38":0,"39":0,"40":0,"41":0,"42":0,"43":0,"44":0,"45":0,"46":0,"47":0,"48":0,"49":0,"50":0,"51":0,"52":0,"53":0,"54":0,"55":0,"56":0,"57":0,"58":0,"59":0},"f":{"0":0,"1":0,"2":0,"3":0,"4":0,"5":0},"b":{"0":[0,0],"1":[0,0],"2":[0,0],"3":[0,0],"4":[0,0],"5":[0,0],"6":[0,0],"7":[0,0],"8":[0,0],"9":[0,0]}}
,"C:\\Users\\sk780\\OneDrive\\डेस्कटॉप\\pradhikaran-Portal2\\backend\\controllers\\auditController.js": {"path":"C:\\Users\\sk780\\OneDrive\\डेस्कटॉप\\pradhikaran-Portal2\\backend\\controllers\\auditController.js","statementMap":{"0":{"start":{"line":1,"column":21},"end":{"line":1,"column":56}},"1":{"start":{"line":2,"column":15},"end":{"line":2,"column":42}},"2":{"start":{"line":3,"column":23},"end":{"line":3,"column":54}},"3":{"start":{"line":5,"column":20},"end":{"line":12,"column":1}},"4":{"start":{"line":6,"column":2},"end":{"line":11,"column":3}},"5":{"start":{"line":7,"column":17},"end":{"line":7,"column":49}},"6":{"start":{"line":8,"column":4},"end":{"line":8,"column":44}},"7":{"start":{"line":10,"column":4},"end":{"line":10,"column":14}},"8":{"start":{"line":14,"column":21},"end":{"line":21,"column":1}},"9":{"start":{"line":15,"column":2},"end":{"line":20,"column":3}},"10":{"start":{"line":16,"column":17},"end":{"line":16,"column":50}},"11":{"start":{"line":17,"column":4},"end":{"line":17,"column":44}},"12":{"start":{"line":19,"column":4},"end":{"line":19,"column":14}},"13":{"start":{"line":23,"column":19},"end":{"line":30,"column":1}},"14":{"start":{"line":24,"column":2},"end":{"line":29,"column":3}},"15":{"start":{"line":25,"column":17},"end":{"line":25,"column":48}},"16":{"start":{"line":26,"column":4},"end":{"line":26,"column":44}},"17":{"start":{"line":28,"column":4},"end":{"line":28,"column":14}},"18":{"start":{"line":32,"column":16},"end":{"line":42,"column":1}},"19":{"start":{"line":33,"column":2},"end":{"line":41,"column":3}},"20":{"start":{"line":34,"column":14},"end":{"line":34,"column":87}},"21":{"start":{"line":35,"column":4},"end":{"line":37,"column":5}},"22":{"start":{"line":36,"column":6},"end":{"line":36,"column":100}},"23":{"start":{"line":38,"column":4},"end":{"line":38,"column":41}},"24":{"start":{"line":40,"column":4},"end":{"line":40,"column":14}},"25":{"start":{"line":44,"column":15},"end":{"line":58,"column":1}},"26":{"start":{"line":45,"column":2},"end":{"line":57,"column":3}},"27":{"start":{"line":46,"column":19},"end":{"line":46,"column":84}},"28":{"start":{"line":47,"column":4},"end":{"line":49,"column":5}},"29":{"start":{"line":48,"column":6},"end":{"line":48,"column":103}},"30":{"start":{"line":50,"column":14},"end":{"line":50,"column":76}},"31":{"start":{"line":51,"column":4},"end":{"line":53,"column":5}},"32":{"start":{"line":52,"column":6},"end":{"line":52,"column":103}},"33":{"start":{"line":54,"column":4},"end":{"line":54,"column":41}},"34":{"start":{"line":56,"column":4},"end":{"line":56,"column":14}},"35":{"start":{"line":60,"column":17},"end":{"line":70,"column":1}},"36":{"start":{"line":61,"column":2},"end":{"line":69,"column":3}},"37":{"start":{"line":62,"column":14},"end":{"line":62,"column":88}},"38":{"start":{"line":63,"column":4},"end":{"line":65,"column":5}},"39":{"start":{"line":64,"column":6},"end":{"line":64,"column":101}},"40":{"start":{"line":66,"column":4},"end":{"line":66,"column":41}},"41":{"start":{"line":68,"column":4},"end":{"line":68,"column":14}},"42":{"start":{"line":72,"column":16},"end":{"line":83,"column":1}},"43":{"start":{"line":73,"column":2},"end":{"line":82,"column":3}},"44":{"start":{"line":74,"column":16},"end":{"line":74,"column":79}},"45":{"start":{"line":75,"column":4},"end":{"line":77,"column":5}},"46":{"start":{"line":76,"column":6},"end":{"line":76,"column":88}},"47":{"start":{"line":78,"column":23},"end":{"line":78,"column":68}},"48":{"start":{"line":79,"column":4},"end":{"line":79,"column":65}},"49":{"start":{"line":81,"column":4},"end":{"line":81,"column":14}},"50":{"start":{"line":85,"column":15},"end":{"line":97,"column":1}},"51":{"start":{"line":86,"column":2},"end":{"line":96,"column":3}},"52":{"start":{"line":87,"column":22},"end":{"line":87,"column":40}},"53":{"start":{"line":88,"column":4},"end":{"line":92,"column":7}},"54":{"start":{"line":93,"column":4},"end":{"line":93,"column":87}},"55":{"start":{"line":95,"column":4},"end":{"line":95,"column":14}},"56":{"start":{"line":99,"column":0},"end":{"line":108,"column":2}}},"fnMap":{"0":{"name":"(anonymous_0)","decl":{"start":{"line":5,"column":20},"end":{"line":5,"column":21}},"loc":{"start":{"line":5,"column":46},"end":{"line":12,"column":1}},"line":5},"1":{"name":"(anonymous_1)","decl":{"start":{"line":14,"column":21},"end":{"line":14,"column":22}},"loc":{"start":{"line":14,"column":47},"end":{"line":21,"column":1}},"line":14},"2":{"name":"(anonymous_2)","decl":{"start":{"line":23,"column":19},"end":{"line":23,"column":20}},"loc":{"start":{"line":23,"column":45},"end":{"line":30,"column":1}},"line":23},"3":{"name":"(anonymous_3)","decl":{"start":{"line":32,"column":16},"end":{"line":32,"column":17}},"loc":{"start":{"line":32,"column":42},"end":{"line":42,"column":1}},"line":32},"4":{"name":"(anonymous_4)","decl":{"start":{"line":44,"column":15},"end":{"line":44,"column":16}},"loc":{"start":{"line":44,"column":41},"end":{"line":58,"column":1}},"line":44},"5":{"name":"(anonymous_5)","decl":{"start":{"line":60,"column":17},"end":{"line":60,"column":18}},"loc":{"start":{"line":60,"column":43},"end":{"line":70,"column":1}},"line":60},"6":{"name":"(anonymous_6)","decl":{"start":{"line":72,"column":16},"end":{"line":72,"column":17}},"loc":{"start":{"line":72,"column":42},"end":{"line":83,"column":1}},"line":72},"7":{"name":"(anonymous_7)","decl":{"start":{"line":85,"column":15},"end":{"line":85,"column":16}},"loc":{"start":{"line":85,"column":41},"end":{"line":97,"column":1}},"line":85}},"branchMap":{"0":{"loc":{"start":{"line":35,"column":4},"end":{"line":37,"column":5}},"type":"if","locations":[{"start":{"line":35,"column":4},"end":{"line":37,"column":5}},{"start":{},"end":{}}],"line":35},"1":{"loc":{"start":{"line":46,"column":19},"end":{"line":46,"column":84}},"type":"cond-expr","locations":[{"start":{"line":46,"column":57},"end":{"line":46,"column":79}},{"start":{"line":46,"column":82},"end":{"line":46,"column":84}}],"line":46},"2":{"loc":{"start":{"line":47,"column":4},"end":{"line":49,"column":5}},"type":"if","locations":[{"start":{"line":47,"column":4},"end":{"line":49,"column":5}},{"start":{},"end":{}}],"line":47},"3":{"loc":{"start":{"line":47,"column":8},"end":{"line":47,"column":36}},"type":"binary-expr","locations":[{"start":{"line":47,"column":8},"end":{"line":47,"column":15}},{"start":{"line":47,"column":19},"end":{"line":47,"column":36}}],"line":47},"4":{"loc":{"start":{"line":51,"column":4},"end":{"line":53,"column":5}},"type":"if","locations":[{"start":{"line":51,"column":4},"end":{"line":53,"column":5}},{"start":{},"end":{}}],"line":51},"5":{"loc":{"start":{"line":63,"column":4},"end":{"line":65,"column":5}},"type":"if","locations":[{"start":{"line":63,"column":4},"end":{"line":65,"column":5}},{"start":{},"end":{}}],"line":63},"6":{"loc":{"start":{"line":74,"column":16},"end":{"line":74,"column":79}},"type":"cond-expr","locations":[{"start":{"line":74,"column":54},"end":{"line":74,"column":74}},{"start":{"line":74,"column":77},"end":{"line":74,"column":79}}],"line":74},"7":{"loc":{"start":{"line":75,"column":4},"end":{"line":77,"column":5}},"type":"if","locations":[{"start":{"line":75,"column":4},"end":{"line":77,"column":5}},{"start":{},"end":{}}],"line":75}},"s":{"0":0,"1":0,"2":0,"3":0,"4":0,"5":0,"6":0,"7":0,"8":0,"9":0,"10":0,"11":0,"12":0,"13":0,"14":0,"15":0,"16":0,"17":0,"18":0,"19":0,"20":0,"21":0,"22":0,"23":0,"24":0,"25":0,"26":0,"27":0,"28":0,"29":0,"30":0,"31":0,"32":0,"33":0,"34":0,"35":0,"36":0,"37":0,"38":0,"39":0,"40":0,"41":0,"42":0,"43":0,"44":0,"45":0,"46":0,"47":0,"48":0,"49":0,"50":0,"51":0,"52":0,"53":0,"54":0,"55":0,"56":0},"f":{"0":0,"1":0,"2":0,"3":0,"4":0,"5":0,"6":0,"7":0},"b":{"0":[0,0],"1":[0,0],"2":[0,0],"3":[0,0],"4":[0,0],"5":[0,0],"6":[0,0],"7":[0,0]}}
,"C:\\Users\\sk780\\OneDrive\\डेस्कटॉप\\pradhikaran-Portal2\\backend\\controllers\\authController.js": {"path":"C:\\Users\\sk780\\OneDrive\\डेस्कटॉप\\pradhikaran-Portal2\\backend\\controllers\\authController.js","statementMap":{"0":{"start":{"line":1,"column":17},"end":{"line":1,"column":37}},"1":{"start":{"line":2,"column":74},"end":{"line":2,"column":97}},"2":{"start":{"line":3,"column":44},"end":{"line":3,"column":74}},"3":{"start":{"line":5,"column":14},"end":{"line":53,"column":1}},"4":{"start":{"line":6,"column":2},"end":{"line":52,"column":3}},"5":{"start":{"line":7,"column":32},"end":{"line":7,"column":40}},"6":{"start":{"line":8,"column":17},"end":{"line":8,"column":72}},"7":{"start":{"line":9,"column":4},"end":{"line":11,"column":5}},"8":{"start":{"line":10,"column":6},"end":{"line":10,"column":86}},"9":{"start":{"line":12,"column":4},"end":{"line":31,"column":5}},"10":{"start":{"line":13,"column":6},"end":{"line":15,"column":7}},"11":{"start":{"line":14,"column":8},"end":{"line":14,"column":98}},"12":{"start":{"line":16,"column":6},"end":{"line":18,"column":7}},"13":{"start":{"line":17,"column":8},"end":{"line":17,"column":88}},"14":{"start":{"line":19,"column":20},"end":{"line":19,"column":56}},"15":{"start":{"line":20,"column":6},"end":{"line":22,"column":7}},"16":{"start":{"line":21,"column":8},"end":{"line":21,"column":88}},"17":{"start":{"line":24,"column":6},"end":{"line":26,"column":7}},"18":{"start":{"line":25,"column":8},"end":{"line":25,"column":112}},"19":{"start":{"line":27,"column":20},"end":{"line":27,"column":56}},"20":{"start":{"line":28,"column":6},"end":{"line":30,"column":7}},"21":{"start":{"line":29,"column":8},"end":{"line":29,"column":88}},"22":{"start":{"line":32,"column":20},"end":{"line":32,"column":68}},"23":{"start":{"line":33,"column":24},"end":{"line":33,"column":52}},"24":{"start":{"line":34,"column":25},"end":{"line":34,"column":54}},"25":{"start":{"line":35,"column":4},"end":{"line":40,"column":7}},"26":{"start":{"line":41,"column":25},"end":{"line":41,"column":81}},"27":{"start":{"line":42,"column":4},"end":{"line":49,"column":7}},"28":{"start":{"line":51,"column":4},"end":{"line":51,"column":14}},"29":{"start":{"line":55,"column":16},"end":{"line":92,"column":1}},"30":{"start":{"line":56,"column":2},"end":{"line":91,"column":3}},"31":{"start":{"line":57,"column":18},"end":{"line":57,"column":43}},"32":{"start":{"line":58,"column":4},"end":{"line":60,"column":5}},"33":{"start":{"line":59,"column":6},"end":{"line":59,"column":89}},"34":{"start":{"line":61,"column":20},"end":{"line":61,"column":45}},"35":{"start":{"line":62,"column":17},"end":{"line":65,"column":26}},"36":{"start":{"line":66,"column":4},"end":{"line":68,"column":5}},"37":{"start":{"line":67,"column":6},"end":{"line":67,"column":81}},"38":{"start":{"line":69,"column":4},"end":{"line":71,"column":5}},"39":{"start":{"line":70,"column":6},"end":{"line":70,"column":91}},"40":{"start":{"line":72,"column":20},"end":{"line":72,"column":68}},"41":{"start":{"line":73,"column":24},"end":{"line":73,"column":52}},"42":{"start":{"line":74,"column":25},"end":{"line":74,"column":63}},"43":{"start":{"line":75,"column":4},"end":{"line":82,"column":7}},"44":{"start":{"line":84,"column":4},"end":{"line":86,"column":5}},"45":{"start":{"line":85,"column":6},"end":{"line":85,"column":88}},"46":{"start":{"line":87,"column":4},"end":{"line":89,"column":5}},"47":{"start":{"line":88,"column":6},"end":{"line":88,"column":111}},"48":{"start":{"line":90,"column":4},"end":{"line":90,"column":14}},"49":{"start":{"line":94,"column":15},"end":{"line":102,"column":1}},"50":{"start":{"line":95,"column":2},"end":{"line":100,"column":5}},"51":{"start":{"line":101,"column":2},"end":{"line":101,"column":53}},"52":{"start":{"line":104,"column":27},"end":{"line":145,"column":1}},"53":{"start":{"line":105,"column":2},"end":{"line":144,"column":3}},"54":{"start":{"line":106,"column":73},"end":{"line":106,"column":81}},"55":{"start":{"line":107,"column":24},"end":{"line":107,"column":87}},"56":{"start":{"line":108,"column":27},"end":{"line":108,"column":96}},"57":{"start":{"line":110,"column":4},"end":{"line":112,"column":5}},"58":{"start":{"line":111,"column":6},"end":{"line":111,"column":99}},"59":{"start":{"line":114,"column":4},"end":{"line":119,"column":5}},"60":{"start":{"line":115,"column":6},"end":{"line":118,"column":9}},"61":{"start":{"line":121,"column":21},"end":{"line":121,"column":76}},"62":{"start":{"line":122,"column":4},"end":{"line":124,"column":5}},"63":{"start":{"line":123,"column":6},"end":{"line":123,"column":91}},"64":{"start":{"line":125,"column":17},"end":{"line":134,"column":6}},"65":{"start":{"line":135,"column":4},"end":{"line":135,"column":22}},"66":{"start":{"line":136,"column":25},"end":{"line":136,"column":81}},"67":{"start":{"line":137,"column":4},"end":{"line":141,"column":7}},"68":{"start":{"line":143,"column":4},"end":{"line":143,"column":14}},"69":{"start":{"line":147,"column":11},"end":{"line":153,"column":1}},"70":{"start":{"line":148,"column":2},"end":{"line":152,"column":3}},"71":{"start":{"line":149,"column":4},"end":{"line":149,"column":58}},"72":{"start":{"line":151,"column":4},"end":{"line":151,"column":14}},"73":{"start":{"line":155,"column":29},"end":{"line":166,"column":1}},"74":{"start":{"line":156,"column":2},"end":{"line":165,"column":3}},"75":{"start":{"line":157,"column":19},"end":{"line":157,"column":89}},"76":{"start":{"line":158,"column":24},"end":{"line":161,"column":13}},"77":{"start":{"line":162,"column":4},"end":{"line":162,"column":51}},"78":{"start":{"line":164,"column":4},"end":{"line":164,"column":14}},"79":{"start":{"line":168,"column":0},"end":{"line":175,"column":2}}},"fnMap":{"0":{"name":"(anonymous_0)","decl":{"start":{"line":5,"column":14},"end":{"line":5,"column":15}},"loc":{"start":{"line":5,"column":40},"end":{"line":53,"column":1}},"line":5},"1":{"name":"(anonymous_1)","decl":{"start":{"line":55,"column":16},"end":{"line":55,"column":17}},"loc":{"start":{"line":55,"column":42},"end":{"line":92,"column":1}},"line":55},"2":{"name":"(anonymous_2)","decl":{"start":{"line":94,"column":15},"end":{"line":94,"column":16}},"loc":{"start":{"line":94,"column":29},"end":{"line":102,"column":1}},"line":94},"3":{"name":"(anonymous_3)","decl":{"start":{"line":104,"column":27},"end":{"line":104,"column":28}},"loc":{"start":{"line":104,"column":53},"end":{"line":145,"column":1}},"line":104},"4":{"name":"(anonymous_4)","decl":{"start":{"line":147,"column":11},"end":{"line":147,"column":12}},"loc":{"start":{"line":147,"column":37},"end":{"line":153,"column":1}},"line":147},"5":{"name":"(anonymous_5)","decl":{"start":{"line":155,"column":29},"end":{"line":155,"column":30}},"loc":{"start":{"line":155,"column":55},"end":{"line":166,"column":1}},"line":155}},"branchMap":{"0":{"loc":{"start":{"line":9,"column":4},"end":{"line":11,"column":5}},"type":"if","locations":[{"start":{"line":9,"column":4},"end":{"line":11,"column":5}},{"start":{},"end":{}}],"line":9},"1":{"loc":{"start":{"line":12,"column":4},"end":{"line":31,"column":5}},"type":"if","locations":[{"start":{"line":12,"column":4},"end":{"line":31,"column":5}},{"start":{"line":23,"column":11},"end":{"line":31,"column":5}}],"line":12},"2":{"loc":{"start":{"line":13,"column":6},"end":{"line":15,"column":7}},"type":"if","locations":[{"start":{"line":13,"column":6},"end":{"line":15,"column":7}},{"start":{},"end":{}}],"line":13},"3":{"loc":{"start":{"line":16,"column":6},"end":{"line":18,"column":7}},"type":"if","locations":[{"start":{"line":16,"column":6},"end":{"line":18,"column":7}},{"start":{},"end":{}}],"line":16},"4":{"loc":{"start":{"line":20,"column":6},"end":{"line":22,"column":7}},"type":"if","locations":[{"start":{"line":20,"column":6},"end":{"line":22,"column":7}},{"start":{},"end":{}}],"line":20},"5":{"loc":{"start":{"line":24,"column":6},"end":{"line":26,"column":7}},"type":"if","locations":[{"start":{"line":24,"column":6},"end":{"line":26,"column":7}},{"start":{},"end":{}}],"line":24},"6":{"loc":{"start":{"line":28,"column":6},"end":{"line":30,"column":7}},"type":"if","locations":[{"start":{"line":28,"column":6},"end":{"line":30,"column":7}},{"start":{},"end":{}}],"line":28},"7":{"loc":{"start":{"line":47,"column":19},"end":{"line":47,"column":57}},"type":"binary-expr","locations":[{"start":{"line":47,"column":19},"end":{"line":47,"column":48}},{"start":{"line":47,"column":52},"end":{"line":47,"column":57}}],"line":47},"8":{"loc":{"start":{"line":58,"column":4},"end":{"line":60,"column":5}},"type":"if","locations":[{"start":{"line":58,"column":4},"end":{"line":60,"column":5}},{"start":{},"end":{}}],"line":58},"9":{"loc":{"start":{"line":66,"column":4},"end":{"line":68,"column":5}},"type":"if","locations":[{"start":{"line":66,"column":4},"end":{"line":68,"column":5}},{"start":{},"end":{}}],"line":66},"10":{"loc":{"start":{"line":69,"column":4},"end":{"line":71,"column":5}},"type":"if","locations":[{"start":{"line":69,"column":4},"end":{"line":71,"column":5}},{"start":{},"end":{}}],"line":69},"11":{"loc":{"start":{"line":69,"column":8},"end":{"line":69,"column":58}},"type":"binary-expr","locations":[{"start":{"line":69,"column":8},"end":{"line":69,"column":38}},{"start":{"line":69,"column":42},"end":{"line":69,"column":58}}],"line":69},"12":{"loc":{"start":{"line":74,"column":25},"end":{"line":74,"column":63}},"type":"cond-expr","locations":[{"start":{"line":74,"column":41},"end":{"line":74,"column":56}},{"start":{"line":74,"column":59},"end":{"line":74,"column":63}}],"line":74},"13":{"loc":{"start":{"line":80,"column":19},"end":{"line":80,"column":57}},"type":"binary-expr","locations":[{"start":{"line":80,"column":19},"end":{"line":80,"column":48}},{"start":{"line":80,"column":52},"end":{"line":80,"column":57}}],"line":80},"14":{"loc":{"start":{"line":84,"column":4},"end":{"line":86,"column":5}},"type":"if","locations":[{"start":{"line":84,"column":4},"end":{"line":86,"column":5}},{"start":{},"end":{}}],"line":84},"15":{"loc":{"start":{"line":87,"column":4},"end":{"line":89,"column":5}},"type":"if","locations":[{"start":{"line":87,"column":4},"end":{"line":89,"column":5}},{"start":{},"end":{}}],"line":87},"16":{"loc":{"start":{"line":107,"column":24},"end":{"line":107,"column":87}},"type":"cond-expr","locations":[{"start":{"line":107,"column":61},"end":{"line":107,"column":82}},{"start":{"line":107,"column":85},"end":{"line":107,"column":87}}],"line":107},"17":{"loc":{"start":{"line":108,"column":27},"end":{"line":108,"column":96}},"type":"cond-expr","locations":[{"start":{"line":108,"column":67},"end":{"line":108,"column":91}},{"start":{"line":108,"column":94},"end":{"line":108,"column":96}}],"line":108},"18":{"loc":{"start":{"line":110,"column":4},"end":{"line":112,"column":5}},"type":"if","locations":[{"start":{"line":110,"column":4},"end":{"line":112,"column":5}},{"start":{},"end":{}}],"line":110},"19":{"loc":{"start":{"line":114,"column":4},"end":{"line":119,"column":5}},"type":"if","locations":[{"start":{"line":114,"column":4},"end":{"line":119,"column":5}},{"start":{},"end":{}}],"line":114},"20":{"loc":{"start":{"line":122,"column":4},"end":{"line":124,"column":5}},"type":"if","locations":[{"start":{"line":122,"column":4},"end":{"line":124,"column":5}},{"start":{},"end":{}}],"line":122}},"s":{"0":1,"1":1,"2":1,"3":1,"4":1,"5":1,"6":1,"7":1,"8":1,"9":0,"10":0,"11":0,"12":0,"13":0,"14":0,"15":0,"16":0,"17":0,"18":0,"19":0,"20":0,"21":0,"22":0,"23":0,"24":0,"25":0,"26":0,"27":0,"28":0,"29":1,"30":0,"31":0,"32":0,"33":0,"34":0,"35":0,"36":0,"37":0,"38":0,"39":0,"40":0,"41":0,"42":0,"43":0,"44":0,"45":0,"46":0,"47":0,"48":0,"49":1,"50":0,"51":0,"52":1,"53":4,"54":4,"55":4,"56":4,"57":4,"58":2,"59":2,"60":1,"61":1,"62":1,"63":0,"64":1,"65":1,"66":1,"67":1,"68":0,"69":1,"70":0,"71":0,"72":0,"73":1,"74":0,"75":0,"76":0,"77":0,"78":0,"79":1},"f":{"0":1,"1":0,"2":0,"3":4,"4":0,"5":0},"b":{"0":[1,0],"1":[0,0],"2":[0,0],"3":[0,0],"4":[0,0],"5":[0,0],"6":[0,0],"7":[0,0],"8":[0,0],"9":[0,0],"10":[0,0],"11":[0,0],"12":[0,0],"13":[0,0],"14":[0,0],"15":[0,0],"16":[3,1],"17":[0,4],"18":[2,2],"19":[1,1],"20":[0,1]},"_coverageSchema":"1a1c01bbd47fc00a2c39e90264f33305004495a9","hash":"0686f635d4281cdb12a5afc3f50dfb83c23ca4ea"}
,"C:\\Users\\sk780\\OneDrive\\डेस्कटॉप\\pradhikaran-Portal2\\backend\\controllers\\exportController.js": {"path":"C:\\Users\\sk780\\OneDrive\\डेस्कटॉप\\pradhikaran-Portal2\\backend\\controllers\\exportController.js","statementMap":{"0":{"start":{"line":1,"column":85},"end":{"line":1,"column":116}},"1":{"start":{"line":2,"column":18},"end":{"line":2,"column":48}},"2":{"start":{"line":4,"column":23},"end":{"line":16,"column":1}},"3":{"start":{"line":5,"column":2},"end":{"line":15,"column":3}},"4":{"start":{"line":6,"column":19},"end":{"line":6,"column":56}},"5":{"start":{"line":7,"column":4},"end":{"line":9,"column":5}},"6":{"start":{"line":8,"column":6},"end":{"line":8,"column":85}},"7":{"start":{"line":10,"column":4},"end":{"line":10,"column":53}},"8":{"start":{"line":11,"column":4},"end":{"line":11,"column":95}},"9":{"start":{"line":12,"column":4},"end":{"line":12,"column":21}},"10":{"start":{"line":14,"column":4},"end":{"line":14,"column":14}},"11":{"start":{"line":18,"column":25},"end":{"line":34,"column":1}},"12":{"start":{"line":19,"column":2},"end":{"line":33,"column":3}},"13":{"start":{"line":20,"column":19},"end":{"line":20,"column":36}},"14":{"start":{"line":21,"column":4},"end":{"line":23,"column":5}},"15":{"start":{"line":22,"column":6},"end":{"line":22,"column":76}},"16":{"start":{"line":24,"column":19},"end":{"line":24,"column":51}},"17":{"start":{"line":25,"column":4},"end":{"line":27,"column":5}},"18":{"start":{"line":26,"column":6},"end":{"line":26,"column":81}},"19":{"start":{"line":28,"column":4},"end":{"line":28,"column":53}},"20":{"start":{"line":29,"column":4},"end":{"line":29,"column":90}},"21":{"start":{"line":30,"column":4},"end":{"line":30,"column":21}},"22":{"start":{"line":32,"column":4},"end":{"line":32,"column":14}},"23":{"start":{"line":36,"column":17},"end":{"line":45,"column":1}},"24":{"start":{"line":37,"column":2},"end":{"line":44,"column":3}},"25":{"start":{"line":38,"column":19},"end":{"line":38,"column":37}},"26":{"start":{"line":39,"column":4},"end":{"line":39,"column":53}},"27":{"start":{"line":40,"column":4},"end":{"line":40,"column":93}},"28":{"start":{"line":41,"column":4},"end":{"line":41,"column":21}},"29":{"start":{"line":43,"column":4},"end":{"line":43,"column":14}},"30":{"start":{"line":47,"column":17},"end":{"line":56,"column":1}},"31":{"start":{"line":48,"column":2},"end":{"line":55,"column":3}},"32":{"start":{"line":49,"column":19},"end":{"line":49,"column":37}},"33":{"start":{"line":50,"column":4},"end":{"line":50,"column":53}},"34":{"start":{"line":51,"column":4},"end":{"line":51,"column":93}},"35":{"start":{"line":52,"column":4},"end":{"line":52,"column":21}},"36":{"start":{"line":54,"column":4},"end":{"line":54,"column":14}},"37":{"start":{"line":58,"column":17},"end":{"line":67,"column":1}},"38":{"start":{"line":59,"column":2},"end":{"line":66,"column":3}},"39":{"start":{"line":60,"column":19},"end":{"line":60,"column":37}},"40":{"start":{"line":61,"column":4},"end":{"line":61,"column":53}},"41":{"start":{"line":62,"column":4},"end":{"line":62,"column":93}},"42":{"start":{"line":63,"column":4},"end":{"line":63,"column":21}},"43":{"start":{"line":65,"column":4},"end":{"line":65,"column":14}},"44":{"start":{"line":69,"column":0},"end":{"line":69,"column":84}}},"fnMap":{"0":{"name":"(anonymous_0)","decl":{"start":{"line":4,"column":23},"end":{"line":4,"column":24}},"loc":{"start":{"line":4,"column":49},"end":{"line":16,"column":1}},"line":4},"1":{"name":"(anonymous_1)","decl":{"start":{"line":18,"column":25},"end":{"line":18,"column":26}},"loc":{"start":{"line":18,"column":51},"end":{"line":34,"column":1}},"line":18},"2":{"name":"(anonymous_2)","decl":{"start":{"line":36,"column":17},"end":{"line":36,"column":18}},"loc":{"start":{"line":36,"column":43},"end":{"line":45,"column":1}},"line":36},"3":{"name":"(anonymous_3)","decl":{"start":{"line":47,"column":17},"end":{"line":47,"column":18}},"loc":{"start":{"line":47,"column":43},"end":{"line":56,"column":1}},"line":47},"4":{"name":"(anonymous_4)","decl":{"start":{"line":58,"column":17},"end":{"line":58,"column":18}},"loc":{"start":{"line":58,"column":43},"end":{"line":67,"column":1}},"line":58}},"branchMap":{"0":{"loc":{"start":{"line":7,"column":4},"end":{"line":9,"column":5}},"type":"if","locations":[{"start":{"line":7,"column":4},"end":{"line":9,"column":5}},{"start":{},"end":{}}],"line":7},"1":{"loc":{"start":{"line":21,"column":4},"end":{"line":23,"column":5}},"type":"if","locations":[{"start":{"line":21,"column":4},"end":{"line":23,"column":5}},{"start":{},"end":{}}],"line":21},"2":{"loc":{"start":{"line":21,"column":8},"end":{"line":21,"column":80}},"type":"binary-expr","locations":[{"start":{"line":21,"column":8},"end":{"line":21,"column":42}},{"start":{"line":21,"column":46},"end":{"line":21,"column":80}}],"line":21},"3":{"loc":{"start":{"line":25,"column":4},"end":{"line":27,"column":5}},"type":"if","locations":[{"start":{"line":25,"column":4},"end":{"line":27,"column":5}},{"start":{},"end":{}}],"line":25}},"s":{"0":0,"1":0,"2":0,"3":0,"4":0,"5":0,"6":0,"7":0,"8":0,"9":0,"10":0,"11":0,"12":0,"13":0,"14":0,"15":0,"16":0,"17":0,"18":0,"19":0,"20":0,"21":0,"22":0,"23":0,"24":0,"25":0,"26":0,"27":0,"28":0,"29":0,"30":0,"31":0,"32":0,"33":0,"34":0,"35":0,"36":0,"37":0,"38":0,"39":0,"40":0,"41":0,"42":0,"43":0,"44":0},"f":{"0":0,"1":0,"2":0,"3":0,"4":0},"b":{"0":[0,0],"1":[0,0],"2":[0,0],"3":[0,0]}}
,"C:\\Users\\sk780\\OneDrive\\डेस्कटॉप\\pradhikaran-Portal2\\backend\\controllers\\questionController.js": {"path":"C:\\Users\\sk780\\OneDrive\\डेस्कटॉप\\pradhikaran-Portal2\\backend\\controllers\\questionController.js","statementMap":{"0":{"start":{"line":1,"column":24},"end":{"line":1,"column":62}},"1":{"start":{"line":2,"column":22},"end":{"line":2,"column":58}},"2":{"start":{"line":3,"column":27},"end":{"line":3,"column":68}},"3":{"start":{"line":4,"column":35},"end":{"line":4,"column":65}},"4":{"start":{"line":5,"column":19},"end":{"line":5,"column":50}},"5":{"start":{"line":7,"column":15},"end":{"line":47,"column":1}},"6":{"start":{"line":8,"column":2},"end":{"line":46,"column":3}},"7":{"start":{"line":10,"column":4},"end":{"line":24,"column":5}},"8":{"start":{"line":11,"column":18},"end":{"line":11,"column":28}},"9":{"start":{"line":12,"column":27},"end":{"line":17,"column":8}},"10":{"start":{"line":18,"column":6},"end":{"line":23,"column":7}},"11":{"start":{"line":19,"column":8},"end":{"line":22,"column":11}},"12":{"start":{"line":25,"column":4},"end":{"line":31,"column":5}},"13":{"start":{"line":26,"column":6},"end":{"line":30,"column":7}},"14":{"start":{"line":27,"column":8},"end":{"line":29,"column":102}},"15":{"start":{"line":32,"column":20},"end":{"line":39,"column":5}},"16":{"start":{"line":40,"column":20},"end":{"line":40,"column":110}},"17":{"start":{"line":41,"column":21},"end":{"line":41,"column":57}},"18":{"start":{"line":42,"column":22},"end":{"line":42,"column":88}},"19":{"start":{"line":43,"column":4},"end":{"line":43,"column":61}},"20":{"start":{"line":45,"column":4},"end":{"line":45,"column":14}},"21":{"start":{"line":49,"column":17},"end":{"line":73,"column":1}},"22":{"start":{"line":50,"column":2},"end":{"line":72,"column":3}},"23":{"start":{"line":52,"column":4},"end":{"line":60,"column":5}},"24":{"start":{"line":53,"column":6},"end":{"line":53,"column":68}},"25":{"start":{"line":54,"column":11},"end":{"line":60,"column":5}},"26":{"start":{"line":55,"column":6},"end":{"line":55,"column":67}},"27":{"start":{"line":56,"column":11},"end":{"line":60,"column":5}},"28":{"start":{"line":57,"column":6},"end":{"line":57,"column":63}},"29":{"start":{"line":59,"column":6},"end":{"line":59,"column":16}},"30":{"start":{"line":61,"column":4},"end":{"line":68,"column":5}},"31":{"start":{"line":62,"column":6},"end":{"line":67,"column":9}},"32":{"start":{"line":63,"column":21},"end":{"line":63,"column":29}},"33":{"start":{"line":64,"column":8},"end":{"line":64,"column":54}},"34":{"start":{"line":64,"column":30},"end":{"line":64,"column":54}},"35":{"start":{"line":65,"column":8},"end":{"line":65,"column":76}},"36":{"start":{"line":65,"column":41},"end":{"line":65,"column":76}},"37":{"start":{"line":66,"column":8},"end":{"line":66,"column":20}},"38":{"start":{"line":69,"column":4},"end":{"line":69,"column":44}},"39":{"start":{"line":71,"column":4},"end":{"line":71,"column":14}},"40":{"start":{"line":75,"column":15},"end":{"line":97,"column":1}},"41":{"start":{"line":76,"column":2},"end":{"line":96,"column":3}},"42":{"start":{"line":77,"column":21},"end":{"line":81,"column":6}},"43":{"start":{"line":82,"column":4},"end":{"line":84,"column":5}},"44":{"start":{"line":83,"column":6},"end":{"line":83,"column":85}},"45":{"start":{"line":85,"column":4},"end":{"line":92,"column":5}},"46":{"start":{"line":86,"column":6},"end":{"line":88,"column":7}},"47":{"start":{"line":87,"column":8},"end":{"line":87,"column":36}},"48":{"start":{"line":89,"column":6},"end":{"line":91,"column":7}},"49":{"start":{"line":90,"column":8},"end":{"line":90,"column":47}},"50":{"start":{"line":93,"column":4},"end":{"line":93,"column":48}},"51":{"start":{"line":95,"column":4},"end":{"line":95,"column":14}},"52":{"start":{"line":99,"column":15},"end":{"line":120,"column":1}},"53":{"start":{"line":100,"column":2},"end":{"line":119,"column":3}},"54":{"start":{"line":101,"column":21},"end":{"line":111,"column":5}},"55":{"start":{"line":112,"column":4},"end":{"line":114,"column":5}},"56":{"start":{"line":113,"column":6},"end":{"line":113,"column":101}},"57":{"start":{"line":115,"column":22},"end":{"line":115,"column":88}},"58":{"start":{"line":116,"column":4},"end":{"line":116,"column":49}},"59":{"start":{"line":118,"column":4},"end":{"line":118,"column":14}},"60":{"start":{"line":122,"column":13},"end":{"line":132,"column":1}},"61":{"start":{"line":123,"column":2},"end":{"line":131,"column":3}},"62":{"start":{"line":124,"column":21},"end":{"line":124,"column":76}},"63":{"start":{"line":125,"column":4},"end":{"line":127,"column":5}},"64":{"start":{"line":126,"column":6},"end":{"line":126,"column":97}},"65":{"start":{"line":128,"column":4},"end":{"line":128,"column":48}},"66":{"start":{"line":130,"column":4},"end":{"line":130,"column":14}},"67":{"start":{"line":134,"column":15},"end":{"line":144,"column":1}},"68":{"start":{"line":135,"column":2},"end":{"line":143,"column":3}},"69":{"start":{"line":136,"column":21},"end":{"line":136,"column":82}},"70":{"start":{"line":137,"column":4},"end":{"line":139,"column":5}},"71":{"start":{"line":138,"column":6},"end":{"line":138,"column":102}},"72":{"start":{"line":140,"column":4},"end":{"line":140,"column":61}},"73":{"start":{"line":142,"column":4},"end":{"line":142,"column":14}},"74":{"start":{"line":146,"column":19},"end":{"line":156,"column":1}},"75":{"start":{"line":147,"column":2},"end":{"line":155,"column":3}},"76":{"start":{"line":148,"column":19},"end":{"line":148,"column":80}},"77":{"start":{"line":149,"column":4},"end":{"line":151,"column":5}},"78":{"start":{"line":150,"column":6},"end":{"line":150,"column":111}},"79":{"start":{"line":152,"column":4},"end":{"line":152,"column":73}},"80":{"start":{"line":154,"column":4},"end":{"line":154,"column":14}},"81":{"start":{"line":158,"column":20},"end":{"line":165,"column":1}},"82":{"start":{"line":159,"column":2},"end":{"line":164,"column":3}},"83":{"start":{"line":160,"column":17},"end":{"line":160,"column":78}},"84":{"start":{"line":161,"column":4},"end":{"line":161,"column":44}},"85":{"start":{"line":163,"column":4},"end":{"line":163,"column":14}},"86":{"start":{"line":167,"column":16},"end":{"line":177,"column":1}},"87":{"start":{"line":168,"column":2},"end":{"line":176,"column":3}},"88":{"start":{"line":169,"column":21},"end":{"line":169,"column":79}},"89":{"start":{"line":170,"column":4},"end":{"line":172,"column":5}},"90":{"start":{"line":171,"column":6},"end":{"line":171,"column":112}},"91":{"start":{"line":173,"column":4},"end":{"line":173,"column":91}},"92":{"start":{"line":175,"column":4},"end":{"line":175,"column":14}},"93":{"start":{"line":178,"column":19},"end":{"line":188,"column":1}},"94":{"start":{"line":179,"column":2},"end":{"line":187,"column":3}},"95":{"start":{"line":180,"column":20},"end":{"line":180,"column":83}},"96":{"start":{"line":181,"column":4},"end":{"line":183,"column":5}},"97":{"start":{"line":182,"column":6},"end":{"line":182,"column":85}},"98":{"start":{"line":184,"column":4},"end":{"line":184,"column":47}},"99":{"start":{"line":186,"column":4},"end":{"line":186,"column":14}},"100":{"start":{"line":190,"column":17},"end":{"line":207,"column":1}},"101":{"start":{"line":191,"column":2},"end":{"line":206,"column":3}},"102":{"start":{"line":192,"column":28},"end":{"line":192,"column":36}},"103":{"start":{"line":193,"column":21},"end":{"line":197,"column":5}},"104":{"start":{"line":198,"column":4},"end":{"line":202,"column":5}},"105":{"start":{"line":199,"column":6},"end":{"line":201,"column":86}},"106":{"start":{"line":203,"column":4},"end":{"line":203,"column":48}},"107":{"start":{"line":205,"column":4},"end":{"line":205,"column":14}},"108":{"start":{"line":209,"column":17},"end":{"line":224,"column":1}},"109":{"start":{"line":210,"column":2},"end":{"line":223,"column":3}},"110":{"start":{"line":211,"column":21},"end":{"line":216,"column":6}},"111":{"start":{"line":217,"column":4},"end":{"line":219,"column":5}},"112":{"start":{"line":218,"column":6},"end":{"line":218,"column":105}},"113":{"start":{"line":220,"column":4},"end":{"line":220,"column":48}},"114":{"start":{"line":222,"column":4},"end":{"line":222,"column":14}},"115":{"start":{"line":226,"column":24},"end":{"line":233,"column":1}},"116":{"start":{"line":227,"column":2},"end":{"line":232,"column":3}},"117":{"start":{"line":228,"column":17},"end":{"line":228,"column":70}},"118":{"start":{"line":229,"column":4},"end":{"line":229,"column":44}},"119":{"start":{"line":231,"column":4},"end":{"line":231,"column":14}},"120":{"start":{"line":235,"column":16},"end":{"line":242,"column":1}},"121":{"start":{"line":236,"column":2},"end":{"line":241,"column":3}},"122":{"start":{"line":237,"column":17},"end":{"line":237,"column":61}},"123":{"start":{"line":238,"column":4},"end":{"line":238,"column":44}},"124":{"start":{"line":240,"column":4},"end":{"line":240,"column":14}},"125":{"start":{"line":244,"column":32},"end":{"line":263,"column":1}},"126":{"start":{"line":245,"column":2},"end":{"line":262,"column":3}},"127":{"start":{"line":246,"column":21},"end":{"line":246,"column":65}},"128":{"start":{"line":247,"column":4},"end":{"line":249,"column":5}},"129":{"start":{"line":248,"column":6},"end":{"line":248,"column":93}},"130":{"start":{"line":250,"column":4},"end":{"line":250,"column":83}},"131":{"start":{"line":251,"column":4},"end":{"line":259,"column":7}},"132":{"start":{"line":261,"column":4},"end":{"line":261,"column":14}},"133":{"start":{"line":265,"column":0},"end":{"line":281,"column":2}}},"fnMap":{"0":{"name":"(anonymous_0)","decl":{"start":{"line":7,"column":15},"end":{"line":7,"column":16}},"loc":{"start":{"line":7,"column":41},"end":{"line":47,"column":1}},"line":7},"1":{"name":"(anonymous_1)","decl":{"start":{"line":49,"column":17},"end":{"line":49,"column":18}},"loc":{"start":{"line":49,"column":43},"end":{"line":73,"column":1}},"line":49},"2":{"name":"(anonymous_2)","decl":{"start":{"line":62,"column":22},"end":{"line":62,"column":23}},"loc":{"start":{"line":62,"column":29},"end":{"line":67,"column":7}},"line":62},"3":{"name":"(anonymous_3)","decl":{"start":{"line":75,"column":15},"end":{"line":75,"column":16}},"loc":{"start":{"line":75,"column":41},"end":{"line":97,"column":1}},"line":75},"4":{"name":"(anonymous_4)","decl":{"start":{"line":99,"column":15},"end":{"line":99,"column":16}},"loc":{"start":{"line":99,"column":41},"end":{"line":120,"column":1}},"line":99},"5":{"name":"(anonymous_5)","decl":{"start":{"line":122,"column":13},"end":{"line":122,"column":14}},"loc":{"start":{"line":122,"column":39},"end":{"line":132,"column":1}},"line":122},"6":{"name":"(anonymous_6)","decl":{"start":{"line":134,"column":15},"end":{"line":134,"column":16}},"loc":{"start":{"line":134,"column":41},"end":{"line":144,"column":1}},"line":134},"7":{"name":"(anonymous_7)","decl":{"start":{"line":146,"column":19},"end":{"line":146,"column":20}},"loc":{"start":{"line":146,"column":45},"end":{"line":156,"column":1}},"line":146},"8":{"name":"(anonymous_8)","decl":{"start":{"line":158,"column":20},"end":{"line":158,"column":21}},"loc":{"start":{"line":158,"column":46},"end":{"line":165,"column":1}},"line":158},"9":{"name":"(anonymous_9)","decl":{"start":{"line":167,"column":16},"end":{"line":167,"column":17}},"loc":{"start":{"line":167,"column":42},"end":{"line":177,"column":1}},"line":167},"10":{"name":"(anonymous_10)","decl":{"start":{"line":178,"column":19},"end":{"line":178,"column":20}},"loc":{"start":{"line":178,"column":45},"end":{"line":188,"column":1}},"line":178},"11":{"name":"(anonymous_11)","decl":{"start":{"line":190,"column":17},"end":{"line":190,"column":18}},"loc":{"start":{"line":190,"column":43},"end":{"line":207,"column":1}},"line":190},"12":{"name":"(anonymous_12)","decl":{"start":{"line":209,"column":17},"end":{"line":209,"column":18}},"loc":{"start":{"line":209,"column":43},"end":{"line":224,"column":1}},"line":209},"13":{"name":"(anonymous_13)","decl":{"start":{"line":226,"column":24},"end":{"line":226,"column":25}},"loc":{"start":{"line":226,"column":50},"end":{"line":233,"column":1}},"line":226},"14":{"name":"(anonymous_14)","decl":{"start":{"line":235,"column":16},"end":{"line":235,"column":17}},"loc":{"start":{"line":235,"column":42},"end":{"line":242,"column":1}},"line":235},"15":{"name":"(anonymous_15)","decl":{"start":{"line":244,"column":32},"end":{"line":244,"column":33}},"loc":{"start":{"line":244,"column":58},"end":{"line":263,"column":1}},"line":244}},"branchMap":{"0":{"loc":{"start":{"line":10,"column":4},"end":{"line":24,"column":5}},"type":"if","locations":[{"start":{"line":10,"column":4},"end":{"line":24,"column":5}},{"start":{},"end":{}}],"line":10},"1":{"loc":{"start":{"line":18,"column":6},"end":{"line":23,"column":7}},"type":"if","locations":[{"start":{"line":18,"column":6},"end":{"line":23,"column":7}},{"start":{},"end":{}}],"line":18},"2":{"loc":{"start":{"line":25,"column":4},"end":{"line":31,"column":5}},"type":"if","locations":[{"start":{"line":25,"column":4},"end":{"line":31,"column":5}},{"start":{},"end":{}}],"line":25},"3":{"loc":{"start":{"line":26,"column":6},"end":{"line":30,"column":7}},"type":"if","locations":[{"start":{"line":26,"column":6},"end":{"line":30,"column":7}},{"start":{},"end":{}}],"line":26},"4":{"loc":{"start":{"line":40,"column":20},"end":{"line":40,"column":110}},"type":"cond-expr","locations":[{"start":{"line":40,"column":53},"end":{"line":40,"column":85}},{"start":{"line":40,"column":88},"end":{"line":40,"column":110}}],"line":40},"5":{"loc":{"start":{"line":52,"column":4},"end":{"line":60,"column":5}},"type":"if","locations":[{"start":{"line":52,"column":4},"end":{"line":60,"column":5}},{"start":{"line":54,"column":11},"end":{"line":60,"column":5}}],"line":52},"6":{"loc":{"start":{"line":54,"column":11},"end":{"line":60,"column":5}},"type":"if","locations":[{"start":{"line":54,"column":11},"end":{"line":60,"column":5}},{"start":{"line":56,"column":11},"end":{"line":60,"column":5}}],"line":54},"7":{"loc":{"start":{"line":56,"column":11},"end":{"line":60,"column":5}},"type":"if","locations":[{"start":{"line":56,"column":11},"end":{"line":60,"column":5}},{"start":{"line":58,"column":11},"end":{"line":60,"column":5}}],"line":56},"8":{"loc":{"start":{"line":61,"column":4},"end":{"line":68,"column":5}},"type":"if","locations":[{"start":{"line":61,"column":4},"end":{"line":68,"column":5}},{"start":{},"end":{}}],"line":61},"9":{"loc":{"start":{"line":61,"column":8},"end":{"line":61,"column":65}},"type":"binary-expr","locations":[{"start":{"line":61,"column":8},"end":{"line":61,"column":42}},{"start":{"line":61,"column":46},"end":{"line":61,"column":65}}],"line":61},"10":{"loc":{"start":{"line":64,"column":8},"end":{"line":64,"column":54}},"type":"if","locations":[{"start":{"line":64,"column":8},"end":{"line":64,"column":54}},{"start":{},"end":{}}],"line":64},"11":{"loc":{"start":{"line":65,"column":8},"end":{"line":65,"column":76}},"type":"if","locations":[{"start":{"line":65,"column":8},"end":{"line":65,"column":76}},{"start":{},"end":{}}],"line":65},"12":{"loc":{"start":{"line":82,"column":4},"end":{"line":84,"column":5}},"type":"if","locations":[{"start":{"line":82,"column":4},"end":{"line":84,"column":5}},{"start":{},"end":{}}],"line":82},"13":{"loc":{"start":{"line":85,"column":4},"end":{"line":92,"column":5}},"type":"if","locations":[{"start":{"line":85,"column":4},"end":{"line":92,"column":5}},{"start":{},"end":{}}],"line":85},"14":{"loc":{"start":{"line":86,"column":6},"end":{"line":88,"column":7}},"type":"if","locations":[{"start":{"line":86,"column":6},"end":{"line":88,"column":7}},{"start":{},"end":{}}],"line":86},"15":{"loc":{"start":{"line":89,"column":6},"end":{"line":91,"column":7}},"type":"if","locations":[{"start":{"line":89,"column":6},"end":{"line":91,"column":7}},{"start":{},"end":{}}],"line":89},"16":{"loc":{"start":{"line":112,"column":4},"end":{"line":114,"column":5}},"type":"if","locations":[{"start":{"line":112,"column":4},"end":{"line":114,"column":5}},{"start":{},"end":{}}],"line":112},"17":{"loc":{"start":{"line":125,"column":4},"end":{"line":127,"column":5}},"type":"if","locations":[{"start":{"line":125,"column":4},"end":{"line":127,"column":5}},{"start":{},"end":{}}],"line":125},"18":{"loc":{"start":{"line":137,"column":4},"end":{"line":139,"column":5}},"type":"if","locations":[{"start":{"line":137,"column":4},"end":{"line":139,"column":5}},{"start":{},"end":{}}],"line":137},"19":{"loc":{"start":{"line":149,"column":4},"end":{"line":151,"column":5}},"type":"if","locations":[{"start":{"line":149,"column":4},"end":{"line":151,"column":5}},{"start":{},"end":{}}],"line":149},"20":{"loc":{"start":{"line":170,"column":4},"end":{"line":172,"column":5}},"type":"if","locations":[{"start":{"line":170,"column":4},"end":{"line":172,"column":5}},{"start":{},"end":{}}],"line":170},"21":{"loc":{"start":{"line":181,"column":4},"end":{"line":183,"column":5}},"type":"if","locations":[{"start":{"line":181,"column":4},"end":{"line":183,"column":5}},{"start":{},"end":{}}],"line":181},"22":{"loc":{"start":{"line":195,"column":6},"end":{"line":195,"column":23}},"type":"binary-expr","locations":[{"start":{"line":195,"column":6},"end":{"line":195,"column":17}},{"start":{"line":195,"column":21},"end":{"line":195,"column":23}}],"line":195},"23":{"loc":{"start":{"line":198,"column":4},"end":{"line":202,"column":5}},"type":"if","locations":[{"start":{"line":198,"column":4},"end":{"line":202,"column":5}},{"start":{},"end":{}}],"line":198},"24":{"loc":{"start":{"line":217,"column":4},"end":{"line":219,"column":5}},"type":"if","locations":[{"start":{"line":217,"column":4},"end":{"line":219,"column":5}},{"start":{},"end":{}}],"line":217},"25":{"loc":{"start":{"line":247,"column":4},"end":{"line":249,"column":5}},"type":"if","locations":[{"start":{"line":247,"column":4},"end":{"line":249,"column":5}},{"start":{},"end":{}}],"line":247},"26":{"loc":{"start":{"line":247,"column":8},"end":{"line":247,"column":91}},"type":"binary-expr","locations":[{"start":{"line":247,"column":8},"end":{"line":247,"column":17}},{"start":{"line":247,"column":21},"end":{"line":247,"column":66}},{"start":{"line":247,"column":70},"end":{"line":247,"column":91}}],"line":247}},"s":{"0":0,"1":0,"2":0,"3":0,"4":0,"5":0,"6":0,"7":0,"8":0,"9":0,"10":0,"11":0,"12":0,"13":0,"14":0,"15":0,"16":0,"17":0,"18":0,"19":0,"20":0,"21":0,"22":0,"23":0,"24":0,"25":0,"26":0,"27":0,"28":0,"29":0,"30":0,"31":0,"32":0,"33":0,"34":0,"35":0,"36":0,"37":0,"38":0,"39":0,"40":0,"41":0,"42":0,"43":0,"44":0,"45":0,"46":0,"47":0,"48":0,"49":0,"50":0,"51":0,"52":0,"53":0,"54":0,"55":0,"56":0,"57":0,"58":0,"59":0,"60":0,"61":0,"62":0,"63":0,"64":0,"65":0,"66":0,"67":0,"68":0,"69":0,"70":0,"71":0,"72":0,"73":0,"74":0,"75":0,"76":0,"77":0,"78":0,"79":0,"80":0,"81":0,"82":0,"83":0,"84":0,"85":0,"86":0,"87":0,"88":0,"89":0,"90":0,"91":0,"92":0,"93":0,"94":0,"95":0,"96":0,"97":0,"98":0,"99":0,"100":0,"101":0,"102":0,"103":0,"104":0,"105":0,"106":0,"107":0,"108":0,"109":0,"110":0,"111":0,"112":0,"113":0,"114":0,"115":0,"116":0,"117":0,"118":0,"119":0,"120":0,"121":0,"122":0,"123":0,"124":0,"125":0,"126":0,"127":0,"128":0,"129":0,"130":0,"131":0,"132":0,"133":0},"f":{"0":0,"1":0,"2":0,"3":0,"4":0,"5":0,"6":0,"7":0,"8":0,"9":0,"10":0,"11":0,"12":0,"13":0,"14":0,"15":0},"b":{"0":[0,0],"1":[0,0],"2":[0,0],"3":[0,0],"4":[0,0],"5":[0,0],"6":[0,0],"7":[0,0],"8":[0,0],"9":[0,0],"10":[0,0],"11":[0,0],"12":[0,0],"13":[0,0],"14":[0,0],"15":[0,0],"16":[0,0],"17":[0,0],"18":[0,0],"19":[0,0],"20":[0,0],"21":[0,0],"22":[0,0],"23":[0,0],"24":[0,0],"25":[0,0],"26":[0,0,0]}}
,"C:\\Users\\sk780\\OneDrive\\डेस्कटॉप\\pradhikaran-Portal2\\backend\\controllers\\reportController.js": {"path":"C:\\Users\\sk780\\OneDrive\\डेस्कटॉप\\pradhikaran-Portal2\\backend\\controllers\\reportController.js","statementMap":{"0":{"start":{"line":1,"column":15},"end":{"line":1,"column":42}},"1":{"start":{"line":2,"column":18},"end":{"line":2,"column":48}},"2":{"start":{"line":4,"column":20},"end":{"line":15,"column":1}},"3":{"start":{"line":5,"column":2},"end":{"line":14,"column":3}},"4":{"start":{"line":6,"column":20},"end":{"line":10,"column":13}},"5":{"start":{"line":11,"column":4},"end":{"line":11,"column":47}},"6":{"start":{"line":13,"column":4},"end":{"line":13,"column":14}},"7":{"start":{"line":17,"column":23},"end":{"line":32,"column":1}},"8":{"start":{"line":18,"column":2},"end":{"line":31,"column":3}},"9":{"start":{"line":19,"column":19},"end":{"line":19,"column":62}},"10":{"start":{"line":20,"column":4},"end":{"line":22,"column":5}},"11":{"start":{"line":21,"column":6},"end":{"line":21,"column":83}},"12":{"start":{"line":23,"column":4},"end":{"line":23,"column":53}},"13":{"start":{"line":24,"column":4},"end":{"line":27,"column":6}},"14":{"start":{"line":28,"column":4},"end":{"line":28,"column":31}},"15":{"start":{"line":30,"column":4},"end":{"line":30,"column":14}},"16":{"start":{"line":34,"column":0},"end":{"line":34,"column":49}}},"fnMap":{"0":{"name":"(anonymous_0)","decl":{"start":{"line":4,"column":20},"end":{"line":4,"column":21}},"loc":{"start":{"line":4,"column":46},"end":{"line":15,"column":1}},"line":4},"1":{"name":"(anonymous_1)","decl":{"start":{"line":17,"column":23},"end":{"line":17,"column":24}},"loc":{"start":{"line":17,"column":49},"end":{"line":32,"column":1}},"line":17}},"branchMap":{"0":{"loc":{"start":{"line":20,"column":4},"end":{"line":22,"column":5}},"type":"if","locations":[{"start":{"line":20,"column":4},"end":{"line":22,"column":5}},{"start":{},"end":{}}],"line":20}},"s":{"0":0,"1":0,"2":0,"3":0,"4":0,"5":0,"6":0,"7":0,"8":0,"9":0,"10":0,"11":0,"12":0,"13":0,"14":0,"15":0,"16":0},"f":{"0":0,"1":0},"b":{"0":[0,0]}}
,"C:\\Users\\sk780\\OneDrive\\डेस्कटॉप\\pradhikaran-Portal2\\backend\\controllers\\timeWindowController.js": {"path":"C:\\Users\\sk780\\OneDrive\\डेस्कटॉप\\pradhikaran-Portal2\\backend\\controllers\\timeWindowController.js","statementMap":{"0":{"start":{"line":1,"column":19},"end":{"line":1,"column":50}},"1":{"start":{"line":3,"column":13},"end":{"line":13,"column":1}},"2":{"start":{"line":4,"column":2},"end":{"line":12,"column":3}},"3":{"start":{"line":5,"column":20},"end":{"line":8,"column":13}},"4":{"start":{"line":9,"column":4},"end":{"line":9,"column":47}},"5":{"start":{"line":11,"column":4},"end":{"line":11,"column":14}},"6":{"start":{"line":15,"column":15},"end":{"line":31,"column":1}},"7":{"start":{"line":16,"column":2},"end":{"line":30,"column":3}},"8":{"start":{"line":17,"column":41},"end":{"line":17,"column":49}},"9":{"start":{"line":18,"column":4},"end":{"line":20,"column":5}},"10":{"start":{"line":19,"column":6},"end":{"line":19,"column":100}},"11":{"start":{"line":21,"column":15},"end":{"line":26,"column":6}},"12":{"start":{"line":27,"column":4},"end":{"line":27,"column":54}},"13":{"start":{"line":29,"column":4},"end":{"line":29,"column":14}},"14":{"start":{"line":33,"column":15},"end":{"line":51,"column":1}},"15":{"start":{"line":34,"column":2},"end":{"line":50,"column":3}},"16":{"start":{"line":35,"column":45},"end":{"line":35,"column":53}},"17":{"start":{"line":36,"column":15},"end":{"line":36,"column":55}},"18":{"start":{"line":37,"column":4},"end":{"line":39,"column":5}},"19":{"start":{"line":38,"column":6},"end":{"line":38,"column":88}},"20":{"start":{"line":40,"column":4},"end":{"line":40,"column":44}},"21":{"start":{"line":40,"column":19},"end":{"line":40,"column":44}},"22":{"start":{"line":41,"column":4},"end":{"line":41,"column":38}},"23":{"start":{"line":41,"column":17},"end":{"line":41,"column":38}},"24":{"start":{"line":42,"column":4},"end":{"line":42,"column":62}},"25":{"start":{"line":42,"column":39},"end":{"line":42,"column":62}},"26":{"start":{"line":43,"column":4},"end":{"line":45,"column":5}},"27":{"start":{"line":44,"column":6},"end":{"line":44,"column":100}},"28":{"start":{"line":46,"column":4},"end":{"line":46,"column":20}},"29":{"start":{"line":47,"column":4},"end":{"line":47,"column":42}},"30":{"start":{"line":49,"column":4},"end":{"line":49,"column":14}},"31":{"start":{"line":53,"column":15},"end":{"line":63,"column":1}},"32":{"start":{"line":54,"column":2},"end":{"line":62,"column":3}},"33":{"start":{"line":55,"column":15},"end":{"line":55,"column":64}},"34":{"start":{"line":56,"column":4},"end":{"line":58,"column":5}},"35":{"start":{"line":57,"column":6},"end":{"line":57,"column":88}},"36":{"start":{"line":59,"column":4},"end":{"line":59,"column":64}},"37":{"start":{"line":61,"column":4},"end":{"line":61,"column":14}},"38":{"start":{"line":65,"column":0},"end":{"line":65,"column":50}}},"fnMap":{"0":{"name":"(anonymous_0)","decl":{"start":{"line":3,"column":13},"end":{"line":3,"column":14}},"loc":{"start":{"line":3,"column":39},"end":{"line":13,"column":1}},"line":3},"1":{"name":"(anonymous_1)","decl":{"start":{"line":15,"column":15},"end":{"line":15,"column":16}},"loc":{"start":{"line":15,"column":41},"end":{"line":31,"column":1}},"line":15},"2":{"name":"(anonymous_2)","decl":{"start":{"line":33,"column":15},"end":{"line":33,"column":16}},"loc":{"start":{"line":33,"column":41},"end":{"line":51,"column":1}},"line":33},"3":{"name":"(anonymous_3)","decl":{"start":{"line":53,"column":15},"end":{"line":53,"column":16}},"loc":{"start":{"line":53,"column":41},"end":{"line":63,"column":1}},"line":53}},"branchMap":{"0":{"loc":{"start":{"line":18,"column":4},"end":{"line":20,"column":5}},"type":"if","locations":[{"start":{"line":18,"column":4},"end":{"line":20,"column":5}},{"start":{},"end":{}}],"line":18},"1":{"loc":{"start":{"line":37,"column":4},"end":{"line":39,"column":5}},"type":"if","locations":[{"start":{"line":37,"column":4},"end":{"line":39,"column":5}},{"start":{},"end":{}}],"line":37},"2":{"loc":{"start":{"line":40,"column":4},"end":{"line":40,"column":44}},"type":"if","locations":[{"start":{"line":40,"column":4},"end":{"line":40,"column":44}},{"start":{},"end":{}}],"line":40},"3":{"loc":{"start":{"line":41,"column":4},"end":{"line":41,"column":38}},"type":"if","locations":[{"start":{"line":41,"column":4},"end":{"line":41,"column":38}},{"start":{},"end":{}}],"line":41},"4":{"loc":{"start":{"line":42,"column":4},"end":{"line":42,"column":62}},"type":"if","locations":[{"start":{"line":42,"column":4},"end":{"line":42,"column":62}},{"start":{},"end":{}}],"line":42},"5":{"loc":{"start":{"line":43,"column":4},"end":{"line":45,"column":5}},"type":"if","locations":[{"start":{"line":43,"column":4},"end":{"line":45,"column":5}},{"start":{},"end":{}}],"line":43},"6":{"loc":{"start":{"line":56,"column":4},"end":{"line":58,"column":5}},"type":"if","locations":[{"start":{"line":56,"column":4},"end":{"line":58,"column":5}},{"start":{},"end":{}}],"line":56}},"s":{"0":0,"1":0,"2":0,"3":0,"4":0,"5":0,"6":0,"7":0,"8":0,"9":0,"10":0,"11":0,"12":0,"13":0,"14":0,"15":0,"16":0,"17":0,"18":0,"19":0,"20":0,"21":0,"22":0,"23":0,"24":0,"25":0,"26":0,"27":0,"28":0,"29":0,"30":0,"31":0,"32":0,"33":0,"34":0,"35":0,"36":0,"37":0,"38":0},"f":{"0":0,"1":0,"2":0,"3":0},"b":{"0":[0,0],"1":[0,0],"2":[0,0],"3":[0,0],"4":[0,0],"5":[0,0],"6":[0,0]}}
,"C:\\Users\\sk780\\OneDrive\\डेस्कटॉप\\pradhikaran-Portal2\\backend\\controllers\\userController.js": {"path":"C:\\Users\\sk780\\OneDrive\\डेस्कटॉप\\pradhikaran-Portal2\\backend\\controllers\\userController.js","statementMap":{"0":{"start":{"line":1,"column":17},"end":{"line":1,"column":37}},"1":{"start":{"line":2,"column":18},"end":{"line":2,"column":48}},"2":{"start":{"line":3,"column":27},"end":{"line":3,"column":68}},"3":{"start":{"line":4,"column":29},"end":{"line":4,"column":62}},"4":{"start":{"line":5,"column":32},"end":{"line":5,"column":62}},"5":{"start":{"line":7,"column":24},"end":{"line":20,"column":1}},"6":{"start":{"line":8,"column":2},"end":{"line":19,"column":3}},"7":{"start":{"line":9,"column":18},"end":{"line":15,"column":13}},"8":{"start":{"line":16,"column":4},"end":{"line":16,"column":45}},"9":{"start":{"line":18,"column":4},"end":{"line":18,"column":14}},"10":{"start":{"line":22,"column":26},"end":{"line":52,"column":1}},"11":{"start":{"line":23,"column":2},"end":{"line":51,"column":3}},"12":{"start":{"line":24,"column":38},"end":{"line":24,"column":46}},"13":{"start":{"line":25,"column":21},"end":{"line":25,"column":76}},"14":{"start":{"line":26,"column":4},"end":{"line":28,"column":5}},"15":{"start":{"line":27,"column":6},"end":{"line":27,"column":87}},"16":{"start":{"line":29,"column":17},"end":{"line":35,"column":6}},"17":{"start":{"line":36,"column":4},"end":{"line":36,"column":22}},"18":{"start":{"line":39,"column":4},"end":{"line":45,"column":5}},"19":{"start":{"line":40,"column":6},"end":{"line":44,"column":7}},"20":{"start":{"line":41,"column":8},"end":{"line":41,"column":95}},"21":{"start":{"line":43,"column":8},"end":{"line":43,"column":62}},"22":{"start":{"line":47,"column":25},"end":{"line":47,"column":81}},"23":{"start":{"line":48,"column":4},"end":{"line":48,"column":64}},"24":{"start":{"line":50,"column":4},"end":{"line":50,"column":14}},"25":{"start":{"line":54,"column":24},"end":{"line":65,"column":1}},"26":{"start":{"line":55,"column":2},"end":{"line":64,"column":3}},"27":{"start":{"line":56,"column":19},"end":{"line":56,"column":71}},"28":{"start":{"line":57,"column":18},"end":{"line":60,"column":13}},"29":{"start":{"line":61,"column":4},"end":{"line":61,"column":45}},"30":{"start":{"line":63,"column":4},"end":{"line":63,"column":14}},"31":{"start":{"line":67,"column":19},"end":{"line":80,"column":1}},"32":{"start":{"line":68,"column":2},"end":{"line":79,"column":3}},"33":{"start":{"line":69,"column":18},"end":{"line":75,"column":13}},"34":{"start":{"line":76,"column":4},"end":{"line":76,"column":45}},"35":{"start":{"line":78,"column":4},"end":{"line":78,"column":14}},"36":{"start":{"line":82,"column":21},"end":{"line":112,"column":1}},"37":{"start":{"line":83,"column":2},"end":{"line":111,"column":3}},"38":{"start":{"l
[...]
":{"start":{"line":18,"column":2},"end":{"line":18,"column":24}},"7":{"start":{"line":19,"column":2},"end":{"line":22,"column":5}},"8":{"start":{"line":23,"column":2},"end":{"line":23,"column":18}},"9":{"start":{"line":26,"column":25},"end":{"line":56,"column":1}},"10":{"start":{"line":27,"column":19},"end":{"line":36,"column":4}},"11":{"start":{"line":37,"column":2},"end":{"line":37,"column":24}},"12":{"start":{"line":38,"column":2},"end":{"line":41,"column":5}},"13":{"start":{"line":42,"column":27},"end":{"line":47,"column":11}},"14":{"start":{"line":48,"column":2},"end":{"line":54,"column":3}},"15":{"start":{"line":49,"column":4},"end":{"line":53,"column":6}},"16":{"start":{"line":55,"column":2},"end":{"line":55,"column":18}},"17":{"start":{"line":58,"column":27},"end":{"line":70,"column":1}},"18":{"start":{"line":59,"column":2},"end":{"line":69,"column":12}},"19":{"start":{"line":72,"column":22},"end":{"line":81,"column":1}},"20":{"start":{"line":73,"column":2},"end":{"line":80,"column":12}},"21":{"start":{"line":83,"column":26},"end":{"line":91,"column":1}},"22":{"start":{"line":84,"column":2},"end":{"line":90,"column":12}},"23":{"start":{"line":93,"column":16},"end":{"line":99,"column":1}},"24":{"start":{"line":94,"column":12},"end":{"line":94,"column":67}},"25":{"start":{"line":95,"column":2},"end":{"line":95,"column":88}},"26":{"start":{"line":95,"column":34},"end":{"line":95,"column":88}},"27":{"start":{"line":96,"column":2},"end":{"line":96,"column":76}},"28":{"start":{"line":96,"column":33},"end":{"line":96,"column":76}},"29":{"start":{"line":97,"column":2},"end":{"line":97,"column":85}},"30":{"start":{"line":97,"column":40},"end":{"line":97,"column":85}},"31":{"start":{"line":98,"column":2},"end":{"line":98,"column":18}},"32":{"start":{"line":101,"column":15},"end":{"line":121,"column":1}},"33":{"start":{"line":102,"column":19},"end":{"line":110,"column":4}},"34":{"start":{"line":111,"column":2},"end":{"line":111,"column":29}},"35":{"start":{"line":111,"column":17},"end":{"line":111,"column":29}},"36":{"start":{"line":112,"column":14},"end":{"line":112,"column":74}},"37":{"start":{"line":113,"column":2},"end":{"line":113,"column":54}},"38":{"start":{"line":113,"column":26},"end":{"line":113,"column":54}},"39":{"start":{"line":114,"column":2},"end":{"line":114,"column":72}},"40":{"start":{"line":114,"column":32},"end":{"line":114,"column":72}},"41":{"start":{"line":115,"column":2},"end":{"line":115,"column":63}},"42":{"start":{"line":115,"column":29},"end":{"line":115,"column":63}},"43":{"start":{"line":116,"column":2},"end":{"line":116,"column":63}},"44":{"start":{"line":116,"column":29},"end":{"line":116,"column":63}},"45":{"start":{"line":117,"column":2},"end":{"line":117,"column":58}},"46":{"start":{"line":117,"column":32},"end":{"line":117,"column":58}},"47":{"start":{"line":118,"column":2},"end":{"line":118,"column":24}},"48":{"start":{"line":119,"column":2},"end":{"line":119,"column":88}},"49":{"start":{"line":120,"column":2},"end":{"line":120,"column":18}},"50":{"start":{"line":123,"column":13},"end":{"line":148,"column":1}},"51":{"start":{"line":124,"column":19},"end":{"line":132,"column":4}},"52":{"start":{"line":133,"column":2},"end":{"line":133,"column":29}},"53":{"start":{"line":133,"column":17},"end":{"line":133,"column":29}},"54":{"start":{"line":134,"column":2},"end":{"line":134,"column":24}},"55":{"start":{"line":135,"column":2},"end":{"line":135,"column":43}},"56":{"start":{"line":136,"column":2},"end":{"line":136,"column":24}},"57":{"start":{"line":137,"column":2},"end":{"line":137,"column":71}},"58":{"start":{"line":138,"column":23},"end":{"line":138,"column":82}},"59":{"start":{"line":139,"column":2},"end":{"line":146,"column":4}},"60":{"start":{"line":147,"column":2},"end":{"line":147,"column":18}},"61":{"start":{"line":150,"column":19},"end":{"line":165,"column":1}},"62":{"start":{"line":151,"column":19},"end":{"line":159,"column":4}},"63":{"start":{"line":160,"column":2},"end":{"line":160,"column":29}},"64":{"start":{"line":160,"column":17},"end":{"line":160,"column":29}},"65":{"start":{"line":161,"column":2},"end":{"line":161,"column":28}},"66":{"start":{"line":162,"column":2},"end":{"line":162,"column":24}},"67":{"start":{"line":163,"column":2},"end":{"line":163,"column":95}},"68":{"start":{"line":164,"column":2},"end":{"line":164,"column":18}},"69":{"start":{"line":167,"column":19},"end":{"line":180,"column":1}},"70":{"start":{"line":168,"column":19},"end":{"line":175,"column":4}},"71":{"start":{"line":176,"column":2},"end":{"line":176,"column":29}},"72":{"start":{"line":176,"column":17},"end":{"line":176,"column":29}},"73":{"start":{"line":177,"column":2},"end":{"line":177,"column":40}},"74":{"start":{"line":178,"column":2},"end":{"line":178,"column":79}},"75":{"start":{"line":179,"column":2},"end":{"line":179,"column":21}},"76":{"start":{"line":182,"column":16},"end":{"line":196,"column":1}},"77":{"start":{"line":183,"column":19},"end":{"line":190,"column":4}},"78":{"start":{"line":191,"column":2},"end":{"line":191,"column":29}},"79":{"start":{"line":191,"column":17},"end":{"line":191,"column":29}},"80":{"start":{"line":192,"column":2},"end":{"line":192,"column":29}},"81":{"start":{"line":193,"column":2},"end":{"line":193,"column":24}},"82":{"start":{"line":194,"column":2},"end":{"line":194,"column":145}},"83":{"start":{"line":195,"column":2},"end":{"line":195,"column":18}},"84":{"start":{"line":198,"column":34},"end":{"line":210,"column":1}},"85":{"start":{"line":199,"column":2},"end":{"line":209,"column":12}},"86":{"start":{"line":212,"column":17},"end":{"line":237,"column":1}},"87":{"start":{"line":213,"column":19},"end":{"line":221,"column":4}},"88":{"start":{"line":222,"column":2},"end":{"line":222,"column":29}},"89":{"start":{"line":222,"column":17},"end":{"line":222,"column":29}},"90":{"start":{"line":223,"column":2},"end":{"line":223,"column":41}},"91":{"start":{"line":224,"column":2},"end":{"line":224,"column":46}},"92":{"start":{"line":225,"column":2},"end":{"line":225,"column":47}},"93":{"start":{"line":226,"column":2},"end":{"line":226,"column":24}},"94":{"start":{"line":227,"column":2},"end":{"line":227,"column":74}},"95":{"start":{"line":228,"column":2},"end":{"line":228,"column":77}},"96":{"start":{"line":229,"column":2},"end":{"line":235,"column":3}},"97":{"start":{"line":230,"column":4},"end":{"line":234,"column":6}},"98":{"start":{"line":236,"column":2},"end":{"line":236,"column":18}},"99":{"start":{"line":239,"column":26},"end":{"line":289,"column":1}},"100":{"start":{"line":240,"column":19},"end":{"line":244,"column":4}},"101":{"start":{"line":245,"column":2},"end":{"line":245,"column":29}},"102":{"start":{"line":245,"column":17},"end":{"line":245,"column":29}},"103":{"start":{"line":246,"column":14},"end":{"line":251,"column":3}},"104":{"start":{"line":252,"column":2},"end":{"line":252,"column":44}},"105":{"start":{"line":253,"column":2},"end":{"line":253,"column":65}},"106":{"start":{"line":253,"column":25},"end":{"line":253,"column":65}},"107":{"start":{"line":254,"column":2},"end":{"line":254,"column":55}},"108":{"start":{"line":254,"column":21},"end":{"line":254,"column":55}},"109":{"start":{"line":255,"column":2},"end":{"line":255,"column":58}},"110":{"start":{"line":255,"column":32},"end":{"line":255,"column":58}},"111":{"start":{"line":256,"column":2},"end":{"line":262,"column":5}},"112":{"start":{"line":263,"column":2},"end":{"line":263,"column":24}},"113":{"start":{"line":264,"column":2},"end":{"line":273,"column":5}},"114":{"start":{"line":274,"column":2},"end":{"line":280,"column":3}},"115":{"start":{"line":275,"column":4},"end":{"line":279,"column":6}},"116":{"start":{"line":281,"column":2},"end":{"line":287,"column":3}},"117":{"start":{"line":282,"column":4},"end":{"line":286,"column":6}},"118":{"start":{"line":288,"column":2},"end":{"line":288,"column":18}},"119":{"start":{"line":291,"column":38},"end":{"line":309,"column":1}},"120":{"start":{"line":292,"column":22},"end":{"line":297,"column":11}},"121":{"start":{"line":298,"column":20},"end":{"line":298,"column":49}},"122":{"start":{"line":298,"column":43},"end":{"line":298,"column":48}},"123":{"start":{"line":299,"column":2},"end":{"line":299,"column":40}},"124":{"start":{"line":299,"column":30},"end":{"line":299,"column":40}},"125":{"start":{"line":300,"column":2},"end":{"line":308,"column":12}},"126":{"start":{"line":311,"column":29},"end":{"line":317,"column":1}},"127":{"start":{"line":312,"column":2},"end":{"line":316,"column":12}},"128":{"start":{"line":319,"column":0},"end":{"line":336,"column":2}}},"fnMap":{"0":{"name":"(anonymous_0)","decl":{"start":{"line":6,"column":15},"end":{"line":6,"column":16}},"loc":{"start":{"line":6,"column":39},"end":{"line":24,"column":1}},"line":6},"1":{"name":"(anonymous_1)","decl":{"start":{"line":26,"column":25},"end":{"line":26,"column":26}},"loc":{"start":{"line":26,"column":49},"end":{"line":56,"column":1}},"line":26},"2":{"name":"(anonymous_2)","decl":{"start":{"line":58,"column":27},"end":{"line":58,"column":28}},"loc":{"start":{"line":58,"column":45},"end":{"line":70,"column":1}},"line":58},"3":{"name":"(anonymous_3)","decl":{"start":{"line":72,"column":22},"end":{"line":72,"column":23}},"loc":{"start":{"line":72,"column":40},"end":{"line":81,"column":1}},"line":72},"4":{"name":"(anonymous_4)","decl":{"start":{"line":83,"column":26},"end":{"line":83,"column":27}},"loc":{"start":{"line":83,"column":50},"end":{"line":91,"column":1}},"line":83},"5":{"name":"(anonymous_5)","decl":{"start":{"line":93,"column":16},"end":{"line":93,"column":17}},"loc":{"start":{"line":93,"column":44},"end":{"line":99,"column":1}},"line":93},"6":{"name":"(anonymous_6)","decl":{"start":{"line":101,"column":15},"end":{"line":101,"column":16}},"loc":{"start":{"line":101,"column":43},"end":{"line":121,"column":1}},"line":101},"7":{"name":"(anonymous_7)","decl":{"start":{"line":123,"column":13},"end":{"line":123,"column":14}},"loc":{"start":{"line":123,"column":35},"end":{"line":148,"column":1}},"line":123},"8":{"name":"(anonymous_8)","decl":{"start":{"line":150,"column":19},"end":{"line":150,"column":20}},"loc":{"start":{"line":150,"column":41},"end":{"line":165,"column":1}},"line":150},"9":{"name":"(anonymous_9)","decl":{"start":{"line":167,"column":19},"end":{"line":167,"column":20}},"loc":{"start":{"line":167,"column":41},"end":{"line":180,"column":1}},"line":167},"10":{"name":"(anonymous_10)","decl":{"start":{"line":182,"column":16},"end":{"line":182,"column":17}},"loc":{"start":{"line":182,"column":38},"end":{"line":196,"column":1}},"line":182},"11":{"name":"(anonymous_11)","decl":{"start":{"line":198,"column":34},"end":{"line":198,"column":35}},"loc":{"start":{"line":198,"column":52},"end":{"line":210,"column":1}},"line":198},"12":{"name":"(anonymous_12)","decl":{"start":{"line":212,"column":17},"end":{"line":212,"column":18}},"loc":{"start":{"line":212,"column":56},"end":{"line":237,"column":1}},"line":212},"13":{"name":"(anonymous_13)","decl":{"start":{"line":239,"column":26},"end":{"line":239,"column":27}},"loc":{"start":{"line":239,"column":61},"end":{"line":289,"column":1}},"line":239},"14":{"name":"(anonymous_14)","decl":{"start":{"line":291,"column":38},"end":{"line":291,"column":39}},"loc":{"start":{"line":291,"column":50},"end":{"line":309,"column":1}},"line":291},"15":{"name":"(anonymous_15)","decl":{"start":{"line":298,"column":36},"end":{"line":298,"column":37}},"loc":{"start":{"line":298,"column":43},"end":{"line":298,"column":48}},"line":298},"16":{"name":"(anonymous_16)","decl":{"start":{"line":311,"column":29},"end":{"line":311,"column":30}},"loc":{"start":{"line":311,"column":41},"end":{"line":317,"column":1}},"line":311}},"branchMap":{"0":{"loc":{"start":{"line":14,"column":14},"end":{"line":14,"column":39}},"type":"binary-expr","locations":[{"start":{"line":14,"column":14},"end":{"line":14,"column":27}},{"start":{"line":14,"column":31},"end":{"line":14,"column":39}}],"line":14},"1":{"loc":{"start":{"line":15,"column":10},"end":{"line":15,"column":25}},"type":"binary-expr","locations":[{"start":{"line":15,"column":10},"end":{"line":15,"column":19}},{"start":{"line":15,"column":23},"end":{"line":15,"column":25}}],"line":15},"2":{"loc":{"start":{"line":33,"column":14},"end":{"line":33,"column":39}},"type":"binary-expr","locations":[{"start":{"line":33,"column":14},"end":{"line":33,"column":27}},{"start":{"line":33,"column":31},"end":{"line":33,"column":39}}],"line":33},"3":{"loc":{"start":{"line":34,"column":10},"end":{"line":34,"column":25}},"type":"binary-expr","locations":[{"start":{"line":34,"column":10},"end":{"line":34,"column":19}},{"start":{"line":34,"column":23},"end":{"line":34,"column":25}}],"line":34},"4":{"loc":{"start":{"line":93,"column":27},"end":{"line":93,"column":39}},"type":"default-arg","locations":[{"start":{"line":93,"column":37},"end":{"line":93,"column":39}}],"line":93},"5":{"loc":{"start":{"line":95,"column":2},"end":{"line":95,"column":88}},"type":"if","locations":[{"start":{"line":95,"column":2},"end":{"line":95,"column":88}},{"start":{},"end":{}}],"line":95},"6":{"loc":{"start":{"line":96,"column":2},"end":{"line":96,"column":76}},"type":"if","locations":[{"start":{"line":96,"column":2},"end":{"line":96,"column":76}},{"start":{},"end":{}}],"line":96},"7":{"loc":{"start":{"line":97,"column":2},"end":{"line":97,"column":85}},"type":"if","locations":[{"start":{"line":97,"column":2},"end":{"line":97,"column":85}},{"start":{},"end":{}}],"line":97},"8":{"loc":{"start":{"line":111,"column":2},"end":{"line":111,"column":29}},"type":"if","locations":[{"start":{"line":111,"column":2},"end":{"line":111,"column":29}},{"start":{},"end":{}}],"line":111},"9":{"loc":{"start":{"line":113,"column":2},"end":{"line":113,"column":54}},"type":"if","locations":[{"start":{"line":113,"column":2},"end":{"line":113,"column":54}},{"start":{},"end":{}}],"line":113},"10":{"loc":{"start":{"line":114,"column":2},"end":{"line":114,"column":72}},"type":"if","locations":[{"start":{"line":114,"column":2},"end":{"line":114,"column":72}},{"start":{},"end":{}}],"line":114},"11":{"loc":{"start":{"line":115,"column":2},"end":{"line":115,"column":63}},"type":"if","locations":[{"start":{"line":115,"column":2},"end":{"line":115,"column":63}},{"start":{},"end":{}}],"line":115},"12":{"loc":{"start":{"line":116,"column":2},"end":{"line":116,"column":63}},"type":"if","locations":[{"start":{"line":116,"column":2},"end":{"line":116,"column":63}},{"start":{},"end":{}}],"line":116},"13":{"loc":{"start":{"line":117,"column":2},"end":{"line":117,"column":58}},"type":"if","locations":[{"start":{"line":117,"column":2},"end":{"line":117,"column":58}},{"start":{},"end":{}}],"line":117},"14":{"loc":{"start":{"line":133,"column":2},"end":{"line":133,"column":29}},"type":"if","locations":[{"start":{"line":133,"column":2},"end":{"line":133,"column":29}},{"start":{},"end":{}}],"line":133},"15":{"loc":{"start":{"line":138,"column":23},"end":{"line":138,"column":82}},"type":"cond-expr","locations":[{"start":{"line":138,"column":45},"end":{"line":138,"column":75}},{"start":{"line":138,"column":78},"end":{"line":138,"column":82}}],"line":138},"16":{"loc":{"start":{"line":144,"column":10},"end":{"line":144,"column":42}},"type":"binary-expr","locations":[{"start":{"line":144,"column":10},"end":{"line":144,"column":22}},{"start":{"line":144,"column":26},"end":{"line":144,"column":42}}],"line":144},"17":{"loc":{"start":{"line":160,"column":2},"end":{"line":160,"column":29}},"type":"if","locations":[{"start":{"line":160,"column":2},"end":{"line":160,"column":29}},{"start":{},"end":{}}],"line":160},"18":{"loc":{"start":{"line":176,"column":2},"end":{"line":176,"column":29}},"type":"if","locations":[{"start":{"line":176,"column":2},"end":{"line":176,"column":29}},{"start":{},"end":{}}],"line":176},"19":{"loc":{"start":{"line":191,"column":2},"end":{"line":191,"column":29}},"type":"if","locations":[{"start":{"line":191,"column":2},"end":{"line":191,"column":29}},{"start":{},"end":{}}],"line":191},"20":{"loc":{"start":{"line":222,"column":2},"end":{"line":222,"column":29}},"type":"if","locations":[{"start":{"line":222,"column":2},"end":{"line":222,"column":29}},{"start":{},"end":{}}],"line":222},"21":{"loc":{"start":{"line":229,"column":2},"end":{"line":235,"column":3}},"type":"if","locations":[{"start":{"line":229,"column":2},"end":{"line":235,"column":3}},{"start":{},"end":{}}],"line":229},"22":{"loc":{"start":{"line":245,"column":2},"end":{"line":245,"column":29}},"type":"if","locations":[{"start":{"line":245,"column":2},"end":{"line":245,"column":29}},{"start":{},"end":{}}],"line":245},"23":{"loc":{"start":{"line":253,"column":2},"end":{"line":253,"column":65}},"type":"if","locations":[{"start":{"line":253,"column":2},"end":{"line":253,"column":65}},{"start":{},"end":{}}],"line":253},"24":{"loc":{"start":{"line":254,"column":2},"end":{"line":254,"column":55}},"type":"if","locations":[{"start":{"line":254,"column":2},"end":{"line":254,"column":55}},{"start":{},"end":{}}],"line":254},"25":{"loc":{"start":{"line":255,"column":2},"end":{"line":255,"column":58}},"type":"if","locations":[{"start":{"line":255,"column":2},"end":{"line":255,"column":58}},{"start":{},"end":{}}],"line":255},"26":{"loc":{"start":{"line":258,"column":16},"end":{"line":258,"column":56}},"type":"binary-expr","locations":[{"start":{"line":258,"column":16},"end":{"line":258,"column":33}},{"start":{"line":258,"column":37},"end":{"line":258,"column":56}}],"line":258},"27":{"loc":{"start":{"line":259,"column":14},"end":{"line":259,"column":48}},"type":"binary-expr","locations":[{"start":{"line":259,"column":14},"end":{"line":259,"column":27}},{"start":{"line":259,"column":31},"end":{"line":259,"column":48}}],"line":259},"28":{"loc":{"start":{"line":260,"column":10},"end":{"line":260,"column":62}},"type":"cond-expr","locations":[{"start":{"line":260,"column":37},"end":{"line":260,"column":46}},{"start":{"line":260,"column":49},"end":{"line":260,"column":62}}],"line":260},"29":{"loc":{"start":{"line":274,"column":2},"end":{"line":280,"column":3}},"type":"if","locations":[{"start":{"line":274,"column":2},"end":{"line":280,"column":3}},{"start":{},"end":{}}],"line":274},"30":{"loc":{"start":{"line":281,"column":2},"end":{"line":287,"column":3}},"type":"if","locations":[{"start":{"line":281,"column":2},"end":{"line":287,"column":3}},{"start":{},"end":{}}],"line":281},"31":{"loc":{"start":{"line":299,"column":2},"end":{"line":299,"column":40}},"type":"if","locations":[{"start":{"line":299,"column":2},"end":{"line":299,"column":40}},{"start":{},"end":{}}],"line":299}},"s":{"0":0,"1":0,"2":0,"3":0,"4":0,"5":0,"6":0,"7":0,"8":0,"9":0,"10":0,"11":0,"12":0,"13":0,"14":0,"15":0,"16":0,"17":0,"18":0,"19":0,"20":0,"21":0,"22":0,"23":0,"24":0,"25":0,"26":0,"27":0,"28":0,"29":0,"30":0,"31":0,"32":0,"33":0,"34":0,"35":0,"36":0,"37":0,"38":0,"39":0,"40":0,"41":0,"42":0,"43":0,"44":0,"45":0,"46":0,"47":0,"48":0,"49":0,"50":0,"51":0,"52":0,"53":0,"54":0,"55":0,"56":0,"57":0,"58":0,"59":0,"60":0,"61":0,"62":0,"63":0,"64":0,"65":0,"66":0,"67":0,"68":0,"69":0,"70":0,"71":0,"72":0,"73":0,"74":0,"75":0,"76":0,"77":0,"78":0,"79":0,"80":0,"81":0,"82":0,"83":0,"84":0,"85":0,"86":0,"87":0,"88":0,"89":0,"90":0,"91":0,"92":0,"93":0,"94":0,"95":0,"96":0,"97":0,"98":0,"99":0,"100":0,"101":0,"102":0,"103":0,"104":0,"105":0,"106":0,"107":0,"108":0,"109":0,"110":0,"111":0,"112":0,"113":0,"114":0,"115":0,"116":0,"117":0,"118":0,"119":0,"120":0,"121":0,"122":0,"123":0,"124":0,"125":0,"126":0,"127":0,"128":0},"f":{"0":0,"1":0,"2":0,"3":0,"4":0,"5":0,"6":0,"7":0,"8":0,"9":0,"10":0,"11":0,"12":0,"13":0,"14":0,"15":0,"16":0},"b":{"0":[0,0],"1":[0,0],"2":[0,0],"3":[0,0],"4":[0],"5":[0,0],"6":[0,0],"7":[0,0],"8":[0,0],"9":[0,0],"10":[0,0],"11":[0,0],"12":[0,0],"13":[0,0],"14":[0,0],"15":[0,0],"16":[0,0],"17":[0,0],"18":[0,0],"19":[0,0],"20":[0,0],"21":[0,0],"22":[0,0],"23":[0,0],"24":[0,0],"25":[0,0],"26":[0,0],"27":[0,0],"28":[0,0],"29":[0,0],"30":[0,0],"31":[0,0]}}
}
