{"C:\\Users\\sk780\\OneDrive\\डेस्कटॉप\\Collaboration\\backend\\controllers\\activityLogController.js": {"path":"C:\\Users\\sk780\\OneDrive\\डेस्कटॉप\\Collaboration\\backend\\controllers\\activityLogController.js","statementMap":{"0":{"start":{"line":1,"column":20},"end":{"line":1,"column":52}},"1":{"start":{"line":2,"column":53},"end":{"line":2,"column":83}},"2":{"start":{"line":4,"column":13},"end":{"line":26,"column":1}},"3":{"start":{"line":5,"column":2},"end":{"line":25,"column":3}},"4":{"start":{"line":6,"column":17},"end":{"line":6,"column":59}},"5":{"start":{"line":7,"column":18},"end":{"line":7,"column":77}},"6":{"start":{"line":8,"column":17},"end":{"line":8,"column":35}},"7":{"start":{"line":9,"column":18},"end":{"line":9,"column":20}},"8":{"start":{"line":10,"column":4},"end":{"line":10,"column":56}},"9":{"start":{"line":10,"column":26},"end":{"line":10,"column":56}},"10":{"start":{"line":11,"column":4},"end":{"line":11,"column":58}},"11":{"start":{"line":11,"column":26},"end":{"line":11,"column":58}},"12":{"start":{"line":12,"column":4},"end":{"line":12,"column":70}},"13":{"start":{"line":12,"column":30},"end":{"line":12,"column":70}},"14":{"start":{"line":14,"column":26},"end":{"line":17,"column":6}},"15":{"start":{"line":19,"column":4},"end":{"line":22,"column":7}},"16":{"start":{"line":24,"column":4},"end":{"line":24,"column":14}},"17":{"start":{"line":29,"column":16},"end":{"line":29,"column":38}},"18":{"start":{"line":31,"column":18},"end":{"line":31,"column":87}},"19":{"start":{"line":32,"column":2},"end":{"line":40,"column":3}},"20":{"start":{"line":33,"column":15},"end":{"line":33,"column":52}},"21":{"start":{"line":34,"column":4},"end":{"line":39,"column":6}},"22":{"start":{"line":42,"column":2},"end":{"line":45,"column":3}},"23":{"start":{"line":43,"column":20},"end":{"line":43,"column":84}},"24":{"start":{"line":43,"column":59},"end":{"line":43,"column":67}},"25":{"start":{"line":44,"column":4},"end":{"line":44,"column":92}},"26":{"start":{"line":44,"column":24},"end":{"line":44,"column":92}},"27":{"start":{"line":46,"column":2},"end":{"line":53,"column":3}},"28":{"start":{"line":47,"column":4},"end":{"line":52,"column":5}},"29":{"start":{"line":48,"column":6},"end":{"line":48,"column":36}},"30":{"start":{"line":49,"column":6},"end":{"line":49,"column":102}},"31":{"start":{"line":51,"column":6},"end":{"line":51,"column":38}},"32":{"start":{"line":54,"column":2},"end":{"line":54,"column":68}},"33":{"start":{"line":54,"column":28},"end":{"line":54,"column":68}},"34":{"start":{"line":56,"column":19},"end":{"line":56,"column":75}},"35":{"start":{"line":57,"column":17},"end":{"line":57,"column":69}},"36":{"start":{"line":58,"column":2},"end":{"line":62,"column":3}},"37":{"start":{"line":59,"column":4},"end":{"line":59,"column":25}},"38":{"start":{"line":60,"column":4},"end":{"line":60,"column":80}},"39":{"start":{"line":60,"column":48},"end":{"line":60,"column":80}},"40":{"start":{"line":61,"column":4},"end":{"line":61,"column":74}},"41":{"start":{"line":61,"column":44},"end":{"line":61,"column":74}},"42":{"start":{"line":64,"column":2},"end":{"line":64,"column":15}},"43":{"start":{"line":68,"column":2},"end":{"line":68,"column":52}},"44":{"start":{"line":71,"column":17},"end":{"line":95,"column":1}},"45":{"start":{"line":72,"column":2},"end":{"line":94,"column":3}},"46":{"start":{"line":73,"column":17},"end":{"line":73,"column":59}},"47":{"start":{"line":74,"column":18},"end":{"line":74,"column":77}},"48":{"start":{"line":75,"column":17},"end":{"line":75,"column":35}},"49":{"start":{"line":76,"column":18},"end":{"line":76,"column":37}},"50":{"start":{"line":78,"column":26},"end":{"line":86,"column":6}},"51":{"start":{"line":88,"column":4},"end":{"line":91,"column":7}},"52":{"start":{"line":93,"column":4},"end":{"line":93,"column":14}},"53":{"start":{"line":97,"column":19},"end":{"line":97,"column":23}},"54":{"start":{"line":99,"column":19},"end":{"line":137,"column":1}},"55":{"start":{"line":100,"column":2},"end":{"line":136,"column":3}},"56":{"start":{"line":101,"column":18},"end":{"line":101,"column":37}},"57":{"start":{"line":102,"column":19},"end":{"line":102,"column":61}},"58":{"start":{"line":103,"column":17},"end":{"line":107,"column":13}},"59":{"start":{"line":109,"column":4},"end":{"line":128,"column":5}},"60":{"start":{"line":110,"column":21},"end":{"line":110,"column":82}},"61":{"start":{"line":111,"column":19},"end":{"line":123,"column":8}},"62":{"start":{"line":112,"column":21},"end":{"line":112,"column":109}},"63":{"start":{"line":113,"column":24},"end":{"line":113,"column":61}},"64":{"start":{"line":114,"column":8},"end":{"line":122,"column":20}},"65":{"start":{"line":124,"column":18},"end":{"line":124,"column":48}},"66":{"start":{"line":125,"column":6},"end":{"line":125,"column":63}},"67":{"start":{"line":126,"column":6},"end":{"line":126,"column":95}},"68":{"start":{"line":127,"column":6},"end":{"line":127,"column":38}},"69":{"start":{"line":130,"column":4},"end":{"line":133,"column":7}},"70":{"start":{"line":135,"column":4},"end":{"line":135,"column":14}},"71":{"start":{"line":139,"column":0},"end":{"line":139,"column":48}}},"fnMap":{"0":{"name":"(anonymous_0)","decl":{"start":{"line":4,"column":13},"end":{"line":4,"column":14}},"loc":{"start":{"line":4,"column":39},"end":{"line":26,"column":1}},"line":4},"1":{"name":"buildMineQuery","decl":{"start":{"line":28,"column":9},"end":{"line":28,"column":23}},"loc":{"start":{"line":28,"column":29},"end":{"line":65,"column":1}},"line":28},"2":{"name":"(anonymous_2)","decl":{"start":{"line":43,"column":52},"end":{"line":43,"column":53}},"loc":{"start":{"line":43,"column":59},"end":{"line":43,"column":67}},"line":43},"3":{"name":"escapeRegex","decl":{"start":{"line":67,"column":9},"end":{"line":67,"column":20}},"loc":{"start":{"line":67,"column":26},"end":{"line":69,"column":1}},"line":67},"4":{"name":"(anonymous_4)","decl":{"start":{"line":71,"column":17},"end":{"line":71,"column":18}},"loc":{"start":{"line":71,"column":43},"end":{"line":95,"column":1}},"line":71},"5":{"name":"(anonymous_5)","decl":{"start":{"line":99,"column":19},"end":{"line":99,"column":20}},"loc":{"start":{"line":99,"column":45},"end":{"line":137,"column":1}},"line":99},"6":{"name":"(anonymous_6)","decl":{"start":{"line":111,"column":28},"end":{"line":111,"column":29}},"loc":{"start":{"line":111,"column":37},"end":{"line":123,"column":7}},"line":111}},"branchMap":{"0":{"loc":{"start":{"line":6,"column":29},"end":{"line":6,"column":58}},"type":"binary-expr","locations":[{"start":{"line":6,"column":29},"end":{"line":6,"column":53}},{"start":{"line":6,"column":57},"end":{"line":6,"column":58}}],"line":6},"1":{"loc":{"start":{"line":7,"column":44},"end":{"line":7,"column":75}},"type":"binary-expr","locations":[{"start":{"line":7,"column":44},"end":{"line":7,"column":69}},{"start":{"line":7,"column":73},"end":{"line":7,"column":75}}],"line":7},"2":{"loc":{"start":{"line":10,"column":4},"end":{"line":10,"column":56}},"type":"if","locations":[{"start":{"line":10,"column":4},"end":{"line":10,"column":56}},{"start":{},"end":{}}],"line":10},"3":{"loc":{"start":{"line":11,"column":4},"end":{"line":11,"column":58}},"type":"if","locations":[{"start":{"line":11,"column":4},"end":{"line":11,"column":58}},{"start":{},"end":{}}],"line":11},"4":{"loc":{"start":{"line":12,"column":4},"end":{"line":12,"column":70}},"type":"if","locations":[{"start":{"line":12,"column":4},"end":{"line":12,"column":70}},{"start":{},"end":{}}],"line":12},"5":{"loc":{"start":{"line":31,"column":18},"end":{"line":31,"column":87}},"type":"cond-expr","locations":[{"start":{"line":31,"column":58},"end":{"line":31,"column":82}},{"start":{"line":31,"column":85},"end":{"line":31,"column":87}}],"line":31},"6":{"loc":{"start":{"line":32,"column":2},"end":{"line":40,"column":3}},"type":"if","locations":[{"start":{"line":32,"column":2},"end":{"line":40,"column":3}},{"start":{},"end":{}}],"line":32},"7":{"loc":{"start":{"line":42,"column":2},"end":{"line":45,"column":3}},"type":"if","locations":[{"start":{"line":42,"column":2},"end":{"line":45,"column":3}},{"start":{},"end":{}}],"line":42},"8":{"loc":{"start":{"line":44,"column":4},"end":{"line":44,"column":92}},"type":"if","locations":[{"start":{"line":44,"column":4},"end":{"line":44,"column":92}},{"start":{},"end":{}}],"line":44},"9":{"loc":{"start":{"line":44,"column":39},"end":{"line":44,"column":91}},"type":"cond-expr","locations":[{"start":{"line":44,"column":62},"end":{"line":44,"column":72}},{"start":{"line":44,"column":75},"end":{"line":44,"column":91}}],"line":44},"10":{"loc":{"start":{"line":46,"column":2},"end":{"line":53,"column":3}},"type":"if","locations":[{"start":{"line":46,"column":2},"end":{"line":53,"column":3}},{"start":{},"end":{}}],"line":46},"11":{"loc":{"start":{"line":47,"column":4},"end":{"line":52,"column":5}},"type":"if","locations":[{"start":{"line":47,"column":4},"end":{"line":52,"column":5}},{"start":{"line":50,"column":11},"end":{"line":52,"column":5}}],"line":47},"12":{"loc":{"start":{"line":48,"column":19},"end":{"line":48,"column":35}},"type":"binary-expr","locations":[{"start":{"line":48,"column":19},"end":{"line":48,"column":29}},{"start":{"line":48,"column":33},"end":{"line":48,"column":35}}],"line":48},"13":{"loc":{"start":{"line":54,"column":2},"end":{"line":54,"column":68}},"type":"if","locations":[{"start":{"line":54,"column":2},"end":{"line":54,"column":68}},{"start":{},"end":{}}],"line":54},"14":{"loc":{"start":{"line":56,"column":19},"end":{"line":56,"column":75}},"type":"cond-expr","locations":[{"start":{"line":56,"column":40},"end":{"line":56,"column":68}},{"start":{"line":56,"column":71},"end":{"line":56,"column":75}}],"line":56},"15":{"loc":{"start":{"line":57,"column":17},"end":{"line":57,"column":69}},"type":"cond-expr","locations":[{"start":{"line":57,"column":36},"end":{"line":57,"column":62}},{"start":{"line":57,"column":65},"end":{"line":57,"column":69}}],"line":57},"16":{"loc":{"start":{"line":58,"column":2},"end":{"line":62,"column":3}},"type":"if","locations":[{"start":{"line":58,"column":2},"end":{"line":62,"column":3}},{"start":{},"end":{}}],"line":58},"17":{"loc":{"start":{"line":58,"column":6},"end":{"line":58,"column":86}},"type":"binary-expr","locations":[{"start":{"line":58,"column":7},"end":{"line":58,"column":15}},{"start":{"line":58,"column":19},"end":{"line":58,"column":45}},{"start":{"line":58,"column":51},"end":{"line":58,"column":57}},{"start":{"line":58,"column":61},"end":{"line":58,"column":85}}],"line":58},"18":{"loc":{"start":{"line":60,"column":4},"end":{"line":60,"column":80}},"type":"if","locations":[{"start":{"line":60,"column":4},"end":{"line":60,"column":80}},{"start":{},"end":{}}],"line":60},"19":{"loc":{"start":{"line":60,"column":8},"end":{"line":60,"column":46}},"type":"binary-expr","locations":[{"start":{"line":60,"column":8},"end":{"line":60,"column":16}},{"start":{"line":60,"column":20},"end":{"line":60,"column":46}}],"line":60},"20":{"loc":{"start":{"line":61,"column":4},"end":{"line":61,"column":74}},"type":"if","locations":[{"start":{"line":61,"column":4},"end":{"line":61,"column":74}},{"start":{},"end":{}}],"line":61},"21":{"loc":{"start":{"line":61,"column":8},"end":{"line":61,"column":42}},"type":"binary-expr","locations":[{"start":{"line":61,"column":8},"end":{"line":61,"column":14}},{"start":{"line":61,"column":18},"end":{"line":61,"column":42}}],"line":61},"22":{"loc":{"start":{"line":73,"column":29},"end":{"line":73,"column":58}},"type":"binary-expr","locations":[{"start":{"line":73,"column":29},"end":{"line":73,"column":53}},{"start":{"line":73,"column":57},"end":{"line":73,"column":58}}],"line":73},"23":{"loc":{"start":{"line":74,"column":44},"end":{"line":74,"column":75}},"type":"binary-expr","locations":[{"start":{"line":74,"column":44},"end":{"line":74,"column":69}},{"start":{"line":74,"column":73},"end":{"line":74,"column":75}}],"line":74},"24":{"loc":{"start":{"line":102,"column":20},"end":{"line":102,"column":46}},"type":"binary-expr","locations":[{"start":{"line":102,"column":20},"end":{"line":102,"column":36}},{"start":{"line":102,"column":40},"end":{"line":102,"column":46}}],"line":102},"25":{"loc":{"start":{"line":109,"column":4},"end":{"line":128,"column":5}},"type":"if","locations":[{"start":{"line":109,"column":4},"end":{"line":128,"column":5}},{"start":{},"end":{}}],"line":109},"26":{"loc":{"start":{"line":112,"column":21},"end":{"line":112,"column":109}},"type":"cond-expr","locations":[{"start":{"line":112,"column":56},"end":{"line":112,"column":104}},{"start":{"line":112,"column":107},"end":{"line":112,"column":109}}],"line":112},"27":{"loc":{"start":{"line":113,"column":24},"end":{"line":113,"column":61}},"type":"cond-expr","locations":[{"start":{"line":113,"column":36},"end":{"line":113,"column":55}},{"start":{"line":113,"column":59},"end":{"line":113,"column":61}}],"line":113},"28":{"loc":{"start":{"line":113,"column":36},"end":{"line":113,"column":55}},"type":"binary-expr","locations":[{"start":{"line":113,"column":36},"end":{"line":113,"column":49}},{"start":{"line":113,"column":53},"end":{"line":113,"column":55}}],"line":113},"29":{"loc":{"start":{"line":115,"column":10},"end":{"line":115,"column":68}},"type":"cond-expr","locations":[{"start":{"line":115,"column":26},"end":{"line":115,"column":63}},{"start":{"line":115,"column":66},"end":{"line":115,"column":68}}],"line":115},"30":{"loc":{"start":{"line":116,"column":10},"end":{"line":116,"column":26}},"type":"binary-expr","locations":[{"start":{"line":116,"column":10},"end":{"line":116,"column":20}},{"start":{"line":116,"column":24},"end":{"line":116,"column":26}}],"line":116},"31":{"loc":{"start":{"line":117,"column":10},"end":{"line":117,"column":30}},"type":"binary-expr","locations":[{"start":{"line":117,"column":10},"end":{"line":117,"column":24}},{"start":{"line":117,"column":28},"end":{"line":117,"column":30}}],"line":117},"32":{"loc":{"start":{"line":118,"column":10},"end":{"line":118,"column":57}},"type":"binary-expr","locations":[{"start":{"line":118,"column":11},"end":{"line":118,"column":23}},{"start":{"line":118,"column":27},"end":{"line":118,"column":50}},{"start":{"line":118,"column":55},"end":{"line":118,"column":57}}],"line":118},"33":{"loc":{"start":{"line":119,"column":10},"end":{"line":119,"column":33}},"type":"binary-expr","locations":[{"start":{"line":119,"column":10},"end":{"line":119,"column":20}},{"start":{"line":119,"column":24},"end":{"line":119,"column":33}}],"line":119}},"s":{"0":0,"1":0,"2":0,"3":0,"4":0,"5":0,"6":0,"7":0,"8":0,"9":0,"10":0,"11":0,"12":0,"13":0,"14":0,"15":0,"16":0,"17":0,"18":0,"19":0,"20":0,"21":0,"22":0,"23":0,"24":0,"25":0,"26":0,"27":0,"28":0,"29":0,"30":0,"31":0,"32":0,"33":0,"34":0,"35":0,"36":0,"37":0,"38":0,"39":0,"40":0,"41":0,"42":0,"43":0,"44":0,"45":0,"46":0,"47":0,"48":0,"49":0,"50":0,"51":0,"52":0,"53":0,"54":0,"55":0,"56":0,"57":0,"58":0,"59":0,"60":0,"61":0,"62":0,"63":0,"64":0,"65":0,"66":0,"67":0,"68":0,"69":0,"70":0,"71":0},"f":{"0":0,"1":0,"2":0,"3":0,"4":0,"5":0,"6":0},"b":{"0":[0,0],"1":[0,0],"2":[0,0],"3":[0,0],"4":[0,0],"5":[0,0],"6":[0,0],"7":[0,0],"8":[0,0],"9":[0,0],"10":[0,0],"11":[0,0],"12":[0,0],"13":[0,0],"14":[0,0],"15":[0,0],"16":[0,0],"17":[0,0,0,0],"18":[0,0],"19":[0,0],"20":[0,0],"21":[0,0],"22":[0,0],"23":[0,0],"24":[0,0],"25":[0,0],"26":[0,0],"27":[0,0],"28":[0,0],"29":[0,0],"30":[0,0],"31":[0,0],"32":[0,0,0],"33":[0,0]}}
,"C:\\Users\\sk780\\OneDrive\\डेस्कटॉप\\Collaboration\\backend\\controllers\\analyticsController.js": {"path":"C:\\Users\\sk780\\OneDrive\\डेस्कटॉप\\Collaboration\\backend\\controllers\\analyticsController.js","statementMap":{"0":{"start":{"line":1,"column":48},"end":{"line":1,"column":68}},"1":{"start":{"line":2,"column":50},"end":{"line":2,"column":80}},"2":{"start":{"line":3,"column":17},"end":{"line":3,"column":36}},"3":{"start":{"line":5,"column":21},"end":{"line":58,"column":1}},"4":{"start":{"line":6,"column":2},"end":{"line":57,"column":3}},"5":{"start":{"line":7,"column":22},"end":{"line":7,"column":50}},"6":{"start":{"line":17,"column":8},"end":{"line":25,"column":6}},"7":{"start":{"line":27,"column":26},"end":{"line":40,"column":6}},"8":{"start":{"line":42,"column":4},"end":{"line":54,"column":7}},"9":{"start":{"line":56,"column":4},"end":{"line":56,"column":14}},"10":{"start":{"line":60,"column":0},"end":{"line":60,"column":34}}},"fnMap":{"0":{"name":"(anonymous_0)","decl":{"start":{"line":5,"column":21},"end":{"line":5,"column":22}},"loc":{"start":{"line":5,"column":47},"end":{"line":58,"column":1}},"line":5}},"branchMap":{},"s":{"0":0,"1":0,"2":0,"3":0,"4":0,"5":0,"6":0,"7":0,"8":0,"9":0,"10":0},"f":{"0":0},"b":{}}
,"C:\\Users\\sk780\\OneDrive\\डेस्कटॉप\\Collaboration\\backend\\controllers\\answerController.js": {"path":"C:\\Users\\sk780\\OneDrive\\डेस्कटॉप\\Collaboration\\backend\\controllers\\answerController.js","statementMap":{"0":{"start":{"line":1,"column":22},"end":{"line":1,"column":58}},"1":{"start":{"line":2,"column":28},"end":{"line":2,"column":58}},"2":{"start":{"line":3,"column":13},"end":{"line":3,"column":28}},"3":{"start":{"line":5,"column":15},"end":{"line":36,"column":1}},"4":{"start":{"line":6,"column":2},"end":{"line":35,"column":3}},"5":{"start":{"line":8,"column":24},"end":{"line":8,"column":26}},"6":{"start":{"line":9,"column":4},"end":{"line":19,"column":5}},"7":{"start":{"line":10,"column":6},"end":{"line":18,"column":7}},"8":{"start":{"line":11,"column":8},"end":{"line":17,"column":11}},"9":{"start":{"line":21,"column":19},"end":{"line":27,"column":5}},"10":{"start":{"line":28,"column":4},"end":{"line":30,"column":5}},"11":{"start":{"line":29,"column":6},"end":{"line":29,"column":79}},"12":{"start":{"line":31,"column":22},"end":{"line":31,"column":78}},"13":{"start":{"line":32,"column":4},"end":{"line":32,"column":61}},"14":{"start":{"line":34,"column":4},"end":{"line":34,"column":14}},"15":{"start":{"line":38,"column":22},"end":{"line":69,"column":1}},"16":{"start":{"line":39,"column":2},"end":{"line":68,"column":3}},"17":{"start":{"line":41,"column":24},"end":{"line":41,"column":26}},"18":{"start":{"line":42,"column":4},"end":{"line":52,"column":5}},"19":{"start":{"line":43,"column":6},"end":{"line":51,"column":7}},"20":{"start":{"line":44,"column":8},"end":{"line":50,"column":11}},"21":{"start":{"line":54,"column":19},"end":{"line":60,"column":5}},"22":{"start":{"line":61,"column":4},"end":{"line":63,"column":5}},"23":{"start":{"line":62,"column":6},"end":{"line":62,"column":79}},"24":{"start":{"line":64,"column":22},"end":{"line":64,"column":78}},"25":{"start":{"line":65,"column":4},"end":{"line":65,"column":49}},"26":{"start":{"line":67,"column":4},"end":{"line":67,"column":14}},"27":{"start":{"line":71,"column":18},"end":{"line":87,"column":1}},"28":{"start":{"line":72,"column":2},"end":{"line":86,"column":3}},"29":{"start":{"line":73,"column":31},"end":{"line":73,"column":39}},"30":{"start":{"line":74,"column":19},"end":{"line":79,"column":5}},"31":{"start":{"line":80,"column":4},"end":{"line":82,"column":5}},"32":{"start":{"line":81,"column":6},"end":{"line":81,"column":79}},"33":{"start":{"line":83,"column":4},"end":{"line":83,"column":53}},"34":{"start":{"line":85,"column":4},"end":{"line":85,"column":14}},"35":{"start":{"line":89,"column":15},"end":{"line":99,"column":1}},"36":{"start":{"line":90,"column":2},"end":{"line":98,"column":3}},"37":{"start":{"line":91,"column":19},"end":{"line":91,"column":61}},"38":{"start":{"line":92,"column":4},"end":{"line":94,"column":5}},"39":{"start":{"line":93,"column":6},"end":{"line":93,"column":83}},"40":{"start":{"line":95,"column":4},"end":{"line":95,"column":46}},"41":{"start":{"line":97,"column":4},"end":{"line":97,"column":14}},"42":{"start":{"line":101,"column":22},"end":{"line":114,"column":1}},"43":{"start":{"line":102,"column":2},"end":{"line":113,"column":3}},"44":{"start":{"line":103,"column":19},"end":{"line":106,"column":5}},"45":{"start":{"line":107,"column":4},"end":{"line":109,"column":5}},"46":{"start":{"line":108,"column":6},"end":{"line":108,"column":83}},"47":{"start":{"line":110,"column":4},"end":{"line":110,"column":46}},"48":{"start":{"line":112,"column":4},"end":{"line":112,"column":14}},"49":{"start":{"line":116,"column":0},"end":{"line":122,"column":2}}},"fnMap":{"0":{"name":"(anonymous_0)","decl":{"start":{"line":5,"column":15},"end":{"line":5,"column":16}},"loc":{"start":{"line":5,"column":41},"end":{"line":36,"column":1}},"line":5},"1":{"name":"(anonymous_1)","decl":{"start":{"line":38,"column":22},"end":{"line":38,"column":23}},"loc":{"start":{"line":38,"column":48},"end":{"line":69,"column":1}},"line":38},"2":{"name":"(anonymous_2)","decl":{"start":{"line":71,"column":18},"end":{"line":71,"column":19}},"loc":{"start":{"line":71,"column":44},"end":{"line":87,"column":1}},"line":71},"3":{"name":"(anonymous_3)","decl":{"start":{"line":89,"column":15},"end":{"line":89,"column":16}},"loc":{"start":{"line":89,"column":41},"end":{"line":99,"column":1}},"line":89},"4":{"name":"(anonymous_4)","decl":{"start":{"line":101,"column":22},"end":{"line":101,"column":23}},"loc":{"start":{"line":101,"column":48},"end":{"line":114,"column":1}},"line":101}},"branchMap":{"0":{"loc":{"start":{"line":9,"column":4},"end":{"line":19,"column":5}},"type":"if","locations":[{"start":{"line":9,"column":4},"end":{"line":19,"column":5}},{"start":{},"end":{}}],"line":9},"1":{"loc":{"start":{"line":9,"column":8},"end":{"line":9,"column":41}},"type":"binary-expr","locations":[{"start":{"line":9,"column":8},"end":{"line":9,"column":17}},{"start":{"line":9,"column":21},"end":{"line":9,"column":41}}],"line":9},"2":{"loc":{"start":{"line":28,"column":4},"end":{"line":30,"column":5}},"type":"if","locations":[{"start":{"line":28,"column":4},"end":{"line":30,"column":5}},{"start":{},"end":{}}],"line":28},"3":{"loc":{"start":{"line":42,"column":4},"end":{"line":52,"column":5}},"type":"if","locations":[{"start":{"line":42,"column":4},"end":{"line":52,"column":5}},{"start":{},"end":{}}],"line":42},"4":{"loc":{"start":{"line":42,"column":8},"end":{"line":42,"column":41}},"type":"binary-expr","locations":[{"start":{"line":42,"column":8},"end":{"line":42,"column":17}},{"start":{"line":42,"column":21},"end":{"line":42,"column":41}}],"line":42},"5":{"loc":{"start":{"line":61,"column":4},"end":{"line":63,"column":5}},"type":"if","locations":[{"start":{"line":61,"column":4},"end":{"line":63,"column":5}},{"start":{},"end":{}}],"line":61},"6":{"loc":{"start":{"line":80,"column":4},"end":{"line":82,"column":5}},"type":"if","locations":[{"start":{"line":80,"column":4},"end":{"line":82,"column":5}},{"start":{},"end":{}}],"line":80},"7":{"loc":{"start":{"line":92,"column":4},"end":{"line":94,"column":5}},"type":"if","locations":[{"start":{"line":92,"column":4},"end":{"line":94,"column":5}},{"start":{},"end":{}}],"line":92},"8":{"loc":{"start":{"line":107,"column":4},"end":{"line":109,"column":5}},"type":"if","locations":[{"start":{"line":107,"column":4},"end":{"line":109,"column":5}},{"start":{},"end":{}}],"line":107}},"s":{"0":0,"1":0,"2":0,"3":0,"4":0,"5":0,"6":0,"7":0,"8":0,"9":0,"10":0,"11":0,"12":0,"13":0,"14":0,"15":0,"16":0,"17":0,"18":0,"19":0,"20":0,"21":0,"22":0,"23":0,"24":0,"25":0,"26":0,"27":0,"28":0,"29":0,"30":0,"31":0,"32":0,"33":0,"34":0,"35":0,"36":0,"37":0,"38":0,"39":0,"40":0,"41":0,"42":0,"43":0,"44":0,"45":0,"46":0,"47":0,"48":0,"49":0},"f":{"0":0,"1":0,"2":0,"3":0,"4":0},"b":{"0":[0,0],"1":[0,0],"2":[0,0],"3":[0,0],"4":[0,0],"5":[0,0],"6":[0,0],"7":[0,0],"8":[0,0]}}
,"C:\\Users\\sk780\\OneDrive\\डेस्कटॉप\\Collaboration\\backend\\controllers\\authController.js": {"path":"C:\\Users\\sk780\\OneDrive\\डेस्कटॉप\\Collaboration\\backend\\controllers\\authController.js","statementMap":{"0":{"start":{"line":1,"column":17},"end":{"line":1,"column":37}},"1":{"start":{"line":2,"column":74},"end":{"line":2,"column":97}},"2":{"start":{"line":3,"column":44},"end":{"line":3,"column":74}},"3":{"start":{"line":5,"column":14},"end":{"line":53,"column":1}},"4":{"start":{"line":6,"column":2},"end":{"line":52,"column":3}},"5":{"start":{"line":7,"column":32},"end":{"line":7,"column":40}},"6":{"start":{"line":8,"column":17},"end":{"line":8,"column":72}},"7":{"start":{"line":9,"column":4},"end":{"line":11,"column":5}},"8":{"start":{"line":10,"column":6},"end":{"line":10,"column":86}},"9":{"start":{"line":12,"column":4},"end":{"line":31,"column":5}},"10":{"start":{"line":13,"column":6},"end":{"line":15,"column":7}},"11":{"start":{"line":14,"column":8},"end":{"line":14,"column":98}},"12":{"start":{"line":16,"column":6},"end":{"line":18,"column":7}},"13":{"start":{"line":17,"column":8},"end":{"line":17,"column":88}},"14":{"start":{"line":19,"column":20},"end":{"line":19,"column":56}},"15":{"start":{"line":20,"column":6},"end":{"line":22,"column":7}},"16":{"start":{"line":21,"column":8},"end":{"line":21,"column":88}},"17":{"start":{"line":24,"column":6},"end":{"line":26,"column":7}},"18":{"start":{"line":25,"column":8},"end":{"line":25,"column":112}},"19":{"start":{"line":27,"column":20},"end":{"line":27,"column":56}},"20":{"start":{"line":28,"column":6},"end":{"line":30,"column":7}},"21":{"start":{"line":29,"column":8},"end":{"line":29,"column":88}},"22":{"start":{"line":32,"column":20},"end":{"line":32,"column":68}},"23":{"start":{"line":33,"column":24},"end":{"line":33,"column":52}},"24":{"start":{"line":34,"column":25},"end":{"line":34,"column":54}},"25":{"start":{"line":35,"column":4},"end":{"line":40,"column":7}},"26":{"start":{"line":41,"column":25},"end":{"line":41,"column":81}},"27":{"start":{"line":42,"column":4},"end":{"line":49,"column":7}},"28":{"start":{"line":51,"column":4},"end":{"line":51,"column":14}},"29":{"start":{"line":55,"column":16},"end":{"line":92,"column":1}},"30":{"start":{"line":56,"column":2},"end":{"line":91,"column":3}},"31":{"start":{"line":57,"column":18},"end":{"line":57,"column":43}},"32":{"start":{"line":58,"column":4},"end":{"line":60,"column":5}},"33":{"start":{"line":59,"column":6},"end":{"line":59,"column":89}},"34":{"start":{"line":61,"column":20},"end":{"line":61,"column":45}},"35":{"start":{"line":62,"column":17},"end":{"line":65,"column":26}},"36":{"start":{"line":66,"column":4},"end":{"line":68,"column":5}},"37":{"start":{"line":67,"column":6},"end":{"line":67,"column":81}},"38":{"start":{"line":69,"column":4},"end":{"line":71,"column":5}},"39":{"start":{"line":70,"column":6},"end":{"line":70,"column":91}},"40":{"start":{"line":72,"column":20},"end":{"line":72,"column":68}},"41":{"start":{"line":73,"column":24},"end":{"line":73,"column":52}},"42":{"start":{"line":74,"column":25},"end":{"line":74,"column":63}},"43":{"start":{"line":75,"column":4},"end":{"line":82,"column":7}},"44":{"start":{"line":84,"column":4},"end":{"line":86,"column":5}},"45":{"start":{"line":85,"column":6},"end":{"line":85,"column":88}},"46":{"start":{"line":87,"column":4},"end":{"line":89,"column":5}},"47":{"start":{"line":88,"column":6},"end":{"line":88,"column":111}},"48":{"start":{"line":90,"column":4},"end":{"line":90,"column":14}},"49":{"start":{"line":94,"column":15},"end":{"line":102,"column":1}},"50":{"start":{"line":95,"column":2},"end":{"line":100,"column":5}},"51":{"start":{"line":101,"column":2},"end":{"line":101,"column":53}},"52":{"start":{"line":104,"column":27},"end":{"line":140,"column":1}},"53":{"start":{"line":105,"column":2},"end":{"line":139,"column":3}},"54":{"start":{"line":106,"column":54},"end":{"line":106,"column":62}},"55":{"start":{"line":107,"column":24},"end":{"line":107,"column":87}},"56":{"start":{"line":108,"column":4},"end":{"line":110,"column":5}},"57":{"start":{"line":109,"column":6},"end":{"line":109,"column":99}},"58":{"start":{"line":111,"column":4},"end":{"line":116,"column":5}},"59":{"start":{"line":112,"column":6},"end":{"line":115,"column":9}},"60":{"start":{"line":117,"column":21},"end":{"line":117,"column":76}},"61":{"start":{"line":118,"column":4},"end":{"line":120,"column":5}},"62":{"start":{"line":119,"column":6},"end":{"line":119,"column":91}},"63":{"start":{"line":121,"column":17},"end":{"line":129,"column":6}},"64":{"start":{"line":130,"column":4},"end":{"line":130,"column":22}},"65":{"start":{"line":131,"column":25},"end":{"line":131,"column":81}},"66":{"start":{"line":132,"column":4},"end":{"line":136,"column":7}},"67":{"start":{"line":138,"column":4},"end":{"line":138,"column":14}},"68":{"start":{"line":142,"column":11},"end":{"line":148,"column":1}},"69":{"start":{"line":143,"column":2},"end":{"line":147,"column":3}},"70":{"start":{"line":144,"column":4},"end":{"line":144,"column":58}},"71":{"start":{"line":146,"column":4},"end":{"line":146,"column":14}},"72":{"start":{"line":150,"column":0},"end":{"line":156,"column":2}}},"fnMap":{"0":{"name":"(anonymous_0)","decl":{"start":{"line":5,"column":14},"end":{"line":5,"column":15}},"loc":{"start":{"line":5,"column":40},"end":{"line":53,"column":1}},"line":5},"1":{"name":"(anonymous_1)","decl":{"start":{"line":55,"column":16},"end":{"line":55,"column":17}},"loc":{"start":{"line":55,"column":42},"end":{"line":92,"column":1}},"line":55},"2":{"name":"(anonymous_2)","decl":{"start":{"line":94,"column":15},"end":{"line":94,"column":16}},"loc":{"start":{"line":94,"column":29},"end":{"line":102,"column":1}},"line":94},"3":{"name":"(anonymous_3)","decl":{"start":{"line":104,"column":27},"end":{"line":104,"column":28}},"loc":{"start":{"line":104,"column":53},"end":{"line":140,"column":1}},"line":104},"4":{"name":"(anonymous_4)","decl":{"start":{"line":142,"column":11},"end":{"line":142,"column":12}},"loc":{"start":{"line":142,"column":37},"end":{"line":148,"column":1}},"line":142}},"branchMap":{"0":{"loc":{"start":{"line":9,"column":4},"end":{"line":11,"column":5}},"type":"if","locations":[{"start":{"line":9,"column":4},"end":{"line":11,"column":5}},{"start":{},"end":{}}],"line":9},"1":{"loc":{"start":{"line":12,"column":4},"end":{"line":31,"column":5}},"type":"if","locations":[{"start":{"line":12,"column":4},"end":{"line":31,"column":5}},{"start":{"line":23,"column":11},"end":{"line":31,"column":5}}],"line":12},"2":{"loc":{"start":{"line":13,"column":6},"end":{"line":15,"column":7}},"type":"if","locations":[{"start":{"line":13,"column":6},"end":{"line":15,"column":7}},{"start":{},"end":{}}],"line":13},"3":{"loc":{"start":{"line":16,"column":6},"end":{"line":18,"column":7}},"type":"if","locations":[{"start":{"line":16,"column":6},"end":{"line":18,"column":7}},{"start":{},"end":{}}],"line":16},"4":{"loc":{"start":{"line":20,"column":6},"end":{"line":22,"column":7}},"type":"if","locations":[{"start":{"line":20,"column":6},"end":{"line":22,"column":7}},{"start":{},"end":{}}],"line":20},"5":{"loc":{"start":{"line":24,"column":6},"end":{"line":26,"column":7}},"type":"if","locations":[{"start":{"line":24,"column":6},"end":{"line":26,"column":7}},{"start":{},"end":{}}],"line":24},"6":{"loc":{"start":{"line":28,"column":6},"end":{"line":30,"column":7}},"type":"if","locations":[{"start":{"line":28,"column":6},"end":{"line":30,"column":7}},{"start":{},"end":{}}],"line":28},"7":{"loc":{"start":{"line":47,"column":19},"end":{"line":47,"column":57}},"type":"binary-expr","locations":[{"start":{"line":47,"column":19},"end":{"line":47,"column":48}},{"start":{"line":47,"column":52},"end":{"line":47,"column":57}}],"line":47},"8":{"loc":{"start":{"line":58,"column":4},"end":{"line":60,"column":5}},"type":"if","locations":[{"start":{"line":58,"column":4},"end":{"line":60,"column":5}},{"start":{},"end":{}}],"line":58},"9":{"loc":{"start":{"line":66,"column":4},"end":{"line":68,"column":5}},"type":"if","locations":[{"start":{"line":66,"column":4},"end":{"line":68,"column":5}},{"start":{},"end":{}}],"line":66},"10":{"loc":{"start":{"line":69,"column":4},"end":{"line":71,"column":5}},"type":"if","locations":[{"start":{"line":69,"column":4},"end":{"line":71,"column":5}},{"start":{},"end":{}}],"line":69},"11":{"loc":{"start":{"line":69,"column":8},"end":{"line":69,"column":58}},"type":"binary-expr","locations":[{"start":{"line":69,"column":8},"end":{"line":69,"column":38}},{"start":{"line":69,"column":42},"end":{"line":69,"column":58}}],"line":69},"12":{"loc":{"start":{"line":74,"column":25},"end":{"line":74,"column":63}},"type":"cond-expr","locations":[{"start":{"line":74,"column":41},"end":{"line":74,"column":56}},{"start":{"line":74,"column":59},"end":{"line":74,"column":63}}],"line":74},"13":{"loc":{"start":{"line":80,"column":19},"end":{"line":80,"column":57}},"type":"binary-expr","locations":[{"start":{"line":80,"column":19},"end":{"line":80,"column":48}},{"start":{"line":80,"column":52},"end":{"line":80,"column":57}}],"line":80},"14":{"loc":{"start":{"line":84,"column":4},"end":{"line":86,"column":5}},"type":"if","locations":[{"start":{"line":84,"column":4},"end":{"line":86,"column":5}},{"start":{},"end":{}}],"line":84},"15":{"loc":{"start":{"line":87,"column":4},"end":{"line":89,"column":5}},"type":"if","locations":[{"start":{"line":87,"column":4},"end":{"line":89,"column":5}},{"start":{},"end":{}}],"line":87},"16":{"loc":{"start":{"line":107,"column":24},"end":{"line":107,"column":87}},"type":"cond-expr","locations":[{"start":{"line":107,"column":61},"end":{"line":107,"column":82}},{"start":{"line":107,"column":85},"end":{"line":107,"column":87}}],"line":107},"17":{"loc":{"start":{"line":108,"column":4},"end":{"line":110,"column":5}},"type":"if","locations":[{"start":{"line":108,"column":4},"end":{"line":110,"column":5}},{"start":{},"end":{}}],"line":108},"18":{"loc":{"start":{"line":111,"column":4},"end":{"line":116,"column":5}},"type":"if","locations":[{"start":{"line":111,"column":4},"end":{"line":116,"column":5}},{"start":{},"end":{}}],"line":111},"19":{"loc":{"start":{"line":118,"column":4},"end":{"line":120,"column":5}},"type":"if","locations":[{"start":{"line":118,"column":4},"end":{"line":120,"column":5}},{"start":{},"end":{}}],"line":118}},"s":{"0":1,"1":1,"2":1,"3":1,"4":1,"5":1,"6":1,"7":1,"8":1,"9":0,"10":0,"11":0,"12":0,"13":0,"14":0,"15":0,"16":0,"17":0,"18":0,"19":0,"20":0,"21":0,"22":0,"23":0,"24":0,"25":0,"26":0,"27":0,"28":0,"29":1,"30":0,"31":0,"32":0,"33":0,"34":0,"35":0,"36":0,"37":0,"38":0,"39":0,"40":0,"41":0,"42":0,"43":0,"44":0,"45":0,"46":0,"47":0,"48":0,"49":1,"50":0,"51":0,"52":1,"53":4,"54":4,"55":4,"56":4,"57":2,"58":2,"59":1,"60":1,"61":1,"62":0,"63":1,"64":1,"65":1,"66":1,"67":0,"68":1,"69":0,"70":0,"71":0,"72":1},"f":{"0":1,"1":0,"2":0,"3":4,"4":0},"b":{"0":[1,0],"1":[0,0],"2":[0,0],"3":[0,0],"4":[0,0],"5":[0,0],"6":[0,0],"7":[0,0],"8":[0,0],"9":[0,0],"10":[0,0],"11":[0,0],"12":[0,0],"13":[0,0],"14":[0,0],"15":[0,0],"16":[3,1],"17":[2,2],"18":[1,1],"19":[0,1]},"_coverageSchema":"1a1c01bbd47fc00a2c39e90264f33305004495a9","hash":"56500dab11cc3068e6acf792417501f9cd201cbf"}
,"C:\\Users\\sk780\\OneDrive\\डेस्कटॉप\\Collaboration\\backend\\controllers\\exportController.js": {"path":"C:\\Users\\sk780\\OneDrive\\डेस्कटॉप\\Collaboration\\backend\\controllers\\exportController.js","statementMap":{"0":{"start":{"line":1,"column":49},"end":{"line":1,"column":80}},"1":{"start":{"line":2,"column":18},"end":{"line":2,"column":48}},"2":{"start":{"line":4,"column":23},"end":{"line":16,"column":1}},"3":{"start":{"line":5,"column":2},"end":{"line":15,"column":3}},"4":{"start":{"line":6,"column":19},"end":{"line":6,"column":56}},"5":{"start":{"line":7,"column":4},"end":{"line":9,"column":5}},"6":{"start":{"line":8,"column":6},"end":{"line":8,"column":85}},"7":{"start":{"line":10,"column":4},"end":{"line":10,"column":53}},"8":{"start":{"line":11,"column":4},"end":{"line":11,"column":95}},"9":{"start":{"line":12,"column":4},"end":{"line":12,"column":21}},"10":{"start":{"line":14,"column":4},"end":{"line":14,"column":14}},"11":{"start":{"line":18,"column":25},"end":{"line":34,"column":1}},"12":{"start":{"line":19,"column":2},"end":{"line":33,"column":3}},"13":{"start":{"line":20,"column":19},"end":{"line":20,"column":36}},"14":{"start":{"line":21,"column":4},"end":{"line":23,"column":5}},"15":{"start":{"line":22,"column":6},"end":{"line":22,"column":76}},"16":{"start":{"line":24,"column":19},"end":{"line":24,"column":51}},"17":{"start":{"line":25,"column":4},"end":{"line":27,"column":5}},"18":{"start":{"line":26,"column":6},"end":{"line":26,"column":81}},"19":{"start":{"line":28,"column":4},"end":{"line":28,"column":53}},"20":{"start":{"line":29,"column":4},"end":{"line":29,"column":90}},"21":{"start":{"line":30,"column":4},"end":{"line":30,"column":21}},"22":{"start":{"line":32,"column":4},"end":{"line":32,"column":14}},"23":{"start":{"line":36,"column":0},"end":{"line":36,"column":54}}},"fnMap":{"0":{"name":"(anonymous_0)","decl":{"start":{"line":4,"column":23},"end":{"line":4,"column":24}},"loc":{"start":{"line":4,"column":49},"end":{"line":16,"column":1}},"line":4},"1":{"name":"(anonymous_1)","decl":{"start":{"line":18,"column":25},"end":{"line":18,"column":26}},"loc":{"start":{"line":18,"column":51},"end":{"line":34,"column":1}},"line":18}},"branchMap":{"0":{"loc":{"start":{"line":7,"column":4},"end":{"line":9,"column":5}},"type":"if","locations":[{"start":{"line":7,"column":4},"end":{"line":9,"column":5}},{"start":{},"end":{}}],"line":7},"1":{"loc":{"start":{"line":21,"column":4},"end":{"line":23,"column":5}},"type":"if","locations":[{"start":{"line":21,"column":4},"end":{"line":23,"column":5}},{"start":{},"end":{}}],"line":21},"2":{"loc":{"start":{"line":21,"column":8},"end":{"line":21,"column":80}},"type":"binary-expr","locations":[{"start":{"line":21,"column":8},"end":{"line":21,"column":42}},{"start":{"line":21,"column":46},"end":{"line":21,"column":80}}],"line":21},"3":{"loc":{"start":{"line":25,"column":4},"end":{"line":27,"column":5}},"type":"if","locations":[{"start":{"line":25,"column":4},"end":{"line":27,"column":5}},{"start":{},"end":{}}],"line":25}},"s":{"0":0,"1":0,"2":0,"3":0,"4":0,"5":0,"6":0,"7":0,"8":0,"9":0,"10":0,"11":0,"12":0,"13":0,"14":0,"15":0,"16":0,"17":0,"18":0,"19":0,"20":0,"21":0,"22":0,"23":0},"f":{"0":0,"1":0},"b":{"0":[0,0],"1":[0,0],"2":[0,0],"3":[0,0]}}
,"C:\\Users\\sk780\\OneDrive\\डेस्कटॉप\\Collaboration\\backend\\controllers\\questionController.js": {"path":"C:\\Users\\sk780\\OneDrive\\डेस्कटॉप\\Collaboration\\backend\\controllers\\questionController.js","statementMap":{"0":{"start":{"line":1,"column":24},"end":{"line":1,"column":62}},"1":{"start":{"line":2,"column":22},"end":{"line":2,"column":58}},"2":{"start":{"line":3,"column":27},"end":{"line":3,"column":68}},"3":{"start":{"line":4,"column":35},"end":{"line":4,"column":65}},"4":{"start":{"line":6,"column":15},"end":{"line":30,"column":1}},"5":{"start":{"line":7,"column":2},"end":{"line":29,"column":3}},"6":{"start":{"line":8,"column":4},"end":{"line":14,"column":5}},"7":{"start":{"line":9,"column":6},"end":{"line":13,"column":7}},"8":{"start":{"line":10,"column":8},"end":{"line":12,"column":102}},"9":{"start":{"line":15,"column":20},"end":{"line":22,"column":5}},"10":{"start":{"line":23,"column":20},"end":{"line":23,"column":110}},"11":{"start":{"line":24,"column":21},"end":{"line":24,"column":57}},"12":{"start":{"line":25,"column":22},"end":{"line":25,"column":88}},"13":{"start":{"line":26,"column":4},"end":{"line":26,"column":61}},"14":{"start":{"line":28,"column":4},"end":{"line":28,"column":14}},"15":{"start":{"line":32,"column":17},"end":{"line":56,"column":1}},"16":{"start":{"line":33,"column":2},"end":{"line":55,"column":3}},"17":{"start":{"line":35,"column":4},"end":{"line":43,"column":5}},"18":{"start":{"line":36,"column":6},"end":{"line":36,"column":68}},"19":{"start":{"line":37,"column":11},"end":{"line":43,"column":5}},"20":{"start":{"line":38,"column":6},"end":{"line":38,"column":67}},"21":{"start":{"line":39,"column":11},"end":{"line":43,"column":5}},"22":{"start":{"line":40,"column":6},"end":{"line":40,"column":63}},"23":{"start":{"line":42,"column":6},"end":{"line":42,"column":16}},"24":{"start":{"line":44,"column":4},"end":{"line":51,"column":5}},"25":{"start":{"line":45,"column":6},"end":{"line":50,"column":9}},"26":{"start":{"line":46,"column":21},"end":{"line":46,"column":29}},"27":{"start":{"line":47,"column":8},"end":{"line":47,"column":54}},"28":{"start":{"line":47,"column":30},"end":{"line":47,"column":54}},"29":{"start":{"line":48,"column":8},"end":{"line":48,"column":76}},"30":{"start":{"line":48,"column":41},"end":{"line":48,"column":76}},"31":{"start":{"line":49,"column":8},"end":{"line":49,"column":20}},"32":{"start":{"line":52,"column":4},"end":{"line":52,"column":44}},"33":{"start":{"line":54,"column":4},"end":{"line":54,"column":14}},"34":{"start":{"line":58,"column":15},"end":{"line":80,"column":1}},"35":{"start":{"line":59,"column":2},"end":{"line":79,"column":3}},"36":{"start":{"line":60,"column":21},"end":{"line":64,"column":6}},"37":{"start":{"line":65,"column":4},"end":{"line":67,"column":5}},"38":{"start":{"line":66,"column":6},"end":{"line":66,"column":85}},"39":{"start":{"line":68,"column":4},"end":{"line":75,"column":5}},"40":{"start":{"line":69,"column":6},"end":{"line":71,"column":7}},"41":{"start":{"line":70,"column":8},"end":{"line":70,"column":36}},"42":{"start":{"line":72,"column":6},"end":{"line":74,"column":7}},"43":{"start":{"line":73,"column":8},"end":{"line":73,"column":47}},"44":{"start":{"line":76,"column":4},"end":{"line":76,"column":48}},"45":{"start":{"line":78,"column":4},"end":{"line":78,"column":14}},"46":{"start":{"line":82,"column":15},"end":{"line":103,"column":1}},"47":{"start":{"line":83,"column":2},"end":{"line":102,"column":3}},"48":{"start":{"line":84,"column":21},"end":{"line":94,"column":5}},"49":{"start":{"line":95,"column":4},"end":{"line":97,"column":5}},"50":{"start":{"line":96,"column":6},"end":{"line":96,"column":101}},"51":{"start":{"line":98,"column":22},"end":{"line":98,"column":88}},"52":{"start":{"line":99,"column":4},"end":{"line":99,"column":49}},"53":{"start":{"line":101,"column":4},"end":{"line":101,"column":14}},"54":{"start":{"line":105,"column":13},"end":{"line":115,"column":1}},"55":{"start":{"line":106,"column":2},"end":{"line":114,"column":3}},"56":{"start":{"line":107,"column":21},"end":{"line":107,"column":76}},"57":{"start":{"line":108,"column":4},"end":{"line":110,"column":5}},"58":{"start":{"line":109,"column":6},"end":{"line":109,"column":97}},"59":{"start":{"line":111,"column":4},"end":{"line":111,"column":48}},"60":{"start":{"line":113,"column":4},"end":{"line":113,"column":14}},"61":{"start":{"line":117,"column":15},"end":{"line":127,"column":1}},"62":{"start":{"line":118,"column":2},"end":{"line":126,"column":3}},"63":{"start":{"line":119,"column":21},"end":{"line":119,"column":82}},"64":{"start":{"line":120,"column":4},"end":{"line":122,"column":5}},"65":{"start":{"line":121,"column":6},"end":{"line":121,"column":102}},"66":{"start":{"line":123,"column":4},"end":{"line":123,"column":61}},"67":{"start":{"line":125,"column":4},"end":{"line":125,"column":14}},"68":{"start":{"line":129,"column":19},"end":{"line":139,"column":1}},"69":{"start":{"line":130,"column":2},"end":{"line":138,"column":3}},"70":{"start":{"line":131,"column":20},"end":{"line":131,"column":83}},"71":{"start":{"line":132,"column":4},"end":{"line":134,"column":5}},"72":{"start":{"line":133,"column":6},"end":{"line":133,"column":85}},"73":{"start":{"line":135,"column":4},"end":{"line":135,"column":47}},"74":{"start":{"line":137,"column":4},"end":{"line":137,"column":14}},"75":{"start":{"line":141,"column":17},"end":{"line":158,"column":1}},"76":{"start":{"line":142,"column":2},"end":{"line":157,"column":3}},"77":{"start":{"line":143,"column":28},"end":{"line":143,"column":36}},"78":{"start":{"line":144,"column":21},"end":{"line":148,"column":5}},"79":{"start":{"line":149,"column":4},"end":{"line":153,"column":5}},"80":{"start":{"line":150,"column":6},"end":{"line":152,"column":86}},"81":{"start":{"line":154,"column":4},"end":{"line":154,"column":48}},"82":{"start":{"line":156,"column":4},"end":{"line":156,"column":14}},"83":{"start":{"line":160,"column":17},"end":{"line":175,"column":1}},"84":{"start":{"line":161,"column":2},"end":{"line":174,"column":3}},"85":{"start":{"line":162,"column":21},"end":{"line":167,"column":6}},"86":{"start":{"line":168,"column":4},"end":{"line":170,"column":5}},"87":{"start":{"line":169,"column":6},"end":{"line":169,"column":105}},"88":{"start":{"line":171,"column":4},"end":{"line":171,"column":48}},"89":{"start":{"line":173,"column":4},"end":{"line":173,"column":14}},"90":{"start":{"line":177,"column":24},"end":{"line":184,"column":1}},"91":{"start":{"line":178,"column":2},"end":{"line":183,"column":3}},"92":{"start":{"line":179,"column":17},"end":{"line":179,"column":70}},"93":{"start":{"line":180,"column":4},"end":{"line":180,"column":44}},"94":{"start":{"line":182,"column":4},"end":{"line":182,"column":14}},"95":{"start":{"line":186,"column":16},"end":{"line":193,"column":1}},"96":{"start":{"line":187,"column":2},"end":{"line":192,"column":3}},"97":{"start":{"line":188,"column":17},"end":{"line":188,"column":61}},"98":{"start":{"line":189,"column":4},"end":{"line":189,"column":44}},"99":{"start":{"line":191,"column":4},"end":{"line":191,"column":14}},"100":{"start":{"line":195,"column":32},"end":{"line":214,"column":1}},"101":{"start":{"line":196,"column":2},"end":{"line":213,"column":3}},"102":{"start":{"line":197,"column":21},"end":{"line":197,"column":65}},"103":{"start":{"line":198,"column":4},"end":{"line":200,"column":5}},"104":{"start":{"line":199,"column":6},"end":{"line":199,"column":93}},"105":{"start":{"line":201,"column":4},"end":{"line":201,"column":83}},"106":{"start":{"line":202,"column":4},"end":{"line":210,"column":7}},"107":{"start":{"line":212,"column":4},"end":{"line":212,"column":14}},"108":{"start":{"line":216,"column":0},"end":{"line":229,"column":2}}},"fnMap":{"0":{"name":"(anonymous_0)","decl":{"start":{"line":6,"column":15},"end":{"line":6,"column":16}},"loc":{"start":{"line":6,"column":41},"end":{"line":30,"column":1}},"line":6},"1":{"name":"(anonymous_1)","decl":{"start":{"line":32,"column":17},"end":{"line":32,"column":18}},"loc":{"start":{"line":32,"column":43},"end":{"line":56,"column":1}},"line":32},"2":{"name":"(anonymous_2)","decl":{"start":{"line":45,"column":22},"end":{"line":45,"column":23}},"loc":{"start":{"line":45,"column":29},"end":{"line":50,"column":7}},"line":45},"3":{"name":"(anonymous_3)","decl":{"start":{"line":58,"column":15},"end":{"line":58,"column":16}},"loc":{"start":{"line":58,"column":41},"end":{"line":80,"column":1}},"line":58},"4":{"name":"(anonymous_4)","decl":{"start":{"line":82,"column":15},"end":{"line":82,"column":16}},"loc":{"start":{"line":82,"column":41},"end":{"line":103,"column":1}},"line":82},"5":{"name":"(anonymous_5)","decl":{"start":{"line":105,"column":13},"end":{"line":105,"column":14}},"loc":{"start":{"line":105,"column":39},"end":{"line":115,"column":1}},"line":105},"6":{"name":"(anonymous_6)","decl":{"start":{"line":117,"column":15},"end":{"line":117,"column":16}},"loc":{"start":{"line":117,"column":41},"end":{"line":127,"column":1}},"line":117},"7":{"name":"(anonymous_7)","decl":{"start":{"line":129,"column":19},"end":{"line":129,"column":20}},"loc":{"start":{"line":129,"column":45},"end":{"line":139,"column":1}},"line":129},"8":{"name":"(anonymous_8)","decl":{"start":{"line":141,"column":17},"end":{"line":141,"column":18}},"loc":{"start":{"line":141,"column":43},"end":{"line":158,"column":1}},"line":141},"9":{"name":"(anonymous_9)","decl":{"start":{"line":160,"column":17},"end":{"line":160,"column":18}},"loc":{"start":{"line":160,"column":43},"end":{"line":175,"column":1}},"line":160},"10":{"name":"(anonymous_10)","decl":{"start":{"line":177,"column":24},"end":{"line":177,"column":25}},"loc":{"start":{"line":177,"column":50},"end":{"line":184,"column":1}},"line":177},"11":{"name":"(anonymous_11)","decl":{"start":{"line":186,"column":16},"end":{"line":186,"column":17}},"loc":{"start":{"line":186,"column":42},"end":{"line":193,"column":1}},"line":186},"12":{"name":"(anonymous_12)","decl":{"start":{"line":195,"column":32},"end":{"line":195,"column":33}},"loc":{"start":{"line":195,"column":58},"end":{"line":214,"column":1}},"line":195}},"branchMap":{"0":{"loc":{"start":{"line":8,"column":4},"end":{"line":14,"column":5}},"type":"if","locations":[{"start":{"line":8,"column":4},"end":{"line":14,"column":5}},{"start":{},"end":{}}],"line":8},"1":{"loc":{"start":{"line":9,"column":6},"end":{"line":13,"column":7}},"type":"if","locations":[{"start":{"line":9,"column":6},"end":{"line":13,"column":7}},{"start":{},"end":{}}],"line":9},"2":{"loc":{"start":{"line":23,"column":20},"end":{"line":23,"column":110}},"type":"cond-expr","locations":[{"start":{"line":23,"column":53},"end":{"line":23,"column":85}},{"start":{"line":23,"column":88},"end":{"line":23,"column":110}}],"line":23},"3":{"loc":{"start":{"line":35,"column":4},"end":{"line":43,"column":5}},"type":"if","locations":[{"start":{"line":35,"column":4},"end":{"line":43,"column":5}},{"start":{"line":37,"column":11},"end":{"line":43,"column":5}}],"line":35},"4":{"loc":{"start":{"line":37,"column":11},"end":{"line":43,"column":5}},"type":"if","locations":[{"start":{"line":37,"column":11},"end":{"line":43,"column":5}},{"start":{"line":39,"column":11},"end":{"line":43,"column":5}}],"line":37},"5":{"loc":{"start":{"line":39,"column":11},"end":{"line":43,"column":5}},"type":"if","locations":[{"start":{"line":39,"column":11},"end":{"line":43,"column":5}},{"start":{"line":41,"column":11},"end":{"line":43,"column":5}}],"line":39},"6":{"loc":{"start":{"line":44,"column":4},"end":{"line":51,"column":5}},"type":"if","locations":[{"start":{"line":44,"column":4},"end":{"line":51,"column":5}},{"start":{},"end":{}}],"line":44},"7":{"loc":{"start":{"line":44,"column":8},"end":{"line":44,"column":65}},"type":"binary-expr","locations":[{"start":{"line":44,"column":8},"end":{"line":44,"column":42}},{"start":{"line":44,"column":46},"end":{"line":44,"column":65}}],"line":44},"8":{"loc":{"start":{"line":47,"column":8},"end":{"line":47,"column":54}},"type":"if","locations":[{"start":{"line":47,"column":8},"end":{"line":47,"column":54}},{"start":{},"end":{}}],"line":47},"9":{"loc":{"start":{"line":48,"column":8},"end":{"line":48,"column":76}},"type":"if","locations":[{"start":{"line":48,"column":8},"end":{"line":48,"column":76}},{"start":{},"end":{}}],"line":48},"10":{"loc":{"start":{"line":65,"column":4},"end":{"line":67,"column":5}},"type":"if","locations":[{"start":{"line":65,"column":4},"end":{"line":67,"column":5}},{"start":{},"end":{}}],"line":65},"11":{"loc":{"start":{"line":68,"column":4},"end":{"line":75,"column":5}},"type":"if","locations":[{"start":{"line":68,"column":4},"end":{"line":75,"column":5}},{"start":{},"end":{}}],"line":68},"12":{"loc":{"start":{"line":69,"column":6},"end":{"line":71,"column":7}},"type":"if","locations":[{"start":{"line":69,"column":6},"end":{"line":71,"column":7}},{"start":{},"end":{}}],"line":69},"13":{"loc":{"start":{"line":72,"column":6},"end":{"line":74,"column":7}},"type":"if","locations":[{"start":{"line":72,"column":6},"end":{"line":74,"column":7}},{"start":{},"end":{}}],"line":72},"14":{"loc":{"start":{"line":95,"column":4},"end":{"line":97,"column":5}},"type":"if","locations":[{"start":{"line":95,"column":4},"end":{"line":97,"column":5}},{"start":{},"end":{}}],"line":95},"15":{"loc":{"start":{"line":108,"column":4},"end":{"line":110,"column":5}},"type":"if","locations":[{"start":{"line":108,"column":4},"end":{"line":110,"column":5}},{"start":{},"end":{}}],"line":108},"16":{"loc":{"start":{"line":120,"column":4},"end":{"line":122,"column":5}},"type":"if","locations":[{"start":{"line":120,"column":4},"end":{"line":122,"column":5}},{"start":{},"end":{}}],"line":120},"17":{"loc":{"start":{"line":132,"column":4},"end":{"line":134,"column":5}},"type":"if","locations":[{"start":{"line":132,"column":4},"end":{"line":134,"column":5}},{"start":{},"end":{}}],"line":132},"18":{"loc":{"start":{"line":146,"column":6},"end":{"line":146,"column":23}},"type":"binary-expr","locations":[{"start":{"line":146,"column":6},"end":{"line":146,"column":17}},{"start":{"line":146,"column":21},"end":{"line":146,"column":23}}],"line":146},"19":{"loc":{"start":{"line":149,"column":4},"end":{"line":153,"column":5}},"type":"if","locations":[{"start":{"line":149,"column":4},"end":{"line":153,"column":5}},{"start":{},"end":{}}],"line":149},"20":{"loc":{"start":{"line":168,"column":4},"end":{"line":170,"column":5}},"type":"if","locations":[{"start":{"line":168,"column":4},"end":{"line":170,"column":5}},{"start":{},"end":{}}],"line":168},"21":{"loc":{"start":{"line":198,"column":4},"end":{"line":200,"column":5}},"type":"if","locations":[{"start":{"line":198,"column":4},"end":{"line":200,"column":5}},{"start":{},"end":{}}],"line":198},"22":{"loc":{"start":{"line":198,"column":8},"end":{"line":198,"column":91}},"type":"binary-expr","locations":[{"start":{"line":198,"column":8},"end":{"line":198,"column":17}},{"start":{"line":198,"column":21},"end":{"line":198,"column":66}},{"start":{"line":198,"column":70},"end":{"line":198,"column":91}}],"line":198}},"s":{"0":0,"1":0,"2":0,"3":0,"4":0,"5":0,"6":0,"7":0,"8":0,"9":0,"10":0,"11":0,"12":0,"13":0,"14":0,"15":0,"16":0,"17":0,"18":0,"19":0,"20":0,"21":0,"22":0,"23":0,"24":0,"25":0,"26":0,"27":0,"28":0,"29":0,"30":0,"31":0,"32":0,"33":0,"34":0,"35":0,"36":0,"37":0,"38":0,"39":0,"40":0,"41":0,"42":0,"43":0,"44":0,"45":0,"46":0,"47":0,"48":0,"49":0,"50":0,"51":0,"52":0,"53":0,"54":0,"55":0,"56":0,"57":0,"58":0,"59":0,"60":0,"61":0,"62":0,"63":0,"64":0,"65":0,"66":0,"67":0,"68":0,"69":0,"70":0,"71":0,"72":0,"73":0,"74":0,"75":0,"76":0,"77":0,"78":0,"79":0,"80":0,"81":0,"82":0,"83":0,"84":0,"85":0,"86":0,"87":0,"88":0,"89":0,"90":0,"91":0,"92":0,"93":0,"94":0,"95":0,"96":0,"97":0,"98":0,"99":0,"100":0,"101":0,"102":0,"103":0,"104":0,"105":0,"106":0,"107":0,"108":0},"f":{"0":0,"1":0,"2":0,"3":0,"4":0,"5":0,"6":0,"7":0,"8":0,"9":0,"10":0,"11":0,"12":0},"b":{"0":[0,0],"1":[0,0],"2":[0,0],"3":[0,0],"4":[0,0],"5":[0,0],"6":[0,0],"7":[0,0],"8":[0,0],"9":[0,0],"10":[0,0],"11":[0,0],"12":[0,0],"13":[0,0],"14":[0,0],"15":[0,0],"16":[0,0],"17":[0,0],"18":[0,0],"19":[0,0],"20":[0,0],"21":[0,0],"22":[0,0,0]}}
,"C:\\Users\\sk780\\OneDrive\\डेस्कटॉप\\Collaboration\\backend\\controllers\\userController.js": {"path":"C:\\Users\\sk780\\OneDrive\\डेस्कटॉप\\Collaboration\\backend\\controllers\\userController.js","statementMap":{"0":{"start":{"line":1,"column":17},"end":{"line":1,"column":37}},"1":{"start":{"line":2,"column":18},"end":{"line":2,"column":48}},"2":{"start":{"line":3,"column":27},"end":{"line":3,"column":68}},"3":{"start":{"line":4,"column":29},"end":{"line":4,"column":62}},"4":{"start":{"line":5,"column":32},"end":{"line":5,"column":62}},"5":{"start":{"line":7,"column":24},"end":{"line":20,"column":1}},"6":{"start":{"line":8,"column":2},"end":{"line":19,"column":3}},"7":{"start":{"line":9,"column":18},"end":{"line":15,"column":13}},"8":{"start":{"line":16,"column":4},"end":{"line":16,"column":45}},"9":{"start":{"line":18,"column":4},"end":{"line":18,"column":14}},"10":{"start":{"line":22,"column":26},"end":{"line":52,"column":1}},"11":{"start":{"line":23,"column":2},"end":{"line":51,"column":3}},"12":{"start":{"line":24,"column":38},"end":{"line":24,"column":46}},"13":{"start":{"line":25,"column":21},"end":{"line":25,"column":76}},"14":{"start":{"line":26,"column":4},"end":{"line":28,"column":5}},"15":{"start":{"line":27,"column":6},"end":{"line":27,"column":87}},"16":{"start":{"line":29,"column":17},"end":{"line":35,"column":6}},"17":{"start":{"line":36,"column":4},"end":{"line":36,"column":22}},"18":{"start":{"line":39,"column":4},"end":{"line":45,"column":5}},"19":{"start":{"line":40,"column":6},"end":{"line":44,"column":7}},"20":{"start":{"line":41,"column":8},"end":{"line":41,"column":95}},"21":{"start":{"line":43,"column":8},"end":{"line":43,"column":62}},"22":{"start":{"line":47,"column":25},"end":{"line":47,"column":81}},"23":{"start":{"line":48,"column":4},"end":{"line":48,"column":64}},"24":{"start":{"line":50,"column":4},"end":{"line":50,"column":14}},"25":{"start":{"line":54,"column":24},"end":{"line":65,"column":1}},"26":{"start":{"line":55,"column":2},"end":{"line":64,"column":3}},"27":{"start":{"line":56,"column":19},"end":{"line":56,"column":71}},"28":{"start":{"line":57,"column":18},"end":{"line":60,"column":13}},"29":{"start":{"line":61,"column":4},"end":{"line":61,"column":45}},"30":{"start":{"line":63,"column":4},"end":{"line":63,"column":14}},"31":{"start":{"line":67,"column":19},"end":{"line":80,"column":1}},"32":{"start":{"line":68,"column":2},"end":{"line":79,"column":3}},"33":{"start":{"line":69,"column":18},"end":{"line":75,"column":13}},"34":{"start":{"line":76,"column":4},"end":{"line":76,"column":45}},"35":{"start":{"line":78,"column":4},"end":{"line":78,"column":14}},"36":{"start":{"line":82,"column":21},"end":{"line":112,"column":1}},"37":{"start":{"line":83,"column":2},"end":{"line":111,"column":3}},"38":{"start":{"line":84,"column":38},"end":{"line":84,"column":46}},"39":{"start":{"line":85,"column":21},"end":{"line":85,"column":76}},"40":{"start":{"line":86,"column":4},"end":{"line":88,"column":5}},"41":{"start":{"line":87,"column":6},"end":{"line":87,"column":87}},"42":{"start":{"line":89,"column":17},"end":{"line":95,"column":6}},"43":{"start":{"line":96,"column":4},"end":{"line":96,"column":22}},"44":{"start":{"line":99,"column":4},"end":{"line":105,"column":5}},"45":{"start":{"line":100,"column":6},"end":{"line":104,"column":7}},"46":{"start":{"line":101,"column":8},"end":{"line":101,"column":115}},"47":{"start":{"line":103,"column":8},"end":{"line":103,"column":62}},"48":{"start":{"line":107,"column":25},"end":{"line":107,"column":81}},"49":{"start":{"line":108,"column":4},"end":{"line":108,"column":64}},"50":{"start":{"line":110,"column":4},"end":{"line":110,"column":14}},"51":{"start":{"line":114,"column":26},"end":{"line":149,"column":1}},"52":{"start":{"line":115,"column":2},"end":{"line":148,"column":3}},"53":{"start":{"line":116,"column":17},"end":{"line":120,"column":6}},"54":{"start":{"line":121,"column":4},"end":{"line":123,"column":5}},"55":{"start":{"line":122,"column":6},"end":{"line":122,"column":87}},"56":{"start":{"line":124,"column":4},"end":{"line":126,"column":5}},"57":{"start":{"line":125,"column":6},"end":{"line":125,"column":103}},"58":{"start":{"line":127,"column":4},"end":{"line":127,"column":27}},"59":{"start":{"line":128,"column":4},"end":{"line":128,"column":60}},"60":{"start":{"line":129,"column":4},"end":{"line":129,"column":49}},"61":{"start":{"line":130,"column":4},"end":{"line":130,"column":22}},"62":{"start":{"line":133,"column":4},"end":{"line":141,"column":5}},"63":{"start":{"line":134,"column":6},"end":{"line":140,"column":7}},"64":{"start":{"line":135,"column":8},"end":{"line":137,"column":11}},"65":{"start":{"line":139,"column":8},"end":{"line":139,"column":70}},"66":{"start":{"line":143,"column":4},"end":{"line":143,"column":94}},"67":{"start":{"line":144,"column":25},"end":{"line":144,"column":81}},"68":{"start":{"line":145,"column":4},"end":{"line":145,"column":52}},"69":{"start":{"line":147,"column":4},"end":{"line":147,"column":14}},"70":{"start":{"line":151,"column":25},"end":{"line":194,"column":1}},"71":{"start":{"line":152,"column":2},"end":{"line":193,"column":3}},"72":{"start":{"line":153,"column":19},"end":{"line":153,"column":84}},"73":{"start":{"line":154,"column":4},"end":{"line":159,"column":5}},"74":{"start":{"line":155,"column":6},"end":{"line":158,"column":9}},"75":{"start":{"line":160,"column":17},"end":{"line":164,"column":6}},"76":{"start":{"line":165,"column":4},"end":{"line":167,"column":5}},"77":{"start":{"line":166,"column":6},"end":{"line":166,"column":87}},"78":{"start":{"line":168,"column":4},"end":{"line":170,"column":5}},"79":{"start":{"line":169,"column":6},"end":{"line":169,"column":94}},"80":{"start":{"line":171,"column":4},"end":{"line":171,"column":60}},"81":{"start":{"line":172,"column":4},"end":{"line":172,"column":46}},"82":{"start":{"line":173,"column":4},"end":{"line":173,"column":28}},"83":{"start":{"line":174,"column":4},"end":{"line":174,"column":22}},"84":{"start":{"line":177,"column":4},"end":{"line":186,"column":5}},"85":{"start":{"line":178,"column":6},"end":{"line":185,"column":7}},"86":{"start":{"line":179,"column":8},"end":{"line":182,"column":11}},"87":{"start":{"line":184,"column":8},"end":{"line":184,"column":71}},"88":{"start":{"line":188,"column":4},"end":{"line":188,"column":102}},"89":{"start":{"line":189,"column":25},"end":{"line":189,"column":81}},"90":{"start":{"line":190,"column":4},"end":{"line":190,"column":52}},"91":{"start":{"line":192,"column":4},"end":{"line":192,"column":14}},"92":{"start":{"line":196,"column":33},"end":{"line":211,"column":1}},"93":{"start":{"line":197,"column":2},"end":{"line":210,"column":3}},"94":{"start":{"line":198,"column":18},"end":{"line":206,"column":13}},"95":{"start":{"line":207,"column":4},"end":{"line":207,"column":45}},"96":{"start":{"line":209,"column":4},"end":{"line":209,"column":14}},"97":{"start":{"line":213,"column":0},"end":{"line":222,"column":2}}},"fnMap":{"0":{"name":"(anonymous_0)","decl":{"start":{"line":7,"column":24},"end":{"line":7,"column":25}},"loc":{"start":{"line":7,"column":50},"end":{"line":20,"column":1}},"line":7},"1":{"name":"(anonymous_1)","decl":{"start":{"line":22,"column":26},"end":{"line":22,"column":27}},"loc":{"start":{"line":22,"column":52},"end":{"line":52,"column":1}},"line":22},"2":{"name":"(anonymous_2)","decl":{"start":{"line":54,"column":24},"end":{"line":54,"column":25}},"loc":{"start":{"line":54,"column":50},"end":{"line":65,"column":1}},"line":54},"3":{"name":"(anonymous_3)","decl":{"start":{"line":67,"column":19},"end":{"line":67,"column":20}},"loc":{"start":{"line":67,"column":45},"end":{"line":80,"column":1}},"line":67},"4":{"name":"(anonymous_4)","decl":{"start":{"line":82,"column":21},"end":{"line":82,"column":22}},"loc":{"start":{"line":82,"column":47},"end":{"line":112,"column":1}},"line":82},"5":{"name":"(anonymous_5)","decl":{"start":{"line":114,"column":26},"end":{"line":114,"column":27}},"loc":{"start":{"line":114,"column":52},"end":{"line":149,"column":1}},"line":114},"6":{"name":"(anonymous_6)","decl":{"start":{"line":151,"column":25},"end":{"line":151,"column":26}},"loc":{"start":{"line":151,"column":51},"end":{"line":194,"column":1}},"line":151},"7":{"name":"(anonymous_7)","decl":{"start":{"line":196,"column":33},"end":{"line":196,"column":34}},"loc":{"start":{"line":196,"column":59},"end":{"line":211,"column":1}},"line":196}},"branchMap":{"0":{"loc":{"start":{"line":26,"column":4},"end":{"line":28,"column":5}},"type":"if","locations":[{"start":{"line":26,"column":4},"end":{"line":28,"column":5}},{"start":{},"end":{}}],"line":26},"1":{"loc":{"start":{"line":32,"column":16},"end":{"line":32,"column":42}},"type":"binary-expr","locations":[{"start":{"line":32,"column":16},"end":{"line":32,"column":24}},{"start":{"line":32,"column":28},"end":{"line":32,"column":42}}],"line":32},"2":{"loc":{"start":{"line":39,"column":4},"end":{"line":45,"column":5}},"type":"if","locations":[{"start":{"line":39,"column":4},"end":{"line":45,"column":5}},{"start":{},"end":{}}],"line":39},"3":{"loc":{"start":{"line":86,"column":4},"end":{"line":88,"column":5}},"type":"if","locations":[{"start":{"line":86,"column":4},"end":{"line":88,"column":5}},{"start":{},"end":{}}],"line":86},"4":{"loc":{"start":{"line":99,"column":4},"end":{"line":105,"column":5}},"type":"if","locations":[{"start":{"line":99,"column":4},"end":{"line":105,"column":5}},{"start":{},"end":{}}],"line":99},"5":{"loc":{"start":{"line":121,"column":4},"end":{"line":123,"column":5}},"type":"if","locations":[{"start":{"line":121,"column":4},"end":{"line":123,"column":5}},{"start":{},"end":{}}],"line":121},"6":{"loc":{"start":{"line":124,"column":4},"end":{"line":126,"column":5}},"type":"if","locations":[{"start":{"line":124,"column":4},"end":{"line":126,"column":5}},{"start":{},"end":{}}],"line":124},"7":{"loc":{"start":{"line":124,"column":8},"end":{"line":124,"column":65}},"type":"binary-expr","locations":[{"start":{"line":124,"column":8},"end":{"line":124,"column":46}},{"start":{"line":124,"column":50},"end":{"line":124,"column":65}}],"line":124},"8":{"loc":{"start":{"line":133,"column":4},"end":{"line":141,"column":5}},"type":"if","locations":[{"start":{"line":133,"column":4},"end":{"line":141,"column":5}},{"start":{},"end":{}}],"line":133},"9":{"loc":{"start":{"line":153,"column":19},"end":{"line":153,"column":84}},"type":"cond-expr","locations":[{"start":{"line":153,"column":57},"end":{"line":153,"column":79}},{"start":{"line":153,"column":82},"end":{"line":153,"column":84}}],"line":153},"10":{"loc":{"start":{"line":154,"column":4},"end":{"line":159,"column":5}},"type":"if","locations":[{"start":{"line":154,"column":4},"end":{"line":159,"column":5}},{"start":{},"end":{}}],"line":154},"11":{"loc":{"start":{"line":154,"column":8},"end":{"line":154,"column":37}},"type":"binary-expr","locations":[{"start":{"line":154,"column":8},"end":{"line":154,"column":15}},{"start":{"line":154,"column":19},"end":{"line":154,"column":37}}],"line":154},"12":{"loc":{"start":{"line":165,"column":4},"end":{"line":167,"column":5}},"type":"if","locations":[{"start":{"line":165,"column":4},"end":{"line":167,"column":5}},{"start":{},"end":{}}],"line":165},"13":{"loc":{"start":{"line":168,"column":4},"end":{"line":170,"column":5}},"type":"if","locations":[{"start":{"line":168,"column":4},"end":{"line":170,"column":5}},{"start":{},"end":{}}],"line":168},"14":{"loc":{"start":{"line":177,"column":4},"end":{"line":186,"column":5}},"type":"if","locations":[{"start":{"line":177,"column":4},"end":{"line":186,"column":5}},{"start":{},"end":{}}],"line":177}},"s":{"0":0,"1":0,"2":0,"3":0,"4":0,"5":0,"6":0,"7":0,"8":0,"9":0,"10":0,"11":0,"12":0,"13":0,"14":0,"15":0,"16":0,"17":0,"18":0,"19":0,"20":0,"21":0,"22":0,"23":0,"24":0,"25":0,"26":0,"27":0,"28":0,"29":0,"30":0,"31":0,"32":0,"33":0,"34":0,"35":0,"36":0,"37":0,"38":0,"39":0,"40":0,"41":0,"42":0,"43":0,"44":0,"45":0,"46":0,"47":0,"48":0,"49":0,"50":0,"51":0,"52":0,"53":0,"54":0,"55":0,"56":0,"57":0,"58":0,"59":0,"60":0,"61":0,"62":0,"63":0,"64":0,"65":0,"66":0,"67":0,"68":0,"69":0,"70":0,"71":0,"72":0,"73":0,"74":0,"75":0,"76":0,"77":0,"78":0,"79":0,"80":0,"81":0,"82":0,"83":0,"84":0,"85":0,"86":0,"87":0,"88":0,"89":0,"90":0,"91":0,"92":0,"93":0,"94":0,"95":0,"96":0,"97":0},"f":{"0":0,"1":0,"2":0,"3":0,"4":0,"5":0,"6":0,"7":0},"b":{"0":[0,0],"1":[0,0],"2":[0,0],"3":[0,0],"4":[0,0],"5":[0,0],"6":[0,0],"7":[0,0],"8":[0,0],"9":[0,0],"10":[0,0],"11":[0,0],"12":[0,0],"13":[0,0],"14":[0,0]}}
,"C:\\Users\\sk780\\OneDrive\\डेस्कटॉप\\Collaboration\\backend\\middleware\\auth.js": {"path":"C:\\Users\\sk780\\OneDrive\\डेस्कटॉप\\Collaboration\\backend\\middleware\\auth.js","statementMap":{"0":{"start":{"line":1,"column":17},"end":{"line":1,"column":37}},"1":{"start":{"line":2,"column":30},"end":{"line":2,"column":53}},"2":{"start":{"line":3,"column":18},"end":{"line":3,"column":48}},"3":{"start":{"line":5,"column":21},"end":{"line":31,"column":1}},"4":{"start":{"line":6,"column":2},"end":{"line":30,"column":3}},"5":{"start":{"line":7,"column":23},"end":{"line":7,"column":48}},"6":{"start":{"line":8,"column":18},"end":{"line":8,"column":80}},"7":{"start":{"line":9,"column":4},"end":{"line":11,"column":5}},"8":{"start":{"line":10,"column":6},"end":{"line":10,"column":88}},"9":{"start":{"line":12,"column":20},"end":{"line":12,"column":44}},"10":{"start":{"line":13,"column":17},"end":{"line":16,"column":26}},"11":{"start":{"line":17,"column":4},"end":{"line":19,"column":5}},"12":{"start":{"line":18,"column":6},"end":{"line":18,"column":81}},"13":{"start":{"line":20,"column":4},"end":{"line":22,"column":5}},"14":{"start":{"line":21,"column":6},"end":{"line":21,"column":91}},"15":{"start":{"line":23,"column":4},"end":{"line":23,"column":20}},"16":{"start":{"line":24,"column":4},"end":{"line":24,"column":11}},"17":{"start":{"line":26,"column":4},"end":{"line":28,"column":5}},"18":{"start":{"line":27,"column":6},"end":{"line":27,"column":80}},"19":{"start":{"line":29,"column":4},"end":{"line":29,"column":78}},"20":{"start":{"line":33,"column":23},"end":{"line":43,"column":1}},"21":{"start":{"line":34,"column":2},"end":{"line":42,"column":4}},"22":{"start":{"line":35,"column":4},"end":{"line":37,"column":5}},"23":{"start":{"line":36,"column":6},"end":{"line":36,"column":84}},"24":{"start":{"line":38,"column":4},"end":{"line":40,"column":5}},"25":{"start":{"line":39,"column":6},"end":{"line":39,"column":91}},"26":{"start":{"line":41,"column":4},"end":{"line":41,"column":11}},"27":{"start":{"line":45,"column":0},"end":{"line":45,"column":50}}},"fnMap":{"0":{"name":"(anonymous_0)","decl":{"start":{"line":5,"column":21},"end":{"line":5,"column":22}},"loc":{"start":{"line":5,"column":47},"end":{"line":31,"column":1}},"line":5},"1":{"name":"(anonymous_1)","decl":{"start":{"line":33,"column":23},"end":{"line":33,"column":24}},"loc":{"start":{"line":33,"column":44},"end":{"line":43,"column":1}},"line":33},"2":{"name":"(anonymous_2)","decl":{"start":{"line":34,"column":9},"end":{"line":34,"column":10}},"loc":{"start":{"line":34,"column":29},"end":{"line":42,"column":3}},"line":34}},"branchMap":{"0":{"loc":{"start":{"line":8,"column":18},"end":{"line":8,"column":80}},"type":"cond-expr","locations":[{"start":{"line":8,"column":54},"end":{"line":8,"column":73}},{"start":{"line":8,"column":76},"end":{"line":8,"column":80}}],"line":8},"1":{"loc":{"start":{"line":9,"column":4},"end":{"line":11,"column":5}},"type":"if","locations":[{"start":{"line":9,"column":4},"end":{"line":11,"column":5}},{"start":{},"end":{}}],"line":9},"2":{"loc":{"start":{"line":17,"column":4},"end":{"line":19,"column":5}},"type":"if","locations":[{"start":{"line":17,"column":4},"end":{"line":19,"column":5}},{"start":{},"end":{}}],"line":17},"3":{"loc":{"start":{"line":20,"column":4},"end":{"line":22,"column":5}},"type":"if","locations":[{"start":{"line":20,"column":4},"end":{"line":22,"column":5}},{"start":{},"end":{}}],"line":20},"4":{"loc":{"start":{"line":20,"column":8},"end":{"line":20,"column":58}},"type":"binary-expr","locations":[{"start":{"line":20,"column":8},"end":{"line":20,"column":38}},{"start":{"line":20,"column":42},"end":{"line":20,"column":58}}],"line":20},"5":{"loc":{"start":{"line":26,"column":4},"end":{"line":28,"column":5}},"type":"if","locations":[{"start":{"line":26,"column":4},"end":{"line":28,"column":5}},{"start":{},"end":{}}],"line":26},"6":{"loc":{"start":{"line":35,"column":4},"end":{"line":37,"column":5}},"type":"if","locations":[{"start":{"line":35,"column":4},"end":{"line":37,"column":5}},{"start":{},"end":{}}],"line":35},"7":{"loc":{"start":{"line":38,"column":4},"end":{"line":40,"column":5}},"type":"if","locations":[{"start":{"line":38,"column":4},"end":{"line":40,"column":5}},{"start":{},"end":{}}],"line":38}},"s":{"0":1,"1":1,"2":1,"3":1,"4":0,"5":0,"6":0,"7":0,"8":0,"9":0,"10":0,"11":0,"12":0,"13":0,"14":0,"15":0,"16":0,"17":0,"18":0,"19":0,"20":1,"21":0,"22":0,"23":0,"24":0,"25":0,"26":0,"27":1},"f":{"0":0,"1":0,"2":0},"b":{"0":[0,0],"1":[0,0],"2":[0,0],"3":[0,0],"4":[0,0],"5":[0,0],"6":[0,0],"7":[0,0]},"_coverageSchema":"1a1c01bbd47fc00a2c39e90264f33305004495a9","hash":"429e11fcce56a97b01a9d2e85acf8ddbcef0efa8"}
,"C:\\Users\\sk780\\OneDrive\\डेस्कटॉप\\Collaboration\\backend\\middleware\\errorHandler.js": {"path":"C:\\Users\\sk780\\OneDrive\\डेस्कटॉप\\Collaboration\\backend\\middleware\\errorHandler.js","statementMap":{"0":{"start":{"line":1,"column":21},"end":{"line":10,"column":1}},"1":{"start":{"line":2,"column":2},"end":{"line":2,"column":21}},"2":{"start":{"line":3,"column":17},"end":{"line":3,"column":38}},"3":{"start":{"line":4,"column":18},"end":{"line":4,"column":56}},"4":{"start":{"line":5,"column":2},"end":{"line":9,"column":5}},"5":{"start":{"line":12,"column":0},"end":{"line":12,"column":30}}},"fnMap":{"0":{"name":"(anonymous_0)","decl":{"start":{"line":1,"column":21},"end":{"line":1,"column":22}},"loc":{"start":{"line":1,"column":46},"end":{"line":10,"column":1}},"line":1}},"branchMap":{"0":{"loc":{"start":{"line":3,"column":17},"end":{"line":3,"column":38}},"type":"binary-expr","locations":[{"start":{"line":3,"column":17},"end":{"line":3,"column":31}},{"start":{"line":3,"column":35},"end":{"line":3,"column":38}}],"line":3},"1":{"loc":{"start":{"line":4,"column":18},"end":{"line":4,"column":56}},"type":"binary-expr","locations":[{"start":{"line":4,"column":18},"end":{"line":4,"column":29}},{"start":{"line":4,"column":33},"end":{"line":4,"column":56}}],"line":4},"2":{"loc":{"start":{"line":8,"column":8},"end":{"line":8,"column":70}},"type":"binary-expr","locations":[{"start":{"line":8,"column":8},"end":{"line":8,"column":46}},{"start":{"line":8,"column":50},"end":{"line":8,"column":70}}],"line":8}},"s":{"0":1,"1":0,"2":0,"3":0,"4":0,"5":1},"f":{"0":0},"b":{"0":[0,0],"1":[0,0],"2":[0,0]},"_coverageSchema":"1a1c01bbd47fc00a2c39e90264f33305004495a9","hash":"a78339ac59c3c617f8dae973536f7b756a9b364d"}
,"C:\\Users\\sk780\\OneDrive\\डेस्कटॉप\\Collaboration\\backend\\middleware\\superAdminRoute.js": {"path":"C:\\Users\\sk780\\OneDrive\\डेस्कटॉप\\Collaboration\\backend\\middleware\\superAdminRoute.js","statementMap":{"0":{"start":{"line":1,"column":18},"end":{"line":1,"column":48}},"1":{"start":{"line":3,"column":25},"end":{"line":3,"column":84}},"2":{"start":{"line":5,"column":24},"end":{"line":14,"column":1}},"3":{"start":{"line":6,"column":21},"end":{"line":6,"column":76}},"4":{"start":{"line":7,"column":2},"end":{"line":9,"column":3}},"5":{"start":{"line":8,"column":4},"end":{"line":8,"column":74}},"6":{"start":{"line":10,"column":2},"end":{"line":12,"column":3}},"7":{"start":{"line":11,"column":4},"end":{"line":11,"column":18}},"8":{"start":{"line":13,"column":2},"end":{"line":13,"column":72}},"9":{"start":{"line":16,"column":30},"end":{"line":22,"column":1}},"10":{"start":{"line":17,"column":21},"end":{"line":17,"column":76}},"11":{"start":{"line":18,"column":2},"end":{"line":20,"column":3}},"12":{"start":{"line":19,"column":4},"end":{"line":19,"column":74}},"13":{"start":{"line":21,"column":2},"end":{"line":21,"column":9}},"14":{"start":{"line":24,"column":0},"end":{"line":24,"column":60}}},"fnMap":{"0":{"name":"(anonymous_0)","decl":{"start":{"line":5,"column":24},"end":{"line":5,"column":25}},"loc":{"start":{"line":5,"column":44},"end":{"line":14,"column":1}},"line":5},"1":{"name":"(anonymous_1)","decl":{"start":{"line":16,"column":30},"end":{"line":16,"column":31}},"loc":{"start":{"line":16,"column":50},"end":{"line":22,"column":1}},"line":16}},"branchMap":{"0":{"loc":{"start":{"line":3,"column":25},"end":{"line":3,"column":84}},"type":"binary-expr","locations":[{"start":{"line":3,"column":25},"end":{"line":3,"column":60}},{"start":{"line":3,"column":64},"end":{"line":3,"column":84}}],"line":3},"1":{"loc":{"start":{"line":6,"column":21},"end":{"line":6,"column":76}},"type":"binary-expr","locations":[{"start":{"line":6,"column":21},"end":{"line":6,"column":37}},{"start":{"line":6,"column":41},"end":{"line":6,"column":76}}],"line":6},"2":{"loc":{"start":{"line":7,"column":2},"end":{"line":9,"column":3}},"type":"if","locations":[{"start":{"line":7,"column":2},"end":{"line":9,"column":3}},{"start":{},"end":{}}],"line":7},"3":{"loc":{"start":{"line":10,"column":2},"end":{"line":12,"column":3}},"type":"if","locations":[{"start":{"line":10,"column":2},"end":{"line":12,"column":3}},{"start":{},"end":{}}],"line":10},"4":{"loc":{"start":{"line":10,"column":6},"end":{"line":10,"column":53}},"type":"binary-expr","locations":[{"start":{"line":10,"column":6},"end":{"line":10,"column":14}},{"start":{"line":10,"column":18},"end":{"line":10,"column":53}}],"line":10},"5":{"loc":{"start":{"line":17,"column":21},"end":{"line":17,"column":76}},"type":"binary-expr","locations":[{"start":{"line":17,"column":21},"end":{"line":17,"column":37}},{"start":{"line":17,"column":41},"end":{"line":17,"column":76}}],"line":17},"6":{"loc":{"start":{"line":18,"column":2},"end":{"line":20,"column":3}},"type":"if","locations":[{"start":{"line":18,"column":2},"end":{"line":20,"column":3}},{"start":{},"end":{}}],"line":18}},"s":{"0":0,"1":0,"2":0,"3":0,"4":0,"5":0,"6":0,"7":0,"8":0,"9":0,"10":0,"11":0,"12":0,"13":0,"14":0},"f":{"0":0,"1":0},"b":{"0":[0,0],"1":[0,0],"2":[0,0],"3":[0,0],"4":[0,0],"5":[0,0],"6":[0,0]}}
,"C:\\Users\\sk780\\OneDrive\\डेस्कटॉप\\Collaboration\\backend\\middleware\\upload.js": {"path":"C:\\Users\\sk780\\OneDrive\\डेस्कटॉप\\Collaboration\\backend\\middleware\\upload.js","statementMap":{"0":{"start":{"line":1,"column":15},"end":{"line":1,"column":32}},"1":{"start":{"line":2,"column":13},"end":{"line":2,"column":28}},"2":{"start":{"line":3,"column":15},"end":{"line":3,"column":32}},"3":{"start":{"line":6,"column":16},"end":{"line":16,"column":2}},"4":{"start":{"line":8,"column":4},"end":{"line":8,"column":25}},"5":{"start":{"line":12,"column":25},"end":{"line":12,"column":75}},"6":{"start":{"line":13,"column":16},"end":{"line":13,"column":47}},"7":{"start":{"line":14,"column":4},"end":{"line":14,"column":56}},"8":{"start":{"line":19,"column":19},"end":{"line":36,"column":1}},"9":{"start":{"line":21,"column":23},"end":{"line":29,"column":3}},"10":{"start":{"line":31,"column":2},"end":{"line":35,"column":3}},"11":{"start":{"line":32,"column":4},"end":{"line":32,"column":19}},"12":{"start":{"line":34,"column":4},"end":{"line":34,"column":119}},"13":{"start":{"line":39,"column":15},"end":{"line":46,"column":2}},"14":{"start":{"line":48,"column":0},"end":{"line":48,"column":24}}},"fnMap":{"0":{"name":"(anonymous_0)","decl":{"start":{"line":7,"column":15},"end":{"line":7,"column":16}},"loc":{"start":{"line":7,"column":40},"end":{"line":9,"column":3}},"line":7},"1":{"name":"(anonymous_1)","decl":{"start":{"line":10,"column":12},"end":{"line":10,"column":13}},"loc":{"start":{"line":10,"column":37},"end":{"line":15,"column":3}},"line":10},"2":{"name":"(anonymous_2)","decl":{"start":{"line":19,"column":19},"end":{"line":19,"column":20}},"loc":{"start":{"line":19,"column":38},"end":{"line":36,"column":1}},"line":19}},"branchMap":{"0":{"loc":{"start":{"line":31,"column":2},"end":{"line":35,"column":3}},"type":"if","locations":[{"start":{"line":31,"column":2},"end":{"line":35,"column":3}},{"start":{"line":33,"column":9},"end":{"line":35,"column":3}}],"line":31}},"s":{"0":0,"1":0,"2":0,"3":0,"4":0,"5":0,"6":0,"7":0,"8":0,"9":0,"10":0,"11":0,"12":0,"13":0,"14":0},"f":{"0":0,"1":0,"2":0},"b":{"0":[0,0]}}
[...]
,"C:\\Users\\sk780\\OneDrive\\डेस्कटॉप\\Collaboration\\backend\\services\\questionService.js": {"path":"C:\\Users\\sk780\\OneDrive\\डेस्कटॉप\\Collaboration\\backend\\services\\questionService.js","statementMap":{"0":{"start":{"line":1,"column":35},"end":{"line":1,"column":55}},"1":{"start":{"line":2,"column":50},"end":{"line":2,"column":80}},"2":{"start":{"line":3,"column":27},"end":{"line":3,"column":68}},"3":{"start":{"line":4,"column":29},"end":{"line":4,"column":62}},"4":{"start":{"line":6,"column":15},"end":{"line":24,"column":1}},"5":{"start":{"line":7,"column":19},"end":{"line":17,"column":4}},"6":{"start":{"line":18,"column":2},"end":{"line":18,"column":24}},"7":{"start":{"line":19,"column":2},"end":{"line":22,"column":5}},"8":{"start":{"line":23,"column":2},"end":{"line":23,"column":18}},"9":{"start":{"line":26,"column":25},"end":{"line":55,"column":1}},"10":{"start":{"line":27,"column":19},"end":{"line":35,"column":4}},"11":{"start":{"line":36,"column":2},"end":{"line":36,"column":24}},"12":{"start":{"line":37,"column":2},"end":{"line":40,"column":5}},"13":{"start":{"line":41,"column":27},"end":{"line":46,"column":11}},"14":{"start":{"line":47,"column":2},"end":{"line":53,"column":3}},"15":{"start":{"line":48,"column":4},"end":{"line":52,"column":6}},"16":{"start":{"line":54,"column":2},"end":{"line":54,"column":18}},"17":{"start":{"line":57,"column":27},"end":{"line":69,"column":1}},"18":{"start":{"line":58,"column":2},"end":{"line":68,"column":12}},"19":{"start":{"line":71,"column":22},"end":{"line":80,"column":1}},"20":{"start":{"line":72,"column":2},"end":{"line":79,"column":12}},"21":{"start":{"line":82,"column":26},"end":{"line":90,"column":1}},"22":{"start":{"line":83,"column":2},"end":{"line":89,"column":12}},"23":{"start":{"line":92,"column":16},"end":{"line":98,"column":1}},"24":{"start":{"line":93,"column":12},"end":{"line":93,"column":67}},"25":{"start":{"line":94,"column":2},"end":{"line":94,"column":88}},"26":{"start":{"line":94,"column":34},"end":{"line":94,"column":88}},"27":{"start":{"line":95,"column":2},"end":{"line":95,"column":76}},"28":{"start":{"line":95,"column":33},"end":{"line":95,"column":76}},"29":{"start":{"line":96,"column":2},"end":{"line":96,"column":85}},"30":{"start":{"line":96,"column":40},"end":{"line":96,"column":85}},"31":{"start":{"line":97,"column":2},"end":{"line":97,"column":18}},"32":{"start":{"line":100,"column":15},"end":{"line":120,"column":1}},"33":{"start":{"line":101,"column":19},"end":{"line":109,"column":4}},"34":{"start":{"line":110,"column":2},"end":{"line":110,"column":29}},"35":{"start":{"line":110,"column":17},"end":{"line":110,"column":29}},"36":{"start":{"line":111,"column":14},"end":{"line":111,"column":74}},"37":{"start":{"line":112,"column":2},"end":{"line":112,"column":54}},"38":{"start":{"line":112,"column":26},"end":{"line":112,"column":54}},"39":{"start":{"line":113,"column":2},"end":{"line":113,"column":72}},"40":{"start":{"line":113,"column":32},"end":{"line":113,"column":72}},"41":{"start":{"line":114,"column":2},"end":{"line":114,"column":63}},"42":{"start":{"line":114,"column":29},"end":{"line":114,"column":63}},"43":{"start":{"line":115,"column":2},"end":{"line":115,"column":63}},"44":{"start":{"line":115,"column":29},"end":{"line":115,"column":63}},"45":{"start":{"line":116,"column":2},"end":{"line":116,"column":58}},"46":{"start":{"line":116,"column":32},"end":{"line":116,"column":58}},"47":{"start":{"line":117,"column":2},"end":{"line":117,"column":24}},"48":{"start":{"line":118,"column":2},"end":{"line":118,"column":88}},"49":{"start":{"line":119,"column":2},"end":{"line":119,"column":18}},"50":{"start":{"line":122,"column":13},"end":{"line":147,"column":1}},"51":{"start":{"line":123,"column":19},"end":{"line":131,"column":4}},"52":{"start":{"line":132,"column":2},"end":{"line":132,"column":29}},"53":{"start":{"line":132,"column":17},"end":{"line":132,"column":29}},"54":{"start":{"line":133,"column":2},"end":{"line":133,"column":24}},"55":{"start":{"line":134,"column":2},"end":{"line":134,"column":43}},"56":{"start":{"line":135,"column":2},"end":{"line":135,"column":24}},"57":{"start":{"line":136,"column":2},"end":{"line":136,"column":71}},"58":{"start":{"line":137,"column":23},"end":{"line":137,"column":82}},"59":{"start":{"line":138,"column":2},"end":{"line":145,"column":4}},"60":{"start":{"line":146,"column":2},"end":{"line":146,"column":18}},"61":{"start":{"line":149,"column":19},"end":{"line":164,"column":1}},"62":{"start":{"line":150,"column":19},"end":{"line":158,"column":4}},"63":{"start":{"line":159,"column":2},"end":{"line":159,"column":29}},"64":{"start":{"line":159,"column":17},"end":{"line":159,"column":29}},"65":{"start":{"line":160,"column":2},"end":{"line":160,"column":28}},"66":{"start":{"line":161,"column":2},"end":{"line":161,"column":24}},"67":{"start":{"line":162,"column":2},"end":{"line":162,"column":95}},"68":{"start":{"line":163,"column":2},"end":{"line":163,"column":18}},"69":{"start":{"line":166,"column":17},"end":{"line":191,"column":1}},"70":{"start":{"line":167,"column":19},"end":{"line":175,"column":4}},"71":{"start":{"line":176,"column":2},"end":{"line":176,"column":29}},"72":{"start":{"line":176,"column":17},"end":{"line":176,"column":29}},"73":{"start":{"line":177,"column":2},"end":{"line":177,"column":41}},"74":{"start":{"line":178,"column":2},"end":{"line":178,"column":46}},"75":{"start":{"line":179,"column":2},"end":{"line":179,"column":47}},"76":{"start":{"line":180,"column":2},"end":{"line":180,"column":24}},"77":{"start":{"line":181,"column":2},"end":{"line":181,"column":74}},"78":{"start":{"line":182,"column":2},"end":{"line":182,"column":77}},"79":{"start":{"line":183,"column":2},"end":{"line":189,"column":3}},"80":{"start":{"line":184,"column":4},"end":{"line":188,"column":6}},"81":{"start":{"line":190,"column":2},"end":{"line":190,"column":18}},"82":{"start":{"line":193,"column":26},"end":{"line":243,"column":1}},"83":{"start":{"line":194,"column":19},"end":{"line":198,"column":4}},"84":{"start":{"line":199,"column":2},"end":{"line":199,"column":29}},"85":{"start":{"line":199,"column":17},"end":{"line":199,"column":29}},"86":{"start":{"line":200,"column":14},"end":{"line":205,"column":3}},"87":{"start":{"line":206,"column":2},"end":{"line":206,"column":44}},"88":{"start":{"line":207,"column":2},"end":{"line":207,"column":65}},"89":{"start":{"line":207,"column":25},"end":{"line":207,"column":65}},"90":{"start":{"line":208,"column":2},"end":{"line":208,"column":55}},"91":{"start":{"line":208,"column":21},"end":{"line":208,"column":55}},"92":{"start":{"line":209,"column":2},"end":{"line":209,"column":58}},"93":{"start":{"line":209,"column":32},"end":{"line":209,"column":58}},"94":{"start":{"line":210,"column":2},"end":{"line":216,"column":5}},"95":{"start":{"line":217,"column":2},"end":{"line":217,"column":24}},"96":{"start":{"line":218,"column":2},"end":{"line":227,"column":5}},"97":{"start":{"line":228,"column":2},"end":{"line":234,"column":3}},"98":{"start":{"line":229,"column":4},"end":{"line":233,"column":6}},"99":{"start":{"line":235,"column":2},"end":{"line":241,"column":3}},"100":{"start":{"line":236,"column":4},"end":{"line":240,"column":6}},"101":{"start":{"line":242,"column":2},"end":{"line":242,"column":18}},"102":{"start":{"line":245,"column":38},"end":{"line":262,"column":1}},"103":{"start":{"line":246,"column":22},"end":{"line":251,"column":11}},"104":{"start":{"line":252,"column":20},"end":{"line":252,"column":49}},"105":{"start":{"line":252,"column":43},"end":{"line":252,"column":48}},"106":{"start":{"line":253,"column":2},"end":{"line":253,"column":40}},"107":{"start":{"line":253,"column":30},"end":{"line":253,"column":40}},"108":{"start":{"line":254,"column":2},"end":{"line":261,"column":12}},"109":{"start":{"line":264,"column":29},"end":{"line":270,"column":1}},"110":{"start":{"line":265,"column":2},"end":{"line":269,"column":12}},"111":{"start":{"line":272,"column":0},"end":{"line":286,"column":2}}},"fnMap":{"0":{"name":"(anonymous_0)","decl":{"start":{"line":6,"column":15},"end":{"line":6,"column":16}},"loc":{"start":{"line":6,"column":39},"end":{"line":24,"column":1}},"line":6},"1":{"name":"(anonymous_1)","decl":{"start":{"line":26,"column":25},"end":{"line":26,"column":26}},"loc":{"start":{"line":26,"column":49},"end":{"line":55,"column":1}},"line":26},"2":{"name":"(anonymous_2)","decl":{"start":{"line":57,"column":27},"end":{"line":57,"column":28}},"loc":{"start":{"line":57,"column":45},"end":{"line":69,"column":1}},"line":57},"3":{"name":"(anonymous_3)","decl":{"start":{"line":71,"column":22},"end":{"line":71,"column":23}},"loc":{"start":{"line":71,"column":40},"end":{"line":80,"column":1}},"line":71},"4":{"name":"(anonymous_4)","decl":{"start":{"line":82,"column":26},"end":{"line":82,"column":27}},"loc":{"start":{"line":82,"column":50},"end":{"line":90,"column":1}},"line":82},"5":{"name":"(anonymous_5)","decl":{"start":{"line":92,"column":16},"end":{"line":92,"column":17}},"loc":{"start":{"line":92,"column":44},"end":{"line":98,"column":1}},"line":92},"6":{"name":"(anonymous_6)","decl":{"start":{"line":100,"column":15},"end":{"line":100,"column":16}},"loc":{"start":{"line":100,"column":43},"end":{"line":120,"column":1}},"line":100},"7":{"name":"(anonymous_7)","decl":{"start":{"line":122,"column":13},"end":{"line":122,"column":14}},"loc":{"start":{"line":122,"column":35},"end":{"line":147,"column":1}},"line":122},"8":{"name":"(anonymous_8)","decl":{"start":{"line":149,"column":19},"end":{"line":149,"column":20}},"loc":{"start":{"line":149,"column":41},"end":{"line":164,"column":1}},"line":149},"9":{"name":"(anonymous_9)","decl":{"start":{"line":166,"column":17},"end":{"line":166,"column":18}},"loc":{"start":{"line":166,"column":56},"end":{"line":191,"column":1}},"line":166},"10":{"name":"(anonymous_10)","decl":{"start":{"line":193,"column":26},"end":{"line":193,"column":27}},"loc":{"start":{"line":193,"column":61},"end":{"line":243,"column":1}},"line":193},"11":{"name":"(anonymous_11)","decl":{"start":{"line":245,"column":38},"end":{"line":245,"column":39}},"loc":{"start":{"line":245,"column":50},"end":{"line":262,"column":1}},"line":245},"12":{"name":"(anonymous_12)","decl":{"start":{"line":252,"column":36},"end":{"line":252,"column":37}},"loc":{"start":{"line":252,"column":43},"end":{"line":252,"column":48}},"line":252},"13":{"name":"(anonymous_13)","decl":{"start":{"line":264,"column":29},"end":{"line":264,"column":30}},"loc":{"start":{"line":264,"column":41},"end":{"line":270,"column":1}},"line":264}},"branchMap":{"0":{"loc":{"start":{"line":14,"column":14},"end":{"line":14,"column":39}},"type":"binary-expr","locations":[{"start":{"line":14,"column":14},"end":{"line":14,"column":27}},{"start":{"line":14,"column":31},"end":{"line":14,"column":39}}],"line":14},"1":{"loc":{"start":{"line":15,"column":10},"end":{"line":15,"column":25}},"type":"binary-expr","locations":[{"start":{"line":15,"column":10},"end":{"line":15,"column":19}},{"start":{"line":15,"column":23},"end":{"line":15,"column":25}}],"line":15},"2":{"loc":{"start":{"line":32,"column":14},"end":{"line":32,"column":39}},"type":"binary-expr","locations":[{"start":{"line":32,"column":14},"end":{"line":32,"column":27}},{"start":{"line":32,"column":31},"end":{"line":32,"column":39}}],"line":32},"3":{"loc":{"start":{"line":33,"column":10},"end":{"line":33,"column":25}},"type":"binary-expr","locations":[{"start":{"line":33,"column":10},"end":{"line":33,"column":19}},{"start":{"line":33,"column":23},"end":{"line":33,"column":25}}],"line":33},"4":{"loc":{"start":{"line":92,"column":27},"end":{"line":92,"column":39}},"type":"default-arg","locations":[{"start":{"line":92,"column":37},"end":{"line":92,"column":39}}],"line":92},"5":{"loc":{"start":{"line":94,"column":2},"end":{"line":94,"column":88}},"type":"if","locations":[{"start":{"line":94,"column":2},"end":{"line":94,"column":88}},{"start":{},"end":{}}],"line":94},"6":{"loc":{"start":{"line":95,"column":2},"end":{"line":95,"column":76}},"type":"if","locations":[{"start":{"line":95,"column":2},"end":{"line":95,"column":76}},{"start":{},"end":{}}],"line":95},"7":{"loc":{"start":{"line":96,"column":2},"end":{"line":96,"column":85}},"type":"if","locations":[{"start":{"line":96,"column":2},"end":{"line":96,"column":85}},{"start":{},"end":{}}],"line":96},"8":{"loc":{"start":{"line":110,"column":2},"end":{"line":110,"column":29}},"type":"if","locations":[{"start":{"line":110,"column":2},"end":{"line":110,"column":29}},{"start":{},"end":{}}],"line":110},"9":{"loc":{"start":{"line":112,"column":2},"end":{"line":112,"column":54}},"type":"if","locations":[{"start":{"line":112,"column":2},"end":{"line":112,"column":54}},{"start":{},"end":{}}],"line":112},"10":{"loc":{"start":{"line":113,"column":2},"end":{"line":113,"column":72}},"type":"if","locations":[{"start":{"line":113,"column":2},"end":{"line":113,"column":72}},{"start":{},"end":{}}],"line":113},"11":{"loc":{"start":{"line":114,"column":2},"end":{"line":114,"column":63}},"type":"if","locations":[{"start":{"line":114,"column":2},"end":{"line":114,"column":63}},{"start":{},"end":{}}],"line":114},"12":{"loc":{"start":{"line":115,"column":2},"end":{"line":115,"column":63}},"type":"if","locations":[{"start":{"line":115,"column":2},"end":{"line":115,"column":63}},{"start":{},"end":{}}],"line":115},"13":{"loc":{"start":{"line":116,"column":2},"end":{"line":116,"column":58}},"type":"if","locations":[{"start":{"line":116,"column":2},"end":{"line":116,"column":58}},{"start":{},"end":{}}],"line":116},"14":{"loc":{"start":{"line":132,"column":2},"end":{"line":132,"column":29}},"type":"if","locations":[{"start":{"line":132,"column":2},"end":{"line":132,"column":29}},{"start":{},"end":{}}],"line":132},"15":{"loc":{"start":{"line":137,"column":23},"end":{"line":137,"column":82}},"type":"cond-expr","locations":[{"start":{"line":137,"column":45},"end":{"line":137,"column":75}},{"start":{"line":137,"column":78},"end":{"line":137,"column":82}}],"line":137},"16":{"loc":{"start":{"line":143,"column":10},"end":{"line":143,"column":42}},"type":"binary-expr","locations":[{"start":{"line":143,"column":10},"end":{"line":143,"column":22}},{"start":{"line":143,"column":26},"end":{"line":143,"column":42}}],"line":143},"17":{"loc":{"start":{"line":159,"column":2},"end":{"line":159,"column":29}},"type":"if","locations":[{"start":{"line":159,"column":2},"end":{"line":159,"column":29}},{"start":{},"end":{}}],"line":159},"18":{"loc":{"start":{"line":176,"column":2},"end":{"line":176,"column":29}},"type":"if","locations":[{"start":{"line":176,"column":2},"end":{"line":176,"column":29}},{"start":{},"end":{}}],"line":176},"19":{"loc":{"start":{"line":183,"column":2},"end":{"line":189,"column":3}},"type":"if","locations":[{"start":{"line":183,"column":2},"end":{"line":189,"column":3}},{"start":{},"end":{}}],"line":183},"20":{"loc":{"start":{"line":199,"column":2},"end":{"line":199,"column":29}},"type":"if","locations":[{"start":{"line":199,"column":2},"end":{"line":199,"column":29}},{"start":{},"end":{}}],"line":199},"21":{"loc":{"start":{"line":207,"column":2},"end":{"line":207,"column":65}},"type":"if","locations":[{"start":{"line":207,"column":2},"end":{"line":207,"column":65}},{"start":{},"end":{}}],"line":207},"22":{"loc":{"start":{"line":208,"column":2},"end":{"line":208,"column":55}},"type":"if","locations":[{"start":{"line":208,"column":2},"end":{"line":208,"column":55}},{"start":{},"end":{}}],"line":208},"23":{"loc":{"start":{"line":209,"column":2},"end":{"line":209,"column":58}},"type":"if","locations":[{"start":{"line":209,"column":2},"end":{"line":209,"column":58}},{"start":{},"end":{}}],"line":209},"24":{"loc":{"start":{"line":212,"column":16},"end":{"line":212,"column":56}},"type":"binary-expr","locations":[{"start":{"line":212,"column":16},"end":{"line":212,"column":33}},{"start":{"line":212,"column":37},"end":{"line":212,"column":56}}],"line":212},"25":{"loc":{"start":{"line":213,"column":14},"end":{"line":213,"column":48}},"type":"binary-expr","locations":[{"start":{"line":213,"column":14},"end":{"line":213,"column":27}},{"start":{"line":213,"column":31},"end":{"line":213,"column":48}}],"line":213},"26":{"loc":{"start":{"line":214,"column":10},"end":{"line":214,"column":62}},"type":"cond-expr","locations":[{"start":{"line":214,"column":37},"end":{"line":214,"column":46}},{"start":{"line":214,"column":49},"end":{"line":214,"column":62}}],"line":214},"27":{"loc":{"start":{"line":228,"column":2},"end":{"line":234,"column":3}},"type":"if","locations":[{"start":{"line":228,"column":2},"end":{"line":234,"column":3}},{"start":{},"end":{}}],"line":228},"28":{"loc":{"start":{"line":235,"column":2},"end":{"line":241,"column":3}},"type":"if","locations":[{"start":{"line":235,"column":2},"end":{"line":241,"column":3}},{"start":{},"end":{}}],"line":235},"29":{"loc":{"start":{"line":253,"column":2},"end":{"line":253,"column":40}},"type":"if","locations":[{"start":{"line":253,"column":2},"end":{"line":253,"column":40}},{"start":{},"end":{}}],"line":253}},"s":{"0":0,"1":0,"2":0,"3":0,"4":0,"5":0,"6":0,"7":0,"8":0,"9":0,"10":0,"11":0,"12":0,"13":0,"14":0,"15":0,"16":0,"17":0,"18":0,"19":0,"20":0,"21":0,"22":0,"23":0,"24":0,"25":0,"26":0,"27":0,"28":0,"29":0,"30":0,"31":0,"32":0,"33":0,"34":0,"35":0,"36":0,"37":0,"38":0,"39":0,"40":0,"41":0,"42":0,"43":0,"44":0,"45":0,"46":0,"47":0,"48":0,"49":0,"50":0,"51":0,"52":0,"53":0,"54":0,"55":0,"56":0,"57":0,"58":0,"59":0,"60":0,"61":0,"62":0,"63":0,"64":0,"65":0,"66":0,"67":0,"68":0,"69":0,"70":0,"71":0,"72":0,"73":0,"74":0,"75":0,"76":0,"77":0,"78":0,"79":0,"80":0,"81":0,"82":0,"83":0,"84":0,"85":0,"86":0,"87":0,"88":0,"89":0,"90":0,"91":0,"92":0,"93":0,"94":0,"95":0,"96":0,"97":0,"98":0,"99":0,"100":0,"101":0,"102":0,"103":0,"104":0,"105":0,"106":0,"107":0,"108":0,"109":0,"110":0,"111":0},"f":{"0":0,"1":0,"2":0,"3":0,"4":0,"5":0,"6":0,"7":0,"8":0,"9":0,"10":0,"11":0,"12":0,"13":0},"b":{"0":[0,0],"1":[0,0],"2":[0,0],"3":[0,0],"4":[0],"5":[0,0],"6":[0,0],"7":[0,0],"8":[0,0],"9":[0,0],"10":[0,0],"11":[0,0],"12":[0,0],"13":[0,0],"14":[0,0],"15":[0,0],"16":[0,0],"17":[0,0],"18":[0,0],"19":[0,0],"20":[0,0],"21":[0,0],"22":[0,0],"23":[0,0],"24":[0,0],"25":[0,0],"26":[0,0],"27":[0,0],"28":[0,0],"29":[0,0]}}
}
