TN:
SF:controllers\activityLogController.js
FN:4,(anonymous_0)
FN:28,buildMineQuery
FN:43,(anonymous_2)
FN:67,escapeRegex
FN:71,(anonymous_4)
FN:99,(anonymous_5)
FN:111,(anonymous_6)
FNF:7
FNH:0
FNDA:0,(anonymous_0)
FNDA:0,buildMineQuery
FNDA:0,(anonymous_2)
FNDA:0,escapeRegex
FNDA:0,(anonymous_4)
FNDA:0,(anonymous_5)
FNDA:0,(anonymous_6)
DA:1,0
DA:2,0
DA:4,0
DA:5,0
DA:6,0
DA:7,0
DA:8,0
DA:9,0
DA:10,0
DA:11,0
DA:12,0
DA:14,0
DA:19,0
DA:24,0
DA:29,0
DA:31,0
DA:32,0
DA:33,0
DA:34,0
DA:42,0
DA:43,0
DA:44,0
DA:46,0
DA:47,0
DA:48,0
DA:49,0
DA:51,0
DA:54,0
DA:56,0
DA:57,0
DA:58,0
DA:59,0
DA:60,0
DA:61,0
DA:64,0
DA:68,0
DA:71,0
DA:72,0
DA:73,0
DA:74,0
DA:75,0
DA:76,0
DA:78,0
DA:88,0
DA:93,0
DA:97,0
DA:99,0
DA:100,0
DA:101,0
DA:102,0
DA:103,0
DA:109,0
DA:110,0
DA:111,0
DA:112,0
DA:113,0
DA:114,0
DA:124,0
DA:125,0
DA:126,0
DA:127,0
DA:130,0
DA:135,0
DA:139,0
LF:64
LH:0
BRDA:6,0,0,0
BRDA:6,0,1,0
BRDA:7,1,0,0
BRDA:7,1,1,0
BRDA:10,2,0,0
BRDA:10,2,1,0
BRDA:11,3,0,0
BRDA:11,3,1,0
BRDA:12,4,0,0
BRDA:12,4,1,0
BRDA:31,5,0,0
BRDA:31,5,1,0
BRDA:32,6,0,0
BRDA:32,6,1,0
BRDA:42,7,0,0
BRDA:42,7,1,0
BRDA:44,8,0,0
BRDA:44,8,1,0
BRDA:44,9,0,0
BRDA:44,9,1,0
BRDA:46,10,0,0
BRDA:46,10,1,0
BRDA:47,11,0,0
BRDA:47,11,1,0
BRDA:48,12,0,0
BRDA:48,12,1,0
BRDA:54,13,0,0
BRDA:54,13,1,0
BRDA:56,14,0,0
BRDA:56,14,1,0
BRDA:57,15,0,0
BRDA:57,15,1,0
BRDA:58,16,0,0
BRDA:58,16,1,0
BRDA:58,17,0,0
BRDA:58,17,1,0
BRDA:58,17,2,0
BRDA:58,17,3,0
BRDA:60,18,0,0
BRDA:60,18,1,0
BRDA:60,19,0,0
BRDA:60,19,1,0
BRDA:61,20,0,0
BRDA:61,20,1,0
BRDA:61,21,0,0
BRDA:61,21,1,0
BRDA:73,22,0,0
BRDA:73,22,1,0
BRDA:74,23,0,0
BRDA:74,23,1,0
BRDA:102,24,0,0
BRDA:102,24,1,0
BRDA:109,25,0,0
BRDA:109,25,1,0
BRDA:112,26,0,0
BRDA:112,26,1,0
BRDA:113,27,0,0
BRDA:113,27,1,0
BRDA:113,28,0,0
BRDA:113,28,1,0
BRDA:115,29,0,0
BRDA:115,29,1,0
BRDA:116,30,0,0
BRDA:116,30,1,0
BRDA:117,31,0,0
BRDA:117,31,1,0
BRDA:118,32,0,0
BRDA:118,32,1,0
BRDA:118,32,2,0
BRDA:119,33,0,0
BRDA:119,33,1,0
BRF:71
BRH:0
end_of_record
TN:
SF:controllers\analyticsController.js
FN:5,(anonymous_0)
FNF:1
FNH:0
FNDA:0,(anonymous_0)
DA:1,0
DA:2,0
DA:3,0
DA:5,0
DA:6,0
DA:7,0
DA:17,0
DA:27,0
DA:42,0
DA:56,0
DA:60,0
LF:11
LH:0
BRF:0
BRH:0
end_of_record
TN:
SF:controllers\answerController.js
FN:6,(anonymous_0)
FN:54,(anonymous_1)
FN:87,(anonymous_2)
FN:105,(anonymous_3)
FN:117,(anonymous_4)
FN:132,(anonymous_5)
FNF:6
FNH:0
FNDA:0,(anonymous_0)
FNDA:0,(anonymous_1)
FNDA:0,(anonymous_2)
FNDA:0,(anonymous_3)
FNDA:0,(anonymous_4)
FNDA:0,(anonymous_5)
DA:1,0
DA:2,0
DA:3,0
DA:4,0
DA:6,0
DA:7,0
DA:9,0
DA:10,0
DA:16,0
DA:17,0
DA:24,0
DA:25,0
DA:26,0
DA:27,0
DA:37,0
DA:44,0
DA:45,0
DA:47,0
DA:48,0
DA:50,0
DA:54,0
DA:55,0
DA:57,0
DA:58,0
DA:59,0
DA:60,0
DA:70,0
DA:77,0
DA:78,0
DA:80,0
DA:81,0
DA:83,0
DA:87,0
DA:88,0
DA:89,0
DA:90,0
DA:96,0
DA:97,0
DA:99,0
DA:101,0
DA:105,0
DA:106,0
DA:107,0
DA:108,0
DA:109,0
DA:111,0
DA:113,0
DA:117,0
DA:118,0
DA:119,0
DA:123,0
DA:124,0
DA:126,0
DA:128,0
DA:132,0
DA:133,0
DA:134,0
DA:135,0
DA:137,0
DA:141,0
LF:60
LH:0
BRDA:16,0,0,0
BRDA:16,0,1,0
BRDA:25,1,0,0
BRDA:25,1,1,0
BRDA:25,2,0,0
BRDA:25,2,1,0
BRDA:44,3,0,0
BRDA:44,3,1,0
BRDA:58,4,0,0
BRDA:58,4,1,0
BRDA:58,5,0,0
BRDA:58,5,1,0
BRDA:77,6,0,0
BRDA:77,6,1,0
BRDA:96,7,0,0
BRDA:96,7,1,0
BRDA:108,8,0,0
BRDA:108,8,1,0
BRDA:123,9,0,0
BRDA:123,9,1,0
BRF:20
BRH:0
end_of_record
TN:
SF:controllers\auditController.js
FN:5,(anonymous_0)
FN:14,(anonymous_1)
FN:23,(anonymous_2)
FN:32,(anonymous_3)
FN:44,(anonymous_4)
FN:60,(anonymous_5)
FN:72,(anonymous_6)
FN:85,(anonymous_7)
FNF:8
FNH:0
FNDA:0,(anonymous_0)
FNDA:0,(anonymous_1)
FNDA:0,(anonymous_2)
FNDA:0,(anonymous_3)
FNDA:0,(anonymous_4)
FNDA:0,(anonymous_5)
FNDA:0,(anonymous_6)
FNDA:0,(anonymous_7)
DA:1,0
DA:2,0
DA:3,0
DA:5,0
DA:6,0
DA:7,0
DA:8,0
DA:10,0
DA:14,0
DA:15,0
DA:16,0
DA:17,0
DA:19,0
DA:23,0
DA:24,0
DA:25,0
DA:26,0
DA:28,0
DA:32,0
DA:33,0
DA:34,0
DA:35,0
DA:36,0
DA:38,0
DA:40,0
DA:44,0
DA:45,0
DA:46,0
DA:47,0
DA:48,0
DA:50,0
DA:51,0
DA:52,0
DA:54,0
DA:56,0
DA:60,0
DA:61,0
DA:62,0
DA:63,0
DA:64,0
DA:66,0
DA:68,0
DA:72,0
DA:73,0
DA:74,0
DA:75,0
DA:76,0
DA:78,0
DA:79,0
DA:81,0
DA:85,0
DA:86,0
DA:87,0
DA:88,0
DA:93,0
DA:95,0
DA:99,0
LF:57
LH:0
BRDA:35,0,0,0
BRDA:35,0,1,0
BRDA:46,1,0,0
BRDA:46,1,1,0
BRDA:47,2,0,0
BRDA:47,2,1,0
BRDA:47,3,0,0
BRDA:47,3,1,0
BRDA:51,4,0,0
BRDA:51,4,1,0
BRDA:63,5,0,0
BRDA:63,5,1,0
BRDA:74,6,0,0
BRDA:74,6,1,0
BRDA:75,7,0,0
BRDA:75,7,1,0
BRF:16
BRH:0
end_of_record
TN:
SF:controllers\authController.js
FN:5,(anonymous_0)
FN:55,(anonymous_1)
FN:94,(anonymous_2)
FN:104,(anonymous_3)
FN:147,(anonymous_4)
FN:155,(anonymous_5)
FNF:6
FNH:2
FNDA:1,(anonymous_0)
FNDA:0,(anonymous_1)
FNDA:0,(anonymous_2)
FNDA:4,(anonymous_3)
FNDA:0,(anonymous_4)
FNDA:0,(anonymous_5)
DA:1,1
DA:2,1
DA:3,1
DA:5,1
DA:6,1
DA:7,1
DA:8,1
DA:9,1
DA:10,1
DA:12,0
DA:13,0
DA:14,0
DA:16,0
DA:17,0
DA:19,0
DA:20,0
DA:21,0
DA:24,0
DA:25,0
DA:27,0
DA:28,0
DA:29,0
DA:32,0
DA:33,0
DA:34,0
DA:35,0
DA:41,0
DA:42,0
DA:51,0
DA:55,1
DA:56,0
DA:57,0
DA:58,0
DA:59,0
DA:61,0
DA:62,0
DA:66,0
DA:67,0
DA:69,0
DA:70,0
DA:72,0
DA:73,0
DA:74,0
DA:75,0
DA:84,0
DA:85,0
DA:87,0
DA:88,0
DA:90,0
DA:94,1
DA:95,0
DA:101,0
DA:104,1
DA:105,4
DA:106,4
DA:107,4
DA:108,4
DA:110,4
DA:111,2
DA:114,2
DA:115,1
DA:121,1
DA:122,1
DA:123,0
DA:125,1
DA:135,1
DA:136,1
DA:137,1
DA:143,0
DA:147,1
DA:148,0
DA:149,0
DA:151,0
DA:155,1
DA:156,0
DA:157,0
DA:158,0
DA:162,0
DA:164,0
DA:168,1
LF:80
LH:29
BRDA:9,0,0,1
BRDA:9,0,1,0
BRDA:12,1,0,0
BRDA:12,1,1,0
BRDA:13,2,0,0
BRDA:13,2,1,0
BRDA:16,3,0,0
BRDA:16,3,1,0
BRDA:20,4,0,0
BRDA:20,4,1,0
BRDA:24,5,0,0
BRDA:24,5,1,0
BRDA:28,6,0,0
BRDA:28,6,1,0
BRDA:47,7,0,0
BRDA:47,7,1,0
BRDA:58,8,0,0
BRDA:58,8,1,0
BRDA:66,9,0,0
BRDA:66,9,1,0
BRDA:69,10,0,0
BRDA:69,10,1,0
BRDA:69,11,0,0
BRDA:69,11,1,0
BRDA:74,12,0,0
BRDA:74,12,1,0
BRDA:80,13,0,0
BRDA:80,13,1,0
BRDA:84,14,0,0
BRDA:84,14,1,0
BRDA:87,15,0,0
BRDA:87,15,1,0
BRDA:107,16,0,3
BRDA:107,16,1,1
BRDA:108,17,0,0
BRDA:108,17,1,4
BRDA:110,18,0,2
BRDA:110,18,1,2
BRDA:114,19,0,1
BRDA:114,19,1,1
BRDA:122,20,0,0
BRDA:122,20,1,1
BRF:42
BRH:9
end_of_record
TN:
SF:controllers\exportController.js
FN:4,(anonymous_0)
FN:18,(anonymous_1)
FN:36,(anonymous_2)
FN:47,(anonymous_3)
FN:58,(anonymous_4)
FNF:5
FNH:0
FNDA:0,(anonymous_0)
FNDA:0,(anonymous_1)
FNDA:0,(anonymous_2)
FNDA:0,(anonymous_3)
FNDA:0,(anonymous_4)
DA:1,0
DA:2,0
DA:4,0
DA:5,0
DA:6,0
DA:7,0
DA:8,0
DA:10,0
DA:11,0
DA:12,0
DA:14,0
DA:18,0
DA:19,0
DA:20,0
DA:21,0
DA:22,0
DA:24,0
DA:25,0
DA:26,0
DA:28,0
DA:29,0
DA:30,0
DA:32,0
DA:36,0
DA:37,0
DA:38,0
DA:39,0
DA:40,0
DA:41,0
DA:43,0
DA:47,0
DA:48,0
DA:49,0
DA:50,0
DA:51,0
DA:52,0
DA:54,0
DA:58,0
DA:59,0
DA:60,0
DA:61,0
DA:62,0
DA:63,0
DA:65,0
DA:69,0
LF:45
LH:0
BRDA:7,0,0,0
BRDA:7,0,1,0
BRDA:21,1,0,0
BRDA:21,1,1,0
BRDA:21,2,0,0
BRDA:21,2,1,0
BRDA:25,3,0,0
BRDA:25,3,1,0
BRF:8
BRH:0
end_of_record
TN:
SF:controllers\questionController.js
FN:7,(anonymous_0)
FN:49,(anonymous_1)
FN:62,(anonymous_2)
FN:75,(anonymous_3)
FN:99,(anonymous_4)
FN:122,(anonymous_5)
FN:134,(anonymous_6)
FN:146,(anonymous_7)
FN:158,(anonymous_8)
FN:167,(anonymous_9)
FN:178,(anonymous_10)
FN:190,(anonymous_11)
FN:209,(anonymous_12)
FN:226,(anonymous_13)
FN:235,(anonymous_14)
FN:244,(anonymous_15)
FNF:16
FNH:0
FNDA:0,(anonymous_0)
FNDA:0,(anonymous_1)
FNDA:0,(anonymous_2)
FNDA:0,(anonymous_3)
FNDA:0,(anonymous_4)
FNDA:0,(anonymous_5)
FNDA:0,(anonymous_6)
FNDA:0,(anonymous_7)
FNDA:0,(anonymous_8)
FNDA:0,(anonymous_9)
FNDA:0,(anonymous_10)
FNDA:0,(anonymous_11)
FNDA:0,(anonymous_12)
FNDA:0,(anonymous_13)
FNDA:0,(anonymous_14)
FNDA:0,(anonymous_15)
DA:1,0
DA:2,0
DA:3,0
DA:4,0
DA:5,0
DA:7,0
DA:8,0
DA:10,0
DA:11,0
DA:12,0
DA:18,0
DA:19,0
DA:25,0
DA:26,0
DA:27,0
DA:32,0
DA:40,0
DA:41,0
DA:42,0
DA:43,0
DA:45,0
DA:49,0
DA:50,0
DA:52,0
DA:53,0
DA:54,0
DA:55,0
DA:56,0
DA:57,0
DA:59,0
DA:61,0
DA:62,0
DA:63,0
DA:64,0
DA:65,0
DA:66,0
DA:69,0
DA:71,0
DA:75,0
DA:76,0
DA:77,0
DA:82,0
DA:83,0
DA:85,0
DA:86,0
DA:87,0
DA:89,0
DA:90,0
DA:93,0
DA:95,0
DA:99,0
DA:100,0
DA:101,0
DA:112,0
DA:113,0
DA:115,0
DA:116,0
DA:118,0
DA:122,0
DA:123,0
DA:124,0
DA:125,0
DA:126,0
DA:128,0
DA:130,0
DA:134,0
DA:135,0
DA:136,0
DA:137,0
DA:138,0
DA:140,0
DA:142,0
DA:146,0
DA:147,0
DA:148,0
DA:149,0
DA:150,0
DA:152,0
DA:154,0
DA:158,0
DA:159,0
DA:160,0
DA:161,0
DA:163,0
DA:167,0
DA:168,0
DA:169,0
DA:170,0
DA:171,0
DA:173,0
DA:175,0
DA:178,0
DA:179,0
DA:180,0
DA:181,0
DA:182,0
DA:184,0
DA:186,0
DA:190,0
DA:191,0
DA:192,0
DA:193,0
DA:198,0
DA:199,0
DA:203,0
DA:205,0
DA:209,0
DA:210,0
DA:211,0
DA:217,0
DA:218,0
DA:220,0
DA:222,0
DA:226,0
DA:227,0
DA:228,0
DA:229,0
DA:231,0
DA:235,0
DA:236,0
DA:237,0
DA:238,0
DA:240,0
DA:244,0
DA:245,0
DA:246,0
DA:247,0
DA:248,0
DA:250,0
DA:251,0
DA:261,0
DA:265,0
LF:132
LH:0
BRDA:10,0,0,0
BRDA:10,0,1,0
BRDA:18,1,0,0
BRDA:18,1,1,0
BRDA:25,2,0,0
BRDA:25,2,1,0
BRDA:26,3,0,0
BRDA:26,3,1,0
BRDA:40,4,0,0
BRDA:40,4,1,0
BRDA:52,5,0,0
BRDA:52,5,1,0
BRDA:54,6,0,0
BRDA:54,6,1,0
BRDA:56,7,0,0
BRDA:56,7,1,0
BRDA:61,8,0,0
BRDA:61,8,1,0
BRDA:61,9,0,0
BRDA:61,9,1,0
BRDA:64,10,0,0
BRDA:64,10,1,0
BRDA:65,11,0,0
BRDA:65,11,1,0
BRDA:82,12,0,0
BRDA:82,12,1,0
BRDA:85,13,0,0
BRDA:85,13,1,0
BRDA:86,14,0,0
BRDA:86,14,1,0
BRDA:89,15,0,0
BRDA:89,15,1,0
BRDA:112,16,0,0
BRDA:112,16,1,0
BRDA:125,17,0,0
BRDA:125,17,1,0
BRDA:137,18,0,0
BRDA:137,18,1,0
BRDA:149,19,0,0
BRDA:149,19,1,0
BRDA:170,20,0,0
BRDA:170,20,1,0
BRDA:181,21,0,0
BRDA:181,21,1,0
BRDA:195,22,0,0
BRDA:195,22,1,0
BRDA:198,23,0,0
BRDA:198,23,1,0
BRDA:217,24,0,0
BRDA:217,24,1,0
BRDA:247,25,0,0
BRDA:247,25,1,0
BRDA:247,26,0,0
BRDA:247,26,1,0
BRDA:247,26,2,0
BRF:55
BRH:0
end_of_record
TN:
SF:controllers\reportController.js
FN:4,(anonymous_0)
FN:17,(anonymous_1)
FNF:2
FNH:0
FNDA:0,(anonymous_0)
FNDA:0,(anonymous_1)
DA:1,0
DA:2,0
DA:4,0
DA:5,0
DA:6,0
DA:11,0
DA:13,0
DA:17,0
DA:18,0
DA:19,0
DA:20,0
DA:21,0
DA:23,0
DA:24,0
DA:28,0
DA:30,0
DA:34,0
LF:17
LH:0
BRDA:20,0,0,0
BRDA:20,0,1,0
BRF:2
BRH:0
end_of_record
TN:
SF:controllers\timeWindowController.js
FN:3,(anonymous_0)
FN:15,(anonymous_1)
FN:33,(anonymous_2)
FN:53,(anonymous_3)
FNF:4
FNH:0
FNDA:0,(anonymous_0)
FNDA:0,(anonymous_1)
FNDA:0,(anonymous_2)
FNDA:0,(anonymous_3)
DA:1,0
DA:3,0
DA:4,0
DA:5,0
DA:9,0
DA:11,0
DA:15,0
DA:16,0
DA:17,0
DA:18,0
DA:19,0
DA:21,0
DA:27,0
DA:29,0
DA:33,0
DA:34,0
DA:35,0
DA:36,0
DA:37,0
DA:38,0
DA:40,0
DA:41,0
DA:42,0
DA:43,0
DA:44,0
DA:46,0
DA:47,0
DA:49,0
DA:53,0
DA:54,0
DA:55,0
DA:56,0
DA:57,0
DA:59,0
DA:61,0
DA:65,0
LF:36
LH:0
BRDA:18,0,0,0
BRDA:18,0,1,0
BRDA:37,1,0,0
BRDA:37,1,1,0
BRDA:40,2,0,0
BRDA:40,2,1,0
BRDA:41,3,0,0
BRDA:41,3,1,0
BRDA:42,4,0,0
BRDA:42,4,1,0
BRDA:43,5,0,0
BRDA:43,5,1,0
BRDA:56,6,0,0
BRDA:56,6,1,0
BRF:14
BRH:0
end_of_record
TN:
SF:controllers\userController.js
FN:7,(anonymous_0)
FN:22,(anonymous_1)
FN:54,(anonymous_2)
FN:67,(anonymous_3)
FN:82,(anonymous_4)
FN:114,(anonymous_5)
FN:129,(anonymous_6)
FN:158,(anonymous_7)
FN:195,(anonymous_8)
FN:240,(anonymous_9)
FNF:10
FNH:0
FNDA:0,(anonymous_0)
FNDA:0,(anonymous_1)
FNDA:0,(anonymous_2)
FNDA:0,(anonymous_3)
FNDA:0,(anonymous_4)
FNDA:0,(anonymous_5)
FNDA:0,(anonymous_6)
FNDA:0,(anonymous_7)
FNDA:0,(anonymous_8)
FNDA:0,(anonymous_9)
DA:1,0
DA:2,0
DA:3,0
DA:4,0
DA:5,0
DA:7,0
DA:8,0
DA:9,0
DA:16,0
DA:18,0
DA:22,0
DA:23,0
DA:24,0
DA:25,0
DA:26,0
DA:27,0
DA:29,0
DA:36,0
DA:39,0
DA:40,0
DA:41,0
DA:43,0
DA:47,0
DA:48,0
DA:50,0
DA:54,0
DA:55,0
DA:56,0
DA:57,0
DA:61,0
DA:63,0
DA:67,0
DA:68,0
DA:69,0
DA:76,0
DA:78,0
DA:82,0
DA:83,0
DA:84,0
DA:85,0
DA:86,0
DA:87,0
DA:89,0
DA:96,0
DA:99,0
DA:100,0
DA:101,0
DA:103,0
DA:107,0
DA:108,0
DA:110,0
DA:114,0
DA:115,0
DA:116,0
DA:123,0
DA:125,0
DA:129,0
DA:130,0
DA:131,0
DA:132,0
DA:133,0
DA:134,0
DA:136,0
DA:143,0
DA:144,0
DA:145,0
DA:146,0
DA:148,0
DA:151,0
DA:152,0
DA:154,0
DA:158,0
DA:159,0
DA:160,0
DA:165,0
DA:166,0
DA:168,0
DA:169,0
DA:171,0
DA:172,0
DA:173,0
DA:174,0
DA:177,0
DA:178,0
DA:179,0
DA:183,0
DA:187,0
DA:188,0
DA:189,0
DA:191,0
DA:195,0
DA:196,0
DA:197,0
DA:198,0
DA:199,0
DA:204,0
DA:209,0
DA:210,0
DA:212,0
DA:213,0
DA:215,0
DA:216,0
DA:217,0
DA:218,0
DA:221,0
DA:222,0
DA:223,0
DA:228,0
DA:232,0
DA:233,0
DA:234,0
DA:236,0
DA:240,0
DA:241,0
DA:242,0
DA:251,0
DA:253,0
DA:257,0
LF:118
LH:0
BRDA:26,0,0,0
BRDA:26,0,1,0
BRDA:32,1,0,0
BRDA:32,1,1,0
BRDA:39,2,0,0
BRDA:39,2,1,0
BRDA:86,3,0,0
BRDA:86,3,1,0
BRDA:99,4,0,0
BRDA:99,4,1,0
BRDA:133,5,0,0
BRDA:133,5,1,0
BRDA:144,6,0,0
BRDA:144,6,1,0
BRDA:165,7,0,0
BRDA:165,7,1,0
BRDA:168,8,0,0
BRDA:168,8,1,0
BRDA:168,9,0,0
BRDA:168,9,1,0
BRDA:177,10,0,0
BRDA:177,10,1,0
BRDA:197,11,0,0
BRDA:197,11,1,0
BRDA:198,12,0,0
BRDA:198,12,1,0
BRDA:198,13,0,0
BRDA:198,13,1,0
BRDA:209,14,0,0
BRDA:209,14,1,0
BRDA:212,15,0,0
BRDA:212,15,1,0
BRDA:221,16,0,0
BRDA:221,16,1,0
BRF:34
BRH:0
end_of_record
TN:
SF:middleware\auth.js
FN:5,(anonymous_0)
FN:33,(anonymous_1)
FN:34,(anonymous_2)
FNF:3
FNH:0
FNDA:0,(anonymous_0)
FNDA:0,(anonymous_1)
FNDA:0,(anonymous_2)
DA:1,1
DA:2,1
DA:3,1
DA:5,1
DA:6,0
DA:7,0
DA:8,0
DA:9,0
DA:10,0
DA:12,0
DA:13,0
DA:17,0
DA:18,0
DA:20,0
DA:21,0
DA:23,0
DA:24,0
DA:26,0
DA:27,0
DA:29,0
DA:33,1
DA:34,0
DA:35,0
DA:36,0
DA:38,0
DA:39,0
DA:41,0
DA:45,1
LF:28
LH:6
BRDA:8,0,0,0
BRDA:8,0,1,0
BRDA:9,1,0,0
BRDA:9,1,1,0
BRDA:17,2,0,0
BRDA:17,2,1,0
BRDA:20,3,0,0
BRDA:20,3,1,0
BRDA:20,4,0,0
BRDA:20,4,1,0
BRDA:26,5,0,0
BRDA:26,5,1,0
BRDA:35,6,0,0
BRDA:35,6,1,0
BRDA:38,7,0,0
BRDA:38,7,1,0
BRF:16
BRH:0
end_of_record
TN:
SF:middleware\errorHandler.js
FN:1,(anonymous_0)
FNF:1
FNH:0
FNDA:0,(anonymous_0)
DA:1,1
DA:2,0
DA:3,0
DA:4,0
DA:5,0
DA:12,1
LF:6
LH:2
BRDA:3,0,0,0
BRDA:3,0,1,0
BRDA:4,1,0,0
BRDA:4,1,1,0
BRDA:8,2,0,0
BRDA:8,2,1,0
BRF:6
BRH:0
end_of_record
TN:
SF:middleware\superAdminRoute.js
FN:5,(anonymous_0)
FN:16,(anonymous_1)
FNF:2
FNH:0
FNDA:0,(anonymous_0)
FNDA:0,(anonymous_1)
DA:1,0
DA:3,0
DA:5,0
DA:6,0
DA:7,0
DA:8,0
DA:10,0
DA:11,0
DA:13,0
DA:16,0
DA:17,0
DA:18,0
DA:19,0
DA:21,0
DA:24,0
LF:15
LH:0
BRDA:3,0,0,0
BRDA:3,0,1,0
BRDA:6,1,0,0
BRDA:6,1,1,0
BRDA:7,2,0,0
BRDA:7,2,1,0
BRDA:10,3,0,0
BRDA:10,3,1,0
BRDA:10,4,0,0
BRDA:10,4,1,0
BRDA:17,5,0,0
BRDA:17,5,1,0
BRDA:18,6,0,0
BRDA:18,6,1,0
BRF:14
BRH:0
end_of_record
TN:
SF:middleware\upload.js
FN:7,(anonymous_0)
FN:10,(anonymous_1)
FN:19,(anonymous_2)
FNF:3
FNH:0
FNDA:0,(anonymous_0)
FNDA:0,(anonymous_1)
FNDA:0,(anonymous_2)
DA:1,0
DA:2,0
DA:3,0
DA:6,0
DA:8,0
DA:12,0
DA:13,0
DA:14,0
DA:19,0
DA:21,0
DA:31,0
DA:32,0
DA:34,0
DA:39,0
DA:48,0
LF:15
LH:0
BRDA:31,0,0,0
BRDA:31,0,1,0
BRF:2
BRH:0
end_of_record
TN:
SF:middleware\validate.js
FN:3,(anonymous_0)
FN:9,(anonymous_1)
FNF:2
FNH:2
FNDA:6,(anonymous_0)
FNDA:1,(anonymous_1)
DA:1,1
DA:3,1
DA:4,6
DA:5,6
DA:6,1
DA:9,1
DA:12,5
DA:15,1
LF:8
LH:8
BRDA:5,0,0,1
BRDA:5,0,1,5
BRF:2
BRH:2
end_of_record
TN:
SF:services\activityLogService.js
FN:4,(anonymous_0)
FN:17,(anonymous_1)
FN:26,(anonymous_2)
FN:35,(anonymous_3)
FN:44,(anonymous_4)
FN:53,(anonymous_5)
FN:62,(anonymous_6)
FN:71,(anonymous_7)
FN:80,(anonymous_8)
FN:89,(anonymous_9)
FN:98,(anonymous_10)
FN:107,(anonymous_11)
FN:116,(anonymous_12)
FN:125,(anonymous_13)
FN:134,(anonymous_14)
FNF:15
FNH:0
FNDA:0,(anonymous_0)
FNDA:0,(anonymous_1)
FNDA:0,(anonymous_2)
FNDA:0,(anonymous_3)
FNDA:0,(anonymous_4)
FNDA:0,(anonymous_5)
FNDA:0,(anonymous_6)
FNDA:0,(anonymous_7)
FNDA:0,(anonymous_8)
FNDA:0,(anonymous_9)
FNDA:0,(anonymous_10)
FNDA:0,(anonymous_11)
FNDA:0,(anonymous_12)
FNDA:0,(anonymous_13)
FNDA:0,(anonymous_14)
DA:1,0
DA:2,0
DA:4,0
DA:5,0
DA:13,0
DA:14,0
DA:17,0
DA:18,0
DA:26,0
DA:27,0
DA:35,0
DA:36,0
DA:44,0
DA:45,0
DA:53,0
DA:54,0
DA:62,0
DA:63,0
DA:71,0
DA:72,0
DA:80,0
DA:81,0
DA:89,0
DA:90,0
DA:98,0
DA:99,0
DA:107,0
DA:108,0
DA:116,0
DA:117,0
DA:125,0
DA:126,0
DA:134,0
DA:135,0
DA:143,0
LF:35
LH:0
BRDA:10,0,0,0
BRDA:10,0,1,0
BRDA:11,1,0,0
BRDA:11,1,1,0
BRF:4
BRH:0
end_of_record
TN:
SF:services\answerService.js
FN:8,(anonymous_0)
FN:36,(anonymous_1)
FN:68,(anonymous_2)
FN:112,(anonymous_3)
FN:128,(anonymous_4)
FN:138,(anonymous_5)
FN:145,(anonymous_6)
FN:156,(anonymous_7)
FNF:8
FNH:0
FNDA:0,(anonymous_0)
FNDA:0,(anonymous_1)
FNDA:0,(anonymous_2)
FNDA:0,(anonymous_3)
FNDA:0,(anonymous_4)
FNDA:0,(anonymous_5)
FNDA:0,(anonymous_6)
FNDA:0,(anonymous_7)
DA:1,0
DA:2,0
DA:3,0
DA:4,0
DA:5,0
DA:6,0
DA:8,0
DA:9,0
DA:15,0
DA:16,0
DA:21,0
DA:22,0
DA:24,0
DA:31,0
DA:32,0
DA:33,0
DA:36,0
DA:37,0
DA:42,0
DA:43,0
DA:44,0
DA:46,0
DA:47,0
DA:49,0
DA:54,0
DA:56,0
DA:57,0
DA:59,0
DA:60,0
DA:61,0
DA:62,0
DA:65,0
DA:68,0
DA:69,0
DA:73,0
DA:74,0
DA:75,0
DA:76,0
DA:78,0
DA:79,0
DA:81,0
DA:86,0
DA:87,0
DA:89,0
DA:90,0
DA:93,0
DA:97,0
DA:98,0
DA:99,0
DA:100,0
DA:102,0
DA:104,0
DA:105,0
DA:109,0
DA:112,0
DA:113,0
DA:121,0
DA:122,0
DA:128,0
DA:129,0
DA:138,0
DA:139,0
DA:145,0
DA:146,0
DA:156,0
DA:157,0
DA:163,0
DA:166,0
DA:167,0
DA:169,0
DA:172,0
LF:71
LH:0
BRDA:8,0,0,0
BRDA:15,1,0,0
BRDA:15,1,1,0
BRDA:21,2,0,0
BRDA:21,2,1,0
BRDA:36,3,0,0
BRDA:42,4,0,0
BRDA:42,4,1,0
BRDA:43,5,0,0
BRDA:43,5,1,0
BRDA:46,6,0,0
BRDA:46,6,1,0
BRDA:56,7,0,0
BRDA:56,7,1,0
BRDA:56,8,0,0
BRDA:56,8,1,0
BRDA:68,9,0,0
BRDA:73,10,0,0
BRDA:73,10,1,0
BRDA:74,11,0,0
BRDA:74,11,1,0
BRDA:75,12,0,0
BRDA:75,12,1,0
BRDA:78,13,0,0
BRDA:78,13,1,0
BRDA:86,14,0,0
BRDA:86,14,1,0
BRDA:97,15,0,0
BRDA:97,15,1,0
BRDA:99,16,0,0
BRDA:99,16,1,0
BRDA:104,17,0,0
BRDA:104,17,1,0
BRDA:104,17,2,0
BRDA:107,18,0,0
BRDA:107,18,1,0
BRDA:121,19,0,0
BRDA:121,19,1,0
BRDA:163,20,0,0
BRDA:163,20,1,0
BRF:40
BRH:0
end_of_record
TN:
SF:services\auditService.js
FN:6,(anonymous_0)
FN:10,(anonymous_1)
FN:22,(anonymous_2)
FN:33,(anonymous_3)
FN:43,(anonymous_4)
FN:73,(anonymous_5)
FN:103,(anonymous_6)
FN:133,(anonymous_7)
FNF:8
FNH:0
FNDA:0,(anonymous_0)
FNDA:0,(anonymous_1)
FNDA:0,(anonymous_2)
FNDA:0,(anonymous_3)
FNDA:0,(anonymous_4)
FNDA:0,(anonymous_5)
FNDA:0,(anonymous_6)
FNDA:0,(anonymous_7)
DA:1,0
DA:2,0
DA:3,0
DA:4,0
DA:6,0
DA:7,0
DA:10,0
DA:11,0
DA:12,0
DA:22,0
DA:23,0
DA:33,0
DA:34,0
DA:43,0
DA:44,0
DA:50,0
DA:51,0
DA:52,0
DA:53,0
DA:54,0
DA:59,0
DA:60,0
DA:67,0
DA:68,0
DA:70,0
DA:73,0
DA:74,0
DA:80,0
DA:81,0
DA:82,0
DA:83,0
DA:84,0
DA:89,0
DA:90,0
DA:97,0
DA:98,0
DA:100,0
DA:103,0
DA:104,0
DA:110,0
DA:111,0
DA:112,0
DA:113,0
DA:114,0
DA:119,0
DA:120,0
DA:127,0
DA:128,0
DA:130,0
DA:133,0
DA:134,0
DA:135,0
DA:136,0
DA:142,0
DA:143,0
DA:144,0
DA:145,0
DA:146,0
DA:151,0
DA:152,0
DA:159,0
DA:160,0
DA:161,0
DA:163,0
DA:164,0
DA:165,0
DA:168,0
DA:171,0
LF:68
LH:0
BRDA:11,0,0,0
BRDA:11,0,1,0
BRDA:50,1,0,0
BRDA:50,1,1,0
BRDA:57,2,0,0
BRDA:57,2,1,0
BRDA:65,3,0,0
BRDA:65,3,1,0
BRDA:67,4,0,0
BRDA:67,4,1,0
BRDA:80,5,0,0
BRDA:80,5,1,0
BRDA:87,6,0,0
BRDA:87,6,1,0
BRDA:95,7,0,0
BRDA:95,7,1,0
BRDA:97,8,0,0
BRDA:97,8,1,0
BRDA:98,9,0,0
BRDA:98,9,1,0
BRDA:110,10,0,0
BRDA:110,10,1,0
BRDA:117,11,0,0
BRDA:117,11,1,0
BRDA:125,12,0,0
BRDA:125,12,1,0
BRDA:127,13,0,0
BRDA:127,13,1,0
BRDA:142,14,0,0
BRDA:142,14,1,0
BRDA:160,15,0,0
BRDA:160,15,1,0
BRF:32
BRH:0
end_of_record
TN:
SF:services\questionService.js
FN:6,(anonymous_0)
FN:26,(anonymous_1)
FN:58,(anonymous_2)
FN:72,(anonymous_3)
FN:83,(anonymous_4)
FN:93,(anonymous_5)
FN:101,(anonymous_6)
FN:123,(anonymous_7)
FN:150,(anonymous_8)
FN:167,(anonymous_9)
FN:182,(anonymous_10)
FN:198,(anonymous_11)
FN:212,(anonymous_12)
FN:239,(anonymous_13)
FN:291,(anonymous_14)
FN:298,(anonymous_15)
FN:311,(anonymous_16)
FNF:17
FNH:0
FNDA:0,(anonymous_0)
FNDA:0,(anonymous_1)
FNDA:0,(anonymous_2)
FNDA:0,(anonymous_3)
FNDA:0,(anonymous_4)
FNDA:0,(anonymous_5)
FNDA:0,(anonymous_6)
FNDA:0,(anonymous_7)
FNDA:0,(anonymous_8)
FNDA:0,(anonymous_9)
FNDA:0,(anonymous_10)
FNDA:0,(anonymous_11)
FNDA:0,(anonymous_12)
FNDA:0,(anonymous_13)
FNDA:0,(anonymous_14)
FNDA:0,(anonymous_15)
FNDA:0,(anonymous_16)
DA:1,0
DA:2,0
DA:3,0
DA:4,0
DA:6,0
DA:7,0
DA:18,0
DA:19,0
DA:23,0
DA:26,0
DA:27,0
DA:37,0
DA:38,0
DA:42,0
DA:48,0
DA:49,0
DA:55,0
DA:58,0
DA:59,0
DA:72,0
DA:73,0
DA:83,0
DA:84,0
DA:93,0
DA:94,0
DA:95,0
DA:96,0
DA:97,0
DA:98,0
DA:101,0
DA:102,0
DA:111,0
DA:112,0
DA:113,0
DA:114,0
DA:115,0
DA:116,0
DA:117,0
DA:118,0
DA:119,0
DA:120,0
DA:123,0
DA:124,0
DA:133,0
DA:134,0
DA:135,0
DA:136,0
DA:137,0
DA:138,0
DA:139,0
DA:147,0
DA:150,0
DA:151,0
DA:160,0
DA:161,0
DA:162,0
DA:163,0
DA:164,0
DA:167,0
DA:168,0
DA:176,0
DA:177,0
DA:178,0
DA:179,0
DA:182,0
DA:183,0
DA:191,0
DA:192,0
DA:193,0
DA:194,0
DA:195,0
DA:198,0
DA:199,0
DA:212,0
DA:213,0
DA:222,0
DA:223,0
DA:224,0
DA:225,0
DA:226,0
DA:227,0
DA:228,0
DA:229,0
DA:230,0
DA:236,0
DA:239,0
DA:240,0
DA:245,0
DA:246,0
DA:252,0
DA:253,0
DA:254,0
DA:255,0
DA:256,0
DA:263,0
DA:264,0
DA:274,0
DA:275,0
DA:281,0
DA:282,0
DA:288,0
DA:291,0
DA:292,0
DA:298,0
DA:299,0
DA:300,0
DA:311,0
DA:312,0
DA:319,0
LF:109
LH:0
BRDA:14,0,0,0
BRDA:14,0,1,0
BRDA:15,1,0,0
BRDA:15,1,1,0
BRDA:33,2,0,0
BRDA:33,2,1,0
BRDA:34,3,0,0
BRDA:34,3,1,0
BRDA:93,4,0,0
BRDA:95,5,0,0
BRDA:95,5,1,0
BRDA:96,6,0,0
BRDA:96,6,1,0
BRDA:97,7,0,0
BRDA:97,7,1,0
BRDA:111,8,0,0
BRDA:111,8,1,0
BRDA:113,9,0,0
BRDA:113,9,1,0
BRDA:114,10,0,0
BRDA:114,10,1,0
BRDA:115,11,0,0
BRDA:115,11,1,0
BRDA:116,12,0,0
BRDA:116,12,1,0
BRDA:117,13,0,0
BRDA:117,13,1,0
BRDA:133,14,0,0
BRDA:133,14,1,0
BRDA:138,15,0,0
BRDA:138,15,1,0
BRDA:144,16,0,0
BRDA:144,16,1,0
BRDA:160,17,0,0
BRDA:160,17,1,0
BRDA:176,18,0,0
BRDA:176,18,1,0
BRDA:191,19,0,0
BRDA:191,19,1,0
BRDA:222,20,0,0
BRDA:222,20,1,0
BRDA:229,21,0,0
BRDA:229,21,1,0
BRDA:245,22,0,0
BRDA:245,22,1,0
BRDA:253,23,0,0
BRDA:253,23,1,0
BRDA:254,24,0,0
BRDA:254,24,1,0
BRDA:255,25,0,0
BRDA:255,25,1,0
BRDA:258,26,0,0
BRDA:258,26,1,0
BRDA:259,27,0,0
BRDA:259,27,1,0
BRDA:260,28,0,0
BRDA:260,28,1,0
BRDA:274,29,0,0
BRDA:274,29,1,0
BRDA:281,30,0,0
BRDA:281,30,1,0
BRDA:299,31,0,0
BRDA:299,31,1,0
BRF:63
BRH:0
end_of_record
